Log file open, 12/31/22 20:57:00
LogWindows: Failed to load 'aqProf.dll' (GetLastError=126)
LogWindows: File 'aqProf.dll' does not exist
LogWindows: Failed to load 'VtuneApi.dll' (GetLastError=126)
LogWindows: File 'VtuneApi.dll' does not exist
LogWindows: Failed to load 'VtuneApi32e.dll' (GetLastError=126)
LogWindows: File 'VtuneApi32e.dll' does not exist
LogConsoleResponse: Display: Failed to find resolution value strings in scalability ini. Falling back to default.
LogConsoleResponse: Display: Failed to find resolution value strings in scalability ini. Falling back to default.
LogInit: Display: Running engine for game: EnhancedCityBuilder
LogPlatformFile: Not using cached read wrapper
LogTaskGraph: Started task graph with 5 named threads and 47 total threads with 3 sets of task threads.
LogStats: Stats thread started at 0.462517
LogICUInternationalization: ICU TimeZone Detection - Raw Offset: +2:00, Platform Override: ''
LogInit: Display: Loading text-based GConfig....
LogPluginManager: Mounting plugin MeshPainting
LogPluginManager: Mounting plugin XGEController
LogPluginManager: Mounting plugin Paper2D
LogPluginManager: Mounting plugin EnvironmentQueryEditor
LogPluginManager: Mounting plugin LiveLink
LogPluginManager: Mounting plugin CameraShakePreviewer
LogPluginManager: Mounting plugin LightPropagationVolume
LogPluginManager: Mounting plugin AISupport
LogPluginManager: Mounting plugin OodleNetwork
LogPluginManager: Mounting plugin OodleData
LogPluginManager: Mounting plugin AssetManagerEditor
LogPluginManager: Mounting plugin GameplayCameras
LogPluginManager: Mounting plugin FacialAnimation
LogPluginManager: Mounting plugin DataValidation
LogPluginManager: Mounting plugin MacGraphicsSwitching
LogPluginManager: Mounting plugin GameplayTagsEditor
LogPluginManager: Mounting plugin MaterialAnalyzer
LogPluginManager: Mounting plugin MobileLauncherProfileWizard
LogPluginManager: Mounting plugin PluginBrowser
LogPluginManager: Mounting plugin SpeedTreeImporter
LogPluginManager: Mounting plugin CurveEditorTools
LogPluginManager: Mounting plugin CryptoKeys
LogPluginManager: Mounting plugin DatasmithContent
LogPluginManager: Mounting plugin AnimationSharing
LogPluginManager: Mounting plugin GeometryMode
LogPluginManager: Mounting plugin CodeLiteSourceCodeAccess
LogPluginManager: Mounting plugin GitSourceControl
LogPluginManager: Mounting plugin NullSourceCodeAccess
LogPluginManager: Mounting plugin VariantManagerContent
LogPluginManager: Mounting plugin PerforceSourceControl
LogPluginManager: Mounting plugin PluginUtils
LogPluginManager: Mounting plugin PropertyAccessNode
LogPluginManager: Mounting plugin RiderSourceCodeAccess
LogPluginManager: Mounting plugin SubversionSourceControl
LogPluginManager: Mounting plugin PixWinPlugin
LogPluginManager: Mounting plugin TextureFormatOodle
LogPluginManager: Mounting plugin PlasticSourceControl
LogPluginManager: Mounting plugin UObjectPlugin
LogPluginManager: Mounting plugin KDevelopSourceCodeAccess
LogPluginManager: Mounting plugin VisualStudioSourceCodeAccess
LogPluginManager: Mounting plugin XCodeSourceCodeAccess
LogPluginManager: Mounting plugin CLionSourceCodeAccess
LogPluginManager: Mounting plugin LuminPlatformFeatures
LogPluginManager: Mounting plugin AlembicImporter
LogPluginManager: Mounting plugin Niagara
LogPluginManager: Mounting plugin MagicLeapLightEstimation
LogPluginManager: Mounting plugin AutomationUtils
LogPluginManager: Mounting plugin BackChannel
LogPluginManager: Mounting plugin MagicLeapMedia
LogPluginManager: Mounting plugin MagicLeap
LogPluginManager: Mounting plugin MagicLeapPassableWorld
LogPluginManager: Mounting plugin ChaosCloth
LogPluginManager: Mounting plugin VisualStudioCodeSourceCodeAccess
LogPluginManager: Mounting plugin ChaosSolverPlugin
LogPluginManager: Mounting plugin ChaosEditor
LogPluginManager: Mounting plugin ChaosClothEditor
LogPluginManager: Mounting plugin MLSDK
LogPluginManager: Mounting plugin AndroidMedia
LogPluginManager: Mounting plugin AvfMedia
LogPluginManager: Mounting plugin MediaCompositing
LogPluginManager: Mounting plugin MediaPlayerEditor
LogPluginManager: Mounting plugin ImgMedia
LogPluginManager: Mounting plugin ChaosNiagara
LogPluginManager: Mounting plugin WebMMedia
LogPluginManager: Mounting plugin UdpMessaging
LogPluginManager: Mounting plugin TcpMessaging
LogPluginManager: Mounting plugin WmfMedia
LogPluginManager: Mounting plugin ActorSequence
LogPluginManager: Mounting plugin LevelSequenceEditor
LogPluginManager: Mounting plugin CharacterAI
LogPluginManager: Mounting plugin MatineeToLevelSequence
LogPluginManager: Mounting plugin TemplateSequence
LogPluginManager: Mounting plugin GeometryCache
LogPluginManager: Mounting plugin GeometryCollectionPlugin
LogPluginManager: Mounting plugin OnlineSubsystem
LogPluginManager: Mounting plugin OnlineSubsystemNull
LogPluginManager: Mounting plugin GeometryProcessing
LogPluginManager: Mounting plugin LauncherChunkInstaller
LogPluginManager: Mounting plugin OnlineSubsystemUtils
LogPluginManager: Mounting plugin MotoSynth
LogPluginManager: Mounting plugin OpenImageDenoise
LogPluginManager: Mounting plugin PlanarCut
LogPluginManager: Mounting plugin PlatformCrypto
LogPluginManager: Mounting plugin ProxyLODPlugin
LogPluginManager: Mounting plugin PythonScriptPlugin
LogPluginManager: Mounting plugin ActorLayerUtilities
LogPluginManager: Mounting plugin SkeletalReduction
LogPluginManager: Mounting plugin AndroidMoviePlayer
LogPluginManager: Mounting plugin AndroidDeviceProfileSelector
LogPluginManager: Mounting plugin AndroidPermission
LogPluginManager: Mounting plugin AppleImageUtils
LogPluginManager: Mounting plugin AppleMoviePlayer
LogPluginManager: Mounting plugin ArchVisCharacter
LogPluginManager: Mounting plugin AudioCapture
LogPluginManager: Mounting plugin AssetTags
LogPluginManager: Mounting plugin CableComponent
LogPluginManager: Mounting plugin CustomMeshComponent
LogPluginManager: Mounting plugin AudioSynesthesia
LogPluginManager: Mounting plugin ChunkDownloader
LogPluginManager: Mounting plugin EditableMesh
LogPluginManager: Mounting plugin GooglePAD
LogPluginManager: Mounting plugin ExampleDeviceProfileSelector
LogPluginManager: Mounting plugin GoogleCloudMessaging
LogPluginManager: Mounting plugin IOSDeviceProfileSelector
LogPluginManager: Mounting plugin LinuxDeviceProfileSelector
LogPluginManager: Mounting plugin LocationServicesBPLibrary
LogPluginManager: Mounting plugin MobilePatchingUtils
LogPluginManager: Mounting plugin OpenXREyeTracker
LogPluginManager: Mounting plugin OpenXR
LogPluginManager: Mounting plugin OpenXRHandTracking
LogPluginManager: Mounting plugin PhysXVehicles
LogPluginManager: Mounting plugin PostSplashScreen
LogPluginManager: Mounting plugin ProceduralMeshComponent
LogPluginManager: Mounting plugin RuntimePhysXCooking
LogPluginManager: Mounting plugin PropertyAccessEditor
LogPluginManager: Mounting plugin SignificanceManager
LogPluginManager: Mounting plugin SoundFields
LogPluginManager: Mounting plugin Synthesis
LogPluginManager: Mounting plugin Takes
LogPluginManager: Mounting plugin WindowsMoviePlayer
LogPluginManager: Mounting plugin WebMMoviePlayer
LogPluginManager: Mounting plugin ScreenshotTools
LogPluginManager: Mounting plugin ContentBrowserAssetDataSource
LogPluginManager: Mounting plugin ContentBrowserClassDataSource
LogPluginManager: Mounting plugin ContentBrowserFileDataSource
LogPluginManager: Mounting plugin OnlineSubsystemGooglePlay
LogPluginManager: Mounting plugin OnlineSubsystemIOS
LogPluginManager: Mounting plugin OculusVR
LogPluginManager: Mounting plugin SteamVR
PixWinPlugin: PIX capture plugin failed to initialize! Check that the process is launched from PIX.
LogInit: Using libcurl 7.55.1-DEV
LogInit:  - built for x86_64-pc-win32
LogInit:  - supports SSL with OpenSSL/1.1.1
LogInit:  - supports HTTP deflate (compression) using libz 1.2.8
LogInit:  - other features:
LogInit:      CURL_VERSION_SSL
LogInit:      CURL_VERSION_LIBZ
LogInit:      CURL_VERSION_IPV6
LogInit:      CURL_VERSION_ASYNCHDNS
LogInit:      CURL_VERSION_LARGEFILE
LogInit:      CURL_VERSION_IDN
LogInit:  CurlRequestOptions (configurable via config and command line):
LogInit:  - bVerifyPeer = true  - Libcurl will verify peer certificate
LogInit:  - bUseHttpProxy = false  - Libcurl will NOT use HTTP proxy
LogInit:  - bDontReuseConnections = false  - Libcurl will reuse connections
LogInit:  - MaxHostConnections = 16  - Libcurl will limit the number of connections to a host
LogInit:  - LocalHostAddr = Default
LogInit:  - BufferSize = 65536
LogOnline: OSS: Creating online subsystem instance for: NULL
LogInit: WinSock: version 1.1 (2.2), MaxSocks=32767, MaxUdp=65467
LogOnline: OSS: TryLoadSubsystemAndSetDefault: Loaded subsystem for module [NULL]
LogOculusPluginWrapper: OculusPlugin initialized successfully
LogHMD: Failed initializing OVRPlugin 1.59.0
LogInit: Build: ++UE4+Release-4.27-CL-18319896
LogInit: Engine Version: 4.27.2-18319896+++UE4+Release-4.27
LogInit: Compatible Engine Version: 4.27.0-17155196+++UE4+Release-4.27
LogInit: Net CL: 17155196
LogInit: OS: Windows 10 (Release 2009) (), CPU: 11th Gen Intel(R) Core(TM) i7-11800H @ 2.30GHz, GPU: Intel(R) UHD Graphics
LogInit: Compiled (64-bit): Nov 30 2021 07:12:08
LogInit: Compiled with Visual C++: 19.24.28315.00
LogInit: Build Configuration: Development
LogInit: Branch Name: ++UE4+Release-4.27
LogInit: Command Line:  -skipcompile
LogInit: Base Directory: D:/UE_4.27/Engine/Binaries/Win64/
LogInit: Allocator: TBB
LogInit: Installed Engine Build: 1
LogDevObjectVersion: Number of dev versions registered: 29
LogDevObjectVersion:   Dev-Blueprints (B0D832E4-1F89-4F0D-ACCF-7EB736FD4AA2): 10
LogDevObjectVersion:   Dev-Build (E1C64328-A22C-4D53-A36C-8E866417BD8C): 0
LogDevObjectVersion:   Dev-Core (375EC13C-06E4-48FB-B500-84F0262A717E): 4
LogDevObjectVersion:   Dev-Editor (E4B068ED-F494-42E9-A231-DA0B2E46BB41): 40
LogDevObjectVersion:   Dev-Framework (CFFC743F-43B0-4480-9391-14DF171D2073): 37
LogDevObjectVersion:   Dev-Mobile (B02B49B5-BB20-44E9-A304-32B752E40360): 3
LogDevObjectVersion:   Dev-Networking (A4E4105C-59A1-49B5-A7C5-40C4547EDFEE): 0
LogDevObjectVersion:   Dev-Online (39C831C9-5AE6-47DC-9A44-9C173E1C8E7C): 0
LogDevObjectVersion:   Dev-Physics (78F01B33-EBEA-4F98-B9B4-84EACCB95AA2): 14
LogDevObjectVersion:   Dev-Platform (6631380F-2D4D-43E0-8009-CF276956A95A): 0
LogDevObjectVersion:   Dev-Rendering (12F88B9F-8875-4AFC-A67C-D90C383ABD29): 45
LogDevObjectVersion:   Dev-Sequencer (7B5AE74C-D270-4C10-A958-57980B212A5A): 13
LogDevObjectVersion:   Dev-VR (D7296918-1DD6-4BDD-9DE2-64A83CC13884): 3
LogDevObjectVersion:   Dev-LoadTimes (C2A15278-BFE7-4AFE-6C17-90FF531DF755): 1
LogDevObjectVersion:   Private-Geometry (6EACA3D4-40EC-4CC1-B786-8BED09428FC5): 3
LogDevObjectVersion:   Dev-AnimPhys (29E575DD-E0A3-4627-9D10-D276232CDCEA): 17
LogDevObjectVersion:   Dev-Anim (AF43A65D-7FD3-4947-9873-3E8ED9C1BB05): 15
LogDevObjectVersion:   Dev-ReflectionCapture (6B266CEC-1EC7-4B8F-A30B-E4D90942FC07): 1
LogDevObjectVersion:   Dev-Automation (0DF73D61-A23F-47EA-B727-89E90C41499A): 1
LogDevObjectVersion:   FortniteMain (601D1886-AC64-4F84-AA16-D3DE0DEAC7D6): 47
LogDevObjectVersion:   FortniteRelease (E7086368-6B23-4C58-8439-1B7016265E91): 1
LogDevObjectVersion:   Dev-Enterprise (9DFFBCD6-494F-0158-E221-12823C92A888): 10
LogDevObjectVersion:   Dev-Niagara (F2AED0AC-9AFE-416F-8664-AA7FFA26D6FC): 1
LogDevObjectVersion:   Dev-Destruction (174F1F0B-B4C6-45A5-B13F-2EE8D0FB917D): 10
LogDevObjectVersion:   Dev-Physics-Ext (35F94A83-E258-406C-A318-09F59610247C): 41
LogDevObjectVersion:   Dev-PhysicsMaterial-Chaos (B68FC16E-8B1B-42E2-B453-215C058844FE): 1
LogDevObjectVersion:   Dev-CineCamera (B2E18506-4273-CFC2-A54E-F4BB758BBA07): 1
LogDevObjectVersion:   Dev-VirtualProduction (64F58936-FD1B-42BA-BA96-7289D5D0FA4E): 1
LogDevObjectVersion:   Dev-MediaFramework (6F0ED827-A609-4895-9C91-998D90180EA4): 2
LogInit: Presizing for max 25165824 objects, including 0 objects not considered by GC, pre-allocating 0 bytes for permanent pool.
LogConfig: Applying CVar settings from Section [/Script/Engine.StreamingSettings] File [D:/_UnrealProjects/Unreal_EnhancedCityBuilderGame/EnhancedCityBuilder/Saved/Config/Windows/Engine.ini]
LogConfig: Setting CVar [[s.MinBulkDataSizeForAsyncLoading:131072]]
LogConfig: Setting CVar [[s.AsyncLoadingThreadEnabled:0]]
LogConfig: Setting CVar [[s.EventDrivenLoaderEnabled:1]]
LogConfig: Setting CVar [[s.WarnIfTimeLimitExceeded:0]]
LogConfig: Setting CVar [[s.TimeLimitExceededMultiplier:1.5]]
LogConfig: Setting CVar [[s.TimeLimitExceededMinTime:0.005]]
LogConfig: Setting CVar [[s.UseBackgroundLevelStreaming:1]]
LogConfig: Setting CVar [[s.PriorityAsyncLoadingExtraTime:15.0]]
LogConfig: Setting CVar [[s.LevelStreamingActorsUpdateTimeLimit:5.0]]
LogConfig: Setting CVar [[s.PriorityLevelStreamingActorsUpdateExtraTime:5.0]]
LogConfig: Setting CVar [[s.LevelStreamingComponentsRegistrationGranularity:10]]
LogConfig: Setting CVar [[s.UnregisterComponentsTimeLimit:1.0]]
LogConfig: Setting CVar [[s.LevelStreamingComponentsUnregistrationGranularity:5]]
LogConfig: Setting CVar [[s.FlushStreamingOnExit:1]]
LogInit: Object subsystem initialized
LogConfig: Setting CVar [[con.DebugEarlyDefault:1]]
LogConfig: Setting CVar [[r.setres:1280x720]]
[2022.12.31-18.57.02:475][  0]LogConfig: Setting CVar [[r.VSync:0]]
[2022.12.31-18.57.02:475][  0]LogConfig: Setting CVar [[r.RHICmdBypass:0]]
[2022.12.31-18.57.02:475][  0]LogConfig: Applying CVar settings from Section [/Script/Engine.RendererSettings] File [D:/_UnrealProjects/Unreal_EnhancedCityBuilderGame/EnhancedCityBuilder/Saved/Config/Windows/Engine.ini]
[2022.12.31-18.57.02:475][  0]LogConfig: Setting CVar [[r.GPUCrashDebugging:0]]
[2022.12.31-18.57.02:475][  0]LogConfig: Applying CVar settings from Section [/Script/Engine.RendererOverrideSettings] File [D:/_UnrealProjects/Unreal_EnhancedCityBuilderGame/EnhancedCityBuilder/Saved/Config/Windows/Engine.ini]
[2022.12.31-18.57.02:475][  0]LogConfig: Applying CVar settings from Section [/Script/Engine.StreamingSettings] File [D:/_UnrealProjects/Unreal_EnhancedCityBuilderGame/EnhancedCityBuilder/Saved/Config/Windows/Engine.ini]
[2022.12.31-18.57.02:475][  0]LogConfig: Setting CVar [[s.MinBulkDataSizeForAsyncLoading:131072]]
[2022.12.31-18.57.02:475][  0]LogConfig: Setting CVar [[s.AsyncLoadingThreadEnabled:0]]
[2022.12.31-18.57.02:476][  0]LogConfig: Setting CVar [[s.EventDrivenLoaderEnabled:1]]
[2022.12.31-18.57.02:476][  0]LogConfig: Setting CVar [[s.WarnIfTimeLimitExceeded:0]]
[2022.12.31-18.57.02:476][  0]LogConfig: Setting CVar [[s.TimeLimitExceededMultiplier:1.5]]
[2022.12.31-18.57.02:476][  0]LogConfig: Setting CVar [[s.TimeLimitExceededMinTime:0.005]]
[2022.12.31-18.57.02:476][  0]LogConfig: Setting CVar [[s.UseBackgroundLevelStreaming:1]]
[2022.12.31-18.57.02:476][  0]LogConfig: Setting CVar [[s.PriorityAsyncLoadingExtraTime:15.0]]
[2022.12.31-18.57.02:476][  0]LogConfig: Setting CVar [[s.LevelStreamingActorsUpdateTimeLimit:5.0]]
[2022.12.31-18.57.02:476][  0]LogConfig: Setting CVar [[s.PriorityLevelStreamingActorsUpdateExtraTime:5.0]]
[2022.12.31-18.57.02:476][  0]LogConfig: Setting CVar [[s.LevelStreamingComponentsRegistrationGranularity:10]]
[2022.12.31-18.57.02:477][  0]LogConfig: Setting CVar [[s.UnregisterComponentsTimeLimit:1.0]]
[2022.12.31-18.57.02:477][  0]LogConfig: Setting CVar [[s.LevelStreamingComponentsUnregistrationGranularity:5]]
[2022.12.31-18.57.02:477][  0]LogConfig: Setting CVar [[s.FlushStreamingOnExit:1]]
[2022.12.31-18.57.02:477][  0]LogConfig: Applying CVar settings from Section [/Script/Engine.GarbageCollectionSettings] File [D:/_UnrealProjects/Unreal_EnhancedCityBuilderGame/EnhancedCityBuilder/Saved/Config/Windows/Engine.ini]
[2022.12.31-18.57.02:477][  0]LogConfig: Setting CVar [[gc.MaxObjectsNotConsideredByGC:1]]
[2022.12.31-18.57.02:477][  0]LogConfig: Setting CVar [[gc.SizeOfPermanentObjectPool:0]]
[2022.12.31-18.57.02:477][  0]LogConfig: Setting CVar [[gc.FlushStreamingOnGC:0]]
[2022.12.31-18.57.02:478][  0]LogConfig: Setting CVar [[gc.NumRetriesBeforeForcingGC:10]]
[2022.12.31-18.57.02:478][  0]LogConfig: Setting CVar [[gc.AllowParallelGC:1]]
[2022.12.31-18.57.02:478][  0]LogConfig: Setting CVar [[gc.TimeBetweenPurgingPendingKillObjects:61.1]]
[2022.12.31-18.57.02:478][  0]LogConfig: Setting CVar [[gc.MaxObjectsInEditor:25165824]]
[2022.12.31-18.57.02:478][  0]LogConfig: Setting CVar [[gc.IncrementalBeginDestroyEnabled:1]]
[2022.12.31-18.57.02:478][  0]LogConfig: Setting CVar [[gc.CreateGCClusters:1]]
[2022.12.31-18.57.02:478][  0]LogConfig: Setting CVar [[gc.MinGCClusterSize:5]]
[2022.12.31-18.57.02:478][  0]LogConfig: Setting CVar [[gc.ActorClusteringEnabled:0]]
[2022.12.31-18.57.02:478][  0]LogConfig: Setting CVar [[gc.BlueprintClusteringEnabled:0]]
[2022.12.31-18.57.02:478][  0]LogConfig: Setting CVar [[gc.UseDisregardForGCOnDedicatedServers:0]]
[2022.12.31-18.57.02:478][  0]LogConfig: Setting CVar [[gc.MultithreadedDestructionEnabled:1]]
[2022.12.31-18.57.02:478][  0]LogConfig: Applying CVar settings from Section [/Script/Engine.NetworkSettings] File [D:/_UnrealProjects/Unreal_EnhancedCityBuilderGame/EnhancedCityBuilder/Saved/Config/Windows/Engine.ini]
[2022.12.31-18.57.02:478][  0]LogConfig: Applying CVar settings from Section [/Script/UnrealEd.CookerSettings] File [D:/_UnrealProjects/Unreal_EnhancedCityBuilderGame/EnhancedCityBuilder/Saved/Config/Windows/Engine.ini]
[2022.12.31-18.57.02:494][  0]LogConfig: Applying CVar settings from Section [ViewDistanceQuality@3] File [D:/_UnrealProjects/Unreal_EnhancedCityBuilderGame/EnhancedCityBuilder/Saved/Config/Windows/Scalability.ini]
[2022.12.31-18.57.02:494][  0]LogConfig: Setting CVar [[r.SkeletalMeshLODBias:0]]
[2022.12.31-18.57.02:494][  0]LogConfig: Setting CVar [[r.ViewDistanceScale:1.0]]
[2022.12.31-18.57.02:494][  0]LogConfig: Applying CVar settings from Section [AntiAliasingQuality@3] File [D:/_UnrealProjects/Unreal_EnhancedCityBuilderGame/EnhancedCityBuilder/Saved/Config/Windows/Scalability.ini]
[2022.12.31-18.57.02:494][  0]LogConfig: Setting CVar [[r.PostProcessAAQuality:4]]
[2022.12.31-18.57.02:494][  0]LogConfig: Applying CVar settings from Section [ShadowQuality@3] File [D:/_UnrealProjects/Unreal_EnhancedCityBuilderGame/EnhancedCityBuilder/Saved/Config/Windows/Scalability.ini]
[2022.12.31-18.57.02:494][  0]LogConfig: Setting CVar [[r.LightFunctionQuality:1]]
[2022.12.31-18.57.02:494][  0]LogConfig: Setting CVar [[r.ShadowQuality:5]]
[2022.12.31-18.57.02:494][  0]LogConfig: Setting CVar [[r.Shadow.CSM.MaxCascades:10]]
[2022.12.31-18.57.02:495][  0]LogConfig: Setting CVar [[r.Shadow.MaxResolution:2048]]
[2022.12.31-18.57.02:495][  0]LogConfig: Setting CVar [[r.Shadow.MaxCSMResolution:2048]]
[2022.12.31-18.57.02:495][  0]LogConfig: Setting CVar [[r.Shadow.RadiusThreshold:0.01]]
[2022.12.31-18.57.02:495][  0]LogConfig: Setting CVar [[r.Shadow.DistanceScale:1.0]]
[2022.12.31-18.57.02:495][  0]LogConfig: Setting CVar [[r.Shadow.CSM.TransitionScale:1.0]]
[2022.12.31-18.57.02:495][  0]LogConfig: Setting CVar [[r.Shadow.PreShadowResolutionFactor:1.0]]
[2022.12.31-18.57.02:495][  0]LogConfig: Setting CVar [[r.DistanceFieldShadowing:1]]
[2022.12.31-18.57.02:495][  0]LogConfig: Setting CVar [[r.DistanceFieldAO:1]]
[2022.12.31-18.57.02:496][  0]LogConfig: Setting CVar [[r.AOQuality:2]]
[2022.12.31-18.57.02:496][  0]LogConfig: Setting CVar [[r.VolumetricFog:1]]
[2022.12.31-18.57.02:496][  0]LogConfig: Setting CVar [[r.VolumetricFog.GridPixelSize:8]]
[2022.12.31-18.57.02:496][  0]LogConfig: Setting CVar [[r.VolumetricFog.GridSizeZ:128]]
[2022.12.31-18.57.02:496][  0]LogConfig: Setting CVar [[r.VolumetricFog.HistoryMissSupersampleCount:4]]
[2022.12.31-18.57.02:496][  0]LogConfig: Setting CVar [[r.LightMaxDrawDistanceScale:1]]
[2022.12.31-18.57.02:496][  0]LogConfig: Setting CVar [[r.CapsuleShadows:1]]
[2022.12.31-18.57.02:496][  0]LogConfig: Applying CVar settings from Section [PostProcessQuality@3] File [D:/_UnrealProjects/Unreal_EnhancedCityBuilderGame/EnhancedCityBuilder/Saved/Config/Windows/Scalability.ini]
[2022.12.31-18.57.02:496][  0]LogConfig: Setting CVar [[r.MotionBlurQuality:4]]
[2022.12.31-18.57.02:496][  0]LogConfig: Setting CVar [[r.AmbientOcclusionMipLevelFactor:0.4]]
[2022.12.31-18.57.02:496][  0]LogConfig: Setting CVar [[r.AmbientOcclusionMaxQuality:100]]
[2022.12.31-18.57.02:496][  0]LogConfig: Setting CVar [[r.AmbientOcclusionLevels:-1]]
[2022.12.31-18.57.02:496][  0]LogConfig: Setting CVar [[r.AmbientOcclusionRadiusScale:1.0]]
[2022.12.31-18.57.02:496][  0]LogConfig: Setting CVar [[r.DepthOfFieldQuality:2]]
[2022.12.31-18.57.02:496][  0]LogConfig: Setting CVar [[r.RenderTargetPoolMin:400]]
[2022.12.31-18.57.02:497][  0]LogConfig: Setting CVar [[r.LensFlareQuality:2]]
[2022.12.31-18.57.02:497][  0]LogConfig: Setting CVar [[r.SceneColorFringeQuality:1]]
[2022.12.31-18.57.02:497][  0]LogConfig: Setting CVar [[r.EyeAdaptationQuality:2]]
[2022.12.31-18.57.02:497][  0]LogConfig: Setting CVar [[r.BloomQuality:5]]
[2022.12.31-18.57.02:497][  0]LogConfig: Setting CVar [[r.FastBlurThreshold:100]]
[2022.12.31-18.57.02:497][  0]LogConfig: Setting CVar [[r.Upscale.Quality:3]]
[2022.12.31-18.57.02:497][  0]LogConfig: Setting CVar [[r.Tonemapper.GrainQuantization:1]]
[2022.12.31-18.57.02:497][  0]LogConfig: Setting CVar [[r.LightShaftQuality:1]]
[2022.12.31-18.57.02:497][  0]LogConfig: Setting CVar [[r.Filter.SizeScale:1]]
[2022.12.31-18.57.02:497][  0]LogConfig: Setting CVar [[r.Tonemapper.Quality:5]]
[2022.12.31-18.57.02:497][  0]LogConfig: Setting CVar [[r.DOF.Gather.AccumulatorQuality:1        ; higher gathering accumulator quality]]
[2022.12.31-18.57.02:497][  0]LogConfig: Setting CVar [[r.DOF.Gather.PostfilterMethod:1          ; Median3x3 postfilering method]]
[2022.12.31-18.57.02:497][  0]LogConfig: Setting CVar [[r.DOF.Gather.EnableBokehSettings:0       ; no bokeh simulation when gathering]]
[2022.12.31-18.57.02:497][  0]LogConfig: Setting CVar [[r.DOF.Gather.RingCount:4                 ; medium number of samples when gathering]]
[2022.12.31-18.57.02:497][  0]LogConfig: Setting CVar [[r.DOF.Scatter.ForegroundCompositing:1    ; additive foreground scattering]]
[2022.12.31-18.57.02:497][  0]LogConfig: Setting CVar [[r.DOF.Scatter.BackgroundCompositing:2    ; additive background scattering]]
[2022.12.31-18.57.02:498][  0]LogConfig: Setting CVar [[r.DOF.Scatter.EnableBokehSettings:1      ; bokeh simulation when scattering]]
[2022.12.31-18.57.02:498][  0]LogConfig: Setting CVar [[r.DOF.Scatter.MaxSpriteRatio:0.1         ; only a maximum of 10% of scattered bokeh]]
[2022.12.31-18.57.02:498][  0]LogConfig: Setting CVar [[r.DOF.Recombine.Quality:1                ; cheap slight out of focus]]
[2022.12.31-18.57.02:498][  0]LogConfig: Setting CVar [[r.DOF.Recombine.EnableBokehSettings:0    ; no bokeh simulation on slight out of focus]]
[2022.12.31-18.57.02:498][  0]LogConfig: Setting CVar [[r.DOF.TemporalAAQuality:1                ; more stable temporal accumulation]]
[2022.12.31-18.57.02:498][  0]LogConfig: Setting CVar [[r.DOF.Kernel.MaxForegroundRadius:0.025]]
[2022.12.31-18.57.02:498][  0]LogConfig: Setting CVar [[r.DOF.Kernel.MaxBackgroundRadius:0.025]]
[2022.12.31-18.57.02:498][  0]LogConfig: Applying CVar settings from Section [TextureQuality@3] File [D:/_UnrealProjects/Unreal_EnhancedCityBuilderGame/EnhancedCityBuilder/Saved/Config/Windows/Scalability.ini]
[2022.12.31-18.57.02:499][  0]LogConfig: Setting CVar [[r.Streaming.MipBias:0]]
[2022.12.31-18.57.02:499][  0]LogConfig: Setting CVar [[r.Streaming.AmortizeCPUToGPUCopy:0]]
[2022.12.31-18.57.02:499][  0]LogConfig: Setting CVar [[r.Streaming.MaxNumTexturesToStreamPerFrame:0]]
[2022.12.31-18.57.02:499][  0]LogConfig: Setting CVar [[r.Streaming.Boost:1]]
[2022.12.31-18.57.02:499][  0]LogConfig: Setting CVar [[r.MaxAnisotropy:8]]
[2022.12.31-18.57.02:499][  0]LogConfig: Setting CVar [[r.VT.MaxAnisotropy:8]]
[2022.12.31-18.57.02:499][  0]LogConfig: Setting CVar [[r.Streaming.LimitPoolSizeToVRAM:0]]
[2022.12.31-18.57.02:499][  0]LogConfig: Setting CVar [[r.Streaming.PoolSize:1000]]
[2022.12.31-18.57.02:499][  0]LogConfig: Setting CVar [[r.Streaming.MaxEffectiveScreenSize:0]]
[2022.12.31-18.57.02:499][  0]LogConfig: Applying CVar settings from Section [EffectsQuality@3] File [D:/_UnrealProjects/Unreal_EnhancedCityBuilderGame/EnhancedCityBuilder/Saved/Config/Windows/Scalability.ini]
[2022.12.31-18.57.02:499][  0]LogConfig: Setting CVar [[r.TranslucencyLightingVolumeDim:64]]
[2022.12.31-18.57.02:499][  0]LogConfig: Setting CVar [[r.RefractionQuality:2]]
[2022.12.31-18.57.02:499][  0]LogConfig: Setting CVar [[r.SSR.Quality:3]]
[2022.12.31-18.57.02:500][  0]LogConfig: Setting CVar [[r.SSR.HalfResSceneColor:0]]
[2022.12.31-18.57.02:500][  0]LogConfig: Setting CVar [[r.SceneColorFormat:4]]
[2022.12.31-18.57.02:500][  0]LogConfig: Setting CVar [[r.DetailMode:2]]
[2022.12.31-18.57.02:500][  0]LogConfig: Setting CVar [[r.TranslucencyVolumeBlur:1]]
[2022.12.31-18.57.02:500][  0]LogConfig: Setting CVar [[r.MaterialQualityLevel:1 ; High quality]]
[2022.12.31-18.57.02:500][  0]LogConfig: Setting CVar [[r.AnisotropicMaterials:1]]
[2022.12.31-18.57.02:500][  0]LogConfig: Setting CVar [[r.SSS.Scale:1]]
[2022.12.31-18.57.02:500][  0]LogConfig: Setting CVar [[r.SSS.SampleSet:2]]
[2022.12.31-18.57.02:500][  0]LogConfig: Setting CVar [[r.SSS.Quality:1]]
[2022.12.31-18.57.02:500][  0]LogConfig: Setting CVar [[r.SSS.HalfRes:0]]
[2022.12.31-18.57.02:500][  0]LogConfig: Setting CVar [[r.SSGI.Quality:3]]
[2022.12.31-18.57.02:500][  0]LogConfig: Setting CVar [[r.EmitterSpawnRateScale:1.0]]
[2022.12.31-18.57.02:500][  0]LogConfig: Setting CVar [[r.ParticleLightQuality:2]]
[2022.12.31-18.57.02:500][  0]LogConfig: Setting CVar [[r.SkyAtmosphere.AerialPerspectiveLUT.FastApplyOnOpaque:1 ; Always have FastSkyLUT 1 in this case to avoid wrong sky]]
[2022.12.31-18.57.02:500][  0]LogConfig: Setting CVar [[r.SkyAtmosphere.AerialPerspectiveLUT.SampleCountMaxPerSlice:4]]
[2022.12.31-18.57.02:501][  0]LogConfig: Setting CVar [[r.SkyAtmosphere.AerialPerspectiveLUT.DepthResolution:16.0]]
[2022.12.31-18.57.02:501][  0]LogConfig: Setting CVar [[r.SkyAtmosphere.FastSkyLUT:1]]
[2022.12.31-18.57.02:501][  0]LogConfig: Setting CVar [[r.SkyAtmosphere.FastSkyLUT.SampleCountMin:4.0]]
[2022.12.31-18.57.02:501][  0]LogConfig: Setting CVar [[r.SkyAtmosphere.FastSkyLUT.SampleCountMax:128.0]]
[2022.12.31-18.57.02:501][  0]LogConfig: Setting CVar [[r.SkyAtmosphere.SampleCountMin:4.0]]
[2022.12.31-18.57.02:501][  0]LogConfig: Setting CVar [[r.SkyAtmosphere.SampleCountMax:128.0]]
[2022.12.31-18.57.02:501][  0]LogConfig: Setting CVar [[r.SkyAtmosphere.TransmittanceLUT.UseSmallFormat:0]]
[2022.12.31-18.57.02:501][  0]LogConfig: Setting CVar [[r.SkyAtmosphere.TransmittanceLUT.SampleCount:10.0]]
[2022.12.31-18.57.02:501][  0]LogConfig: Setting CVar [[r.SkyAtmosphere.MultiScatteringLUT.SampleCount:15.0]]
[2022.12.31-18.57.02:501][  0]LogConfig: Setting CVar [[r.SkyLight.RealTimeReflectionCapture:1]]
[2022.12.31-18.57.02:501][  0]LogConfig: Applying CVar settings from Section [FoliageQuality@3] File [D:/_UnrealProjects/Unreal_EnhancedCityBuilderGame/EnhancedCityBuilder/Saved/Config/Windows/Scalability.ini]
[2022.12.31-18.57.02:501][  0]LogConfig: Setting CVar [[foliage.DensityScale:1.0]]
[2022.12.31-18.57.02:501][  0]LogConfig: Setting CVar [[grass.DensityScale:1.0]]
[2022.12.31-18.57.02:501][  0]LogConfig: Applying CVar settings from Section [ShadingQuality@3] File [D:/_UnrealProjects/Unreal_EnhancedCityBuilderGame/EnhancedCityBuilder/Saved/Config/Windows/Scalability.ini]
[2022.12.31-18.57.02:502][  0]LogConfig: Setting CVar [[r.HairStrands.SkyLighting.IntegrationType:2]]
[2022.12.31-18.57.02:502][  0]LogConfig: Setting CVar [[r.HairStrands.SkyAO.SampleCount:4]]
[2022.12.31-18.57.02:502][  0]LogConfig: Setting CVar [[r.HairStrands.Visibility.MSAA.SamplePerPixel:4]]
[2022.12.31-18.57.02:502][  0]LogInit: Selected Device Profile: [Windows]
[2022.12.31-18.57.02:502][  0]LogInit: Applying CVar settings loaded from the selected device profile: [Windows]
[2022.12.31-18.57.02:502][  0]LogHAL: Display: Platform has ~ 16 GB [16866852864 / 17179869184 / 16], which maps to Larger [LargestMinGB=32, LargerMinGB=12, DefaultMinGB=8, SmallerMinGB=6, SmallestMinGB=0)
[2022.12.31-18.57.02:502][  0]LogInit: Going up to parent DeviceProfile []
[2022.12.31-18.57.02:502][  0]LogConfig: Applying CVar settings from Section [ViewDistanceQuality@3] File [D:/_UnrealProjects/Unreal_EnhancedCityBuilderGame/EnhancedCityBuilder/Saved/Config/Windows/Scalability.ini]
[2022.12.31-18.57.02:502][  0]LogConfig: Setting CVar [[r.SkeletalMeshLODBias:0]]
[2022.12.31-18.57.02:503][  0]LogConfig: Setting CVar [[r.ViewDistanceScale:1.0]]
[2022.12.31-18.57.02:503][  0]LogConfig: Applying CVar settings from Section [AntiAliasingQuality@3] File [D:/_UnrealProjects/Unreal_EnhancedCityBuilderGame/EnhancedCityBuilder/Saved/Config/Windows/Scalability.ini]
[2022.12.31-18.57.02:503][  0]LogConfig: Setting CVar [[r.PostProcessAAQuality:4]]
[2022.12.31-18.57.02:503][  0]LogConfig: Applying CVar settings from Section [ShadowQuality@3] File [D:/_UnrealProjects/Unreal_EnhancedCityBuilderGame/EnhancedCityBuilder/Saved/Config/Windows/Scalability.ini]
[2022.12.31-18.57.02:503][  0]LogConfig: Setting CVar [[r.LightFunctionQuality:1]]
[2022.12.31-18.57.02:503][  0]LogConfig: Setting CVar [[r.ShadowQuality:5]]
[2022.12.31-18.57.02:503][  0]LogConfig: Setting CVar [[r.Shadow.CSM.MaxCascades:10]]
[2022.12.31-18.57.02:503][  0]LogConfig: Setting CVar [[r.Shadow.MaxResolution:2048]]
[2022.12.31-18.57.02:503][  0]LogConfig: Setting CVar [[r.Shadow.MaxCSMResolution:2048]]
[2022.12.31-18.57.02:503][  0]LogConfig: Setting CVar [[r.Shadow.RadiusThreshold:0.01]]
[2022.12.31-18.57.02:503][  0]LogConfig: Setting CVar [[r.Shadow.DistanceScale:1.0]]
[2022.12.31-18.57.02:503][  0]LogConfig: Setting CVar [[r.Shadow.CSM.TransitionScale:1.0]]
[2022.12.31-18.57.02:503][  0]LogConfig: Setting CVar [[r.Shadow.PreShadowResolutionFactor:1.0]]
[2022.12.31-18.57.02:503][  0]LogConfig: Setting CVar [[r.DistanceFieldShadowing:1]]
[2022.12.31-18.57.02:504][  0]LogConfig: Setting CVar [[r.DistanceFieldAO:1]]
[2022.12.31-18.57.02:504][  0]LogConfig: Setting CVar [[r.AOQuality:2]]
[2022.12.31-18.57.02:504][  0]LogConfig: Setting CVar [[r.VolumetricFog:1]]
[2022.12.31-18.57.02:504][  0]LogConfig: Setting CVar [[r.VolumetricFog.GridPixelSize:8]]
[2022.12.31-18.57.02:504][  0]LogConfig: Setting CVar [[r.VolumetricFog.GridSizeZ:128]]
[2022.12.31-18.57.02:504][  0]LogConfig: Setting CVar [[r.VolumetricFog.HistoryMissSupersampleCount:4]]
[2022.12.31-18.57.02:504][  0]LogConfig: Setting CVar [[r.LightMaxDrawDistanceScale:1]]
[2022.12.31-18.57.02:504][  0]LogConfig: Setting CVar [[r.CapsuleShadows:1]]
[2022.12.31-18.57.02:504][  0]LogConfig: Applying CVar settings from Section [PostProcessQuality@3] File [D:/_UnrealProjects/Unreal_EnhancedCityBuilderGame/EnhancedCityBuilder/Saved/Config/Windows/Scalability.ini]
[2022.12.31-18.57.02:504][  0]LogConfig: Setting CVar [[r.MotionBlurQuality:4]]
[2022.12.31-18.57.02:504][  0]LogConfig: Setting CVar [[r.AmbientOcclusionMipLevelFactor:0.4]]
[2022.12.31-18.57.02:504][  0]LogConfig: Setting CVar [[r.AmbientOcclusionMaxQuality:100]]
[2022.12.31-18.57.02:504][  0]LogConfig: Setting CVar [[r.AmbientOcclusionLevels:-1]]
[2022.12.31-18.57.02:505][  0]LogConfig: Setting CVar [[r.AmbientOcclusionRadiusScale:1.0]]
[2022.12.31-18.57.02:505][  0]LogConfig: Setting CVar [[r.DepthOfFieldQuality:2]]
[2022.12.31-18.57.02:505][  0]LogConfig: Setting CVar [[r.RenderTargetPoolMin:400]]
[2022.12.31-18.57.02:505][  0]LogConfig: Setting CVar [[r.LensFlareQuality:2]]
[2022.12.31-18.57.02:505][  0]LogConfig: Setting CVar [[r.SceneColorFringeQuality:1]]
[2022.12.31-18.57.02:505][  0]LogConfig: Setting CVar [[r.EyeAdaptationQuality:2]]
[2022.12.31-18.57.02:505][  0]LogConfig: Setting CVar [[r.BloomQuality:5]]
[2022.12.31-18.57.02:505][  0]LogConfig: Setting CVar [[r.FastBlurThreshold:100]]
[2022.12.31-18.57.02:506][  0]LogConfig: Setting CVar [[r.Upscale.Quality:3]]
[2022.12.31-18.57.02:506][  0]LogConfig: Setting CVar [[r.Tonemapper.GrainQuantization:1]]
[2022.12.31-18.57.02:506][  0]LogConfig: Setting CVar [[r.LightShaftQuality:1]]
[2022.12.31-18.57.02:506][  0]LogConfig: Setting CVar [[r.Filter.SizeScale:1]]
[2022.12.31-18.57.02:506][  0]LogConfig: Setting CVar [[r.Tonemapper.Quality:5]]
[2022.12.31-18.57.02:506][  0]LogConfig: Setting CVar [[r.DOF.Gather.AccumulatorQuality:1        ; higher gathering accumulator quality]]
[2022.12.31-18.57.02:506][  0]LogConfig: Setting CVar [[r.DOF.Gather.PostfilterMethod:1          ; Median3x3 postfilering method]]
[2022.12.31-18.57.02:506][  0]LogConfig: Setting CVar [[r.DOF.Gather.EnableBokehSettings:0       ; no bokeh simulation when gathering]]
[2022.12.31-18.57.02:506][  0]LogConfig: Setting CVar [[r.DOF.Gather.RingCount:4                 ; medium number of samples when gathering]]
[2022.12.31-18.57.02:506][  0]LogConfig: Setting CVar [[r.DOF.Scatter.ForegroundCompositing:1    ; additive foreground scattering]]
[2022.12.31-18.57.02:506][  0]LogConfig: Setting CVar [[r.DOF.Scatter.BackgroundCompositing:2    ; additive background scattering]]
[2022.12.31-18.57.02:506][  0]LogConfig: Setting CVar [[r.DOF.Scatter.EnableBokehSettings:1      ; bokeh simulation when scattering]]
[2022.12.31-18.57.02:506][  0]LogConfig: Setting CVar [[r.DOF.Scatter.MaxSpriteRatio:0.1         ; only a maximum of 10% of scattered bokeh]]
[2022.12.31-18.57.02:507][  0]LogConfig: Setting CVar [[r.DOF.Recombine.Quality:1                ; cheap slight out of focus]]
[2022.12.31-18.57.02:507][  0]LogConfig: Setting CVar [[r.DOF.Recombine.EnableBokehSettings:0    ; no bokeh simulation on slight out of focus]]
[2022.12.31-18.57.02:507][  0]LogConfig: Setting CVar [[r.DOF.TemporalAAQuality:1                ; more stable temporal accumulation]]
[2022.12.31-18.57.02:507][  0]LogConfig: Setting CVar [[r.DOF.Kernel.MaxForegroundRadius:0.025]]
[2022.12.31-18.57.02:507][  0]LogConfig: Setting CVar [[r.DOF.Kernel.MaxBackgroundRadius:0.025]]
[2022.12.31-18.57.02:507][  0]LogConfig: Applying CVar settings from Section [TextureQuality@3] File [D:/_UnrealProjects/Unreal_EnhancedCityBuilderGame/EnhancedCityBuilder/Saved/Config/Windows/Scalability.ini]
[2022.12.31-18.57.02:507][  0]LogConfig: Setting CVar [[r.Streaming.MipBias:0]]
[2022.12.31-18.57.02:507][  0]LogConfig: Setting CVar [[r.Streaming.AmortizeCPUToGPUCopy:0]]
[2022.12.31-18.57.02:507][  0]LogConfig: Setting CVar [[r.Streaming.MaxNumTexturesToStreamPerFrame:0]]
[2022.12.31-18.57.02:507][  0]LogConfig: Setting CVar [[r.Streaming.Boost:1]]
[2022.12.31-18.57.02:507][  0]LogConfig: Setting CVar [[r.MaxAnisotropy:8]]
[2022.12.31-18.57.02:507][  0]LogConfig: Setting CVar [[r.VT.MaxAnisotropy:8]]
[2022.12.31-18.57.02:507][  0]LogConfig: Setting CVar [[r.Streaming.LimitPoolSizeToVRAM:0]]
[2022.12.31-18.57.02:507][  0]LogConfig: Setting CVar [[r.Streaming.PoolSize:1000]]
[2022.12.31-18.57.02:507][  0]LogConfig: Setting CVar [[r.Streaming.MaxEffectiveScreenSize:0]]
[2022.12.31-18.57.02:507][  0]LogConfig: Applying CVar settings from Section [EffectsQuality@3] File [D:/_UnrealProjects/Unreal_EnhancedCityBuilderGame/EnhancedCityBuilder/Saved/Config/Windows/Scalability.ini]
[2022.12.31-18.57.02:507][  0]LogConfig: Setting CVar [[r.TranslucencyLightingVolumeDim:64]]
[2022.12.31-18.57.02:508][  0]LogConfig: Setting CVar [[r.RefractionQuality:2]]
[2022.12.31-18.57.02:508][  0]LogConfig: Setting CVar [[r.SSR.Quality:3]]
[2022.12.31-18.57.02:508][  0]LogConfig: Setting CVar [[r.SSR.HalfResSceneColor:0]]
[2022.12.31-18.57.02:508][  0]LogConfig: Setting CVar [[r.SceneColorFormat:4]]
[2022.12.31-18.57.02:508][  0]LogConfig: Setting CVar [[r.DetailMode:2]]
[2022.12.31-18.57.02:508][  0]LogConfig: Setting CVar [[r.TranslucencyVolumeBlur:1]]
[2022.12.31-18.57.02:508][  0]LogConfig: Setting CVar [[r.MaterialQualityLevel:1 ; High quality]]
[2022.12.31-18.57.02:508][  0]LogConfig: Setting CVar [[r.AnisotropicMaterials:1]]
[2022.12.31-18.57.02:508][  0]LogConfig: Setting CVar [[r.SSS.Scale:1]]
[2022.12.31-18.57.02:508][  0]LogConfig: Setting CVar [[r.SSS.SampleSet:2]]
[2022.12.31-18.57.02:508][  0]LogConfig: Setting CVar [[r.SSS.Quality:1]]
[2022.12.31-18.57.02:508][  0]LogConfig: Setting CVar [[r.SSS.HalfRes:0]]
[2022.12.31-18.57.02:508][  0]LogConfig: Setting CVar [[r.SSGI.Quality:3]]
[2022.12.31-18.57.02:509][  0]LogConfig: Setting CVar [[r.EmitterSpawnRateScale:1.0]]
[2022.12.31-18.57.02:509][  0]LogConfig: Setting CVar [[r.ParticleLightQuality:2]]
[2022.12.31-18.57.02:509][  0]LogConfig: Setting CVar [[r.SkyAtmosphere.AerialPerspectiveLUT.FastApplyOnOpaque:1 ; Always have FastSkyLUT 1 in this case to avoid wrong sky]]
[2022.12.31-18.57.02:509][  0]LogConfig: Setting CVar [[r.SkyAtmosphere.AerialPerspectiveLUT.SampleCountMaxPerSlice:4]]
[2022.12.31-18.57.02:509][  0]LogConfig: Setting CVar [[r.SkyAtmosphere.AerialPerspectiveLUT.DepthResolution:16.0]]
[2022.12.31-18.57.02:509][  0]LogConfig: Setting CVar [[r.SkyAtmosphere.FastSkyLUT:1]]
[2022.12.31-18.57.02:509][  0]LogConfig: Setting CVar [[r.SkyAtmosphere.FastSkyLUT.SampleCountMin:4.0]]
[2022.12.31-18.57.02:509][  0]LogConfig: Setting CVar [[r.SkyAtmosphere.FastSkyLUT.SampleCountMax:128.0]]
[2022.12.31-18.57.02:509][  0]LogConfig: Setting CVar [[r.SkyAtmosphere.SampleCountMin:4.0]]
[2022.12.31-18.57.02:509][  0]LogConfig: Setting CVar [[r.SkyAtmosphere.SampleCountMax:128.0]]
[2022.12.31-18.57.02:509][  0]LogConfig: Setting CVar [[r.SkyAtmosphere.TransmittanceLUT.UseSmallFormat:0]]
[2022.12.31-18.57.02:509][  0]LogConfig: Setting CVar [[r.SkyAtmosphere.TransmittanceLUT.SampleCount:10.0]]
[2022.12.31-18.57.02:509][  0]LogConfig: Setting CVar [[r.SkyAtmosphere.MultiScatteringLUT.SampleCount:15.0]]
[2022.12.31-18.57.02:509][  0]LogConfig: Setting CVar [[r.SkyLight.RealTimeReflectionCapture:1]]
[2022.12.31-18.57.02:509][  0]LogConfig: Applying CVar settings from Section [FoliageQuality@3] File [D:/_UnrealProjects/Unreal_EnhancedCityBuilderGame/EnhancedCityBuilder/Saved/Config/Windows/Scalability.ini]
[2022.12.31-18.57.02:510][  0]LogConfig: Setting CVar [[foliage.DensityScale:1.0]]
[2022.12.31-18.57.02:510][  0]LogConfig: Setting CVar [[grass.DensityScale:1.0]]
[2022.12.31-18.57.02:510][  0]LogConfig: Applying CVar settings from Section [ShadingQuality@3] File [D:/_UnrealProjects/Unreal_EnhancedCityBuilderGame/EnhancedCityBuilder/Saved/Config/Windows/Scalability.ini]
[2022.12.31-18.57.02:510][  0]LogConfig: Setting CVar [[r.HairStrands.SkyLighting.IntegrationType:2]]
[2022.12.31-18.57.02:510][  0]LogConfig: Setting CVar [[r.HairStrands.SkyAO.SampleCount:4]]
[2022.12.31-18.57.02:510][  0]LogConfig: Setting CVar [[r.HairStrands.Visibility.MSAA.SamplePerPixel:4]]
[2022.12.31-18.57.02:510][  0]LogConfig: Applying CVar settings from Section [Startup] File [../../../Engine/Config/ConsoleVariables.ini]
[2022.12.31-18.57.02:510][  0]LogConfig: Setting CVar [[net.UseAdaptiveNetUpdateFrequency:0]]
[2022.12.31-18.57.02:510][  0]LogConfig: Setting CVar [[p.chaos.AllowCreatePhysxBodies:1]]
[2022.12.31-18.57.02:510][  0]LogConfig: Setting CVar [[fx.SkipVectorVMBackendOptimizations:1]]
[2022.12.31-18.57.02:511][  0]LogConfig: Applying CVar settings from Section [ConsoleVariables] File [D:/_UnrealProjects/Unreal_EnhancedCityBuilderGame/EnhancedCityBuilder/Saved/Config/Windows/Engine.ini]
[2022.12.31-18.57.02:511][  0]LogConfig: Applying CVar settings from Section [ConsoleVariables] File [D:/_UnrealProjects/Unreal_EnhancedCityBuilderGame/EnhancedCityBuilder/Saved/Config/Windows/Editor.ini]
[2022.12.31-18.57.02:511][  0]LogInit: Computer: MSI
[2022.12.31-18.57.02:511][  0]LogInit: User: noura
[2022.12.31-18.57.02:511][  0]LogInit: CPU Page size=4096, Cores=8
[2022.12.31-18.57.02:511][  0]LogInit: High frequency timer resolution =10.000000 MHz
[2022.12.31-18.57.02:511][  0]LogMemory: Memory total: Physical=15.7GB (16GB approx)
[2022.12.31-18.57.02:511][  0]LogMemory: Platform Memory Stats for Windows
[2022.12.31-18.57.02:511][  0]LogMemory: Process Physical Memory: 149.57 MB used, 149.57 MB peak
[2022.12.31-18.57.02:511][  0]LogMemory: Process Virtual Memory: 130.25 MB used, 130.25 MB peak
[2022.12.31-18.57.02:511][  0]LogMemory: Physical Memory: 12504.94 MB used,  3580.55 MB free, 16085.48 MB total
[2022.12.31-18.57.02:511][  0]LogMemory: Virtual Memory: 134211464.00 MB used,  6262.38 MB free, 134217728.00 MB total
[2022.12.31-18.57.02:554][  0]LogWindows: WindowsPlatformFeatures enabled
[2022.12.31-18.57.02:953][  0]LogInit: Physics initialised using underlying interface: PhysX
[2022.12.31-18.57.02:954][  0]LogInit: Using OS detected language (en-US).
[2022.12.31-18.57.02:954][  0]LogInit: Using OS detected locale (en-US).
[2022.12.31-18.57.02:965][  0]LogTextLocalizationManager: No specific localization for 'en-US' exists, so the 'en' localization will be used.
[2022.12.31-18.57.03:363][  0]LogInit: Setting process to per monitor DPI aware
[2022.12.31-18.57.03:393][  0]LogWindowsTextInputMethodSystem: Display: IME system deactivated.
[2022.12.31-18.57.03:468][  0]LogSlate: New Slate User Created.  User Index 0, Is Virtual User: 0
[2022.12.31-18.57.03:468][  0]LogSlate: Slate User Registered.  User Index 0, Is Virtual User: 0
[2022.12.31-18.57.06:261][  0]LogD3D11RHI: Loaded GFSDK_Aftermath_Lib.x64.dll
[2022.12.31-18.57.06:269][  0]LogHMD: Failed to initialize OpenVR with code 110
[2022.12.31-18.57.06:269][  0]LogD3D11RHI: D3D11 min allowed feature level: 11_0
[2022.12.31-18.57.06:269][  0]LogD3D11RHI: D3D11 max allowed feature level: 11_0
[2022.12.31-18.57.06:269][  0]LogD3D11RHI: D3D11 adapters:
[2022.12.31-18.57.06:349][  0]LogD3D11RHI:    0. 'Intel(R) UHD Graphics' (Feature Level 11_0)
[2022.12.31-18.57.06:350][  0]LogD3D11RHI:       128/0/8042 MB DedicatedVideo/DedicatedSystem/SharedSystem, Outputs:1, VendorId:0x8086
[2022.12.31-18.57.06:561][  0]LogD3D11RHI:    1. 'NVIDIA GeForce RTX 3060 Laptop GPU' (Feature Level 11_0)
[2022.12.31-18.57.06:562][  0]LogD3D11RHI:       6023/0/8042 MB DedicatedVideo/DedicatedSystem/SharedSystem, Outputs:0, VendorId:0x10de
[2022.12.31-18.57.06:567][  0]LogD3D11RHI:    2. 'Microsoft Basic Render Driver' (Feature Level 11_0)
[2022.12.31-18.57.06:567][  0]LogD3D11RHI:       0/0/8042 MB DedicatedVideo/DedicatedSystem/SharedSystem, Outputs:0, VendorId:0x1414
[2022.12.31-18.57.06:568][  0]LogD3D11RHI: Chosen D3D11 Adapter:
[2022.12.31-18.57.06:568][  0]LogD3D11RHI:     Description : NVIDIA GeForce RTX 3060 Laptop GPU
[2022.12.31-18.57.06:568][  0]LogD3D11RHI:     VendorId    : 10de
[2022.12.31-18.57.06:568][  0]LogD3D11RHI:     DeviceId    : 2520
[2022.12.31-18.57.06:568][  0]LogD3D11RHI:     SubSysId    : 12ea1462
[2022.12.31-18.57.06:569][  0]LogD3D11RHI:     Revision    : 00a1
[2022.12.31-18.57.06:569][  0]LogD3D11RHI:     DedicatedVideoMemory : 6315573248 bytes
[2022.12.31-18.57.06:569][  0]LogD3D11RHI:     DedicatedSystemMemory : 0 bytes
[2022.12.31-18.57.06:569][  0]LogD3D11RHI:     SharedSystemMemory : 8433426432 bytes
[2022.12.31-18.57.06:569][  0]LogD3D11RHI:     AdapterLuid : 0 55771
[2022.12.31-18.57.06:576][  0]LogD3D11RHI: Creating new Direct3DDevice
[2022.12.31-18.57.06:576][  0]LogD3D11RHI:     GPU DeviceId: 0x2520 (for the marketing name, search the web for "GPU Device Id")
[2022.12.31-18.57.06:576][  0]LogWindows: EnumDisplayDevices:
[2022.12.31-18.57.06:576][  0]LogWindows:    0. 'Intel(R) UHD Graphics' (P:1 D:1)
[2022.12.31-18.57.06:577][  0]LogWindows:    1. 'Intel(R) UHD Graphics' (P:0 D:0)
[2022.12.31-18.57.06:578][  0]LogWindows:    2. 'Intel(R) UHD Graphics' (P:0 D:0)
[2022.12.31-18.57.06:578][  0]LogWindows:    3. 'Intel(R) UHD Graphics' (P:0 D:0)
[2022.12.31-18.57.06:578][  0]LogWindows:    4. 'NVIDIA GeForce RTX 3060 Laptop GPU' (P:0 D:0)
[2022.12.31-18.57.06:579][  0]LogWindows: DebugString: PrimaryIsNotTheChoosenAdapter PrimaryIsNotTheChoosenAdapter PrimaryIsNotTheChoosenAdapter PrimaryIsNotTheChoosenAdapter 
[2022.12.31-18.57.06:579][  0]LogD3D11RHI:     Adapter Name: NVIDIA GeForce RTX 3060 Laptop GPU
[2022.12.31-18.57.06:579][  0]LogD3D11RHI:   Driver Version: 462.21 (internal:27.21.14.6221, unified:462.21)
[2022.12.31-18.57.06:579][  0]LogD3D11RHI:      Driver Date: 3-28-2021
[2022.12.31-18.57.06:579][  0]LogRHI: Texture pool is 4216 MB (70% of 6023 MB)
[2022.12.31-18.57.06:579][  0]LogD3D11RHI: Creating D3DDevice using adapter:
[2022.12.31-18.57.06:579][  0]LogD3D11RHI:     Description : NVIDIA GeForce RTX 3060 Laptop GPU
[2022.12.31-18.57.06:580][  0]LogD3D11RHI:     VendorId    : 10de
[2022.12.31-18.57.06:580][  0]LogD3D11RHI:     DeviceId    : 2520
[2022.12.31-18.57.06:580][  0]LogD3D11RHI:     SubSysId    : 12ea1462
[2022.12.31-18.57.06:580][  0]LogD3D11RHI:     Revision    : 00a1
[2022.12.31-18.57.06:581][  0]LogD3D11RHI:     DedicatedVideoMemory : 6315573248 bytes
[2022.12.31-18.57.06:581][  0]LogD3D11RHI:     DedicatedSystemMemory : 0 bytes
[2022.12.31-18.57.06:581][  0]LogD3D11RHI:     SharedSystemMemory : 8433426432 bytes
[2022.12.31-18.57.06:581][  0]LogD3D11RHI:     AdapterLuid : 0 55771
[2022.12.31-18.57.06:687][  0]LogD3D11RHI: RHI has support for 64 bit atomics
[2022.12.31-18.57.06:687][  0]LogD3D11RHI: Async texture creation enabled
[2022.12.31-18.57.06:687][  0]LogD3D11RHI: Array index from any shader is supported
[2022.12.31-18.57.06:706][  0]LogD3D11RHI: GPU Timing Frequency: 1000.000000 (Debug: 2 1)
[2022.12.31-18.57.06:742][  0]LogRHI: GeForceNow SDK initialized: 1
[2022.12.31-18.57.07:113][  0]LogTargetPlatformManager: Display: Loaded TargetPlatform 'AllDesktop'
[2022.12.31-18.57.07:150][  0]LogTargetPlatformManager: Display: Loaded TargetPlatform 'Android'
[2022.12.31-18.57.07:150][  0]LogTargetPlatformManager: Display: Loaded TargetPlatform 'Android_ASTC'
[2022.12.31-18.57.07:150][  0]LogTargetPlatformManager: Display: Loaded TargetPlatform 'Android_DXT'
[2022.12.31-18.57.07:150][  0]LogTargetPlatformManager: Display: Loaded TargetPlatform 'Android_ETC2'
[2022.12.31-18.57.07:151][  0]LogTargetPlatformManager: Display: Loaded TargetPlatform 'AndroidClient'
[2022.12.31-18.57.07:151][  0]LogTargetPlatformManager: Display: Loaded TargetPlatform 'Android_ASTCClient'
[2022.12.31-18.57.07:151][  0]LogTargetPlatformManager: Display: Loaded TargetPlatform 'Android_DXTClient'
[2022.12.31-18.57.07:151][  0]LogTargetPlatformManager: Display: Loaded TargetPlatform 'Android_ETC2Client'
[2022.12.31-18.57.07:151][  0]LogTargetPlatformManager: Display: Loaded TargetPlatform 'Android_Multi'
[2022.12.31-18.57.07:151][  0]LogTargetPlatformManager: Display: Loaded TargetPlatform 'Android_MultiClient'
[2022.12.31-18.57.07:208][  0]LogTargetPlatformManager: Display: Loaded TargetPlatform 'IOSClient'
[2022.12.31-18.57.07:208][  0]LogTargetPlatformManager: Display: Loaded TargetPlatform 'IOS'
[2022.12.31-18.57.07:230][  0]LogTargetPlatformManager: Display: Loaded TargetPlatform 'Linux'
[2022.12.31-18.57.07:242][  0]LogTargetPlatformManager: Display: Loaded TargetPlatform 'LinuxNoEditor'
[2022.12.31-18.57.07:253][  0]LogTargetPlatformManager: Display: Loaded TargetPlatform 'LinuxClient'
[2022.12.31-18.57.07:263][  0]LogTargetPlatformManager: Display: Loaded TargetPlatform 'LinuxServer'
[2022.12.31-18.57.07:282][  0]LogTargetPlatformManager: Display: Loaded TargetPlatform 'LinuxAArch64NoEditor'
[2022.12.31-18.57.07:295][  0]LogTargetPlatformManager: Display: Loaded TargetPlatform 'LinuxAArch64Client'
[2022.12.31-18.57.07:310][  0]LogTargetPlatformManager: Display: Loaded TargetPlatform 'LinuxAArch64Server'
[2022.12.31-18.57.07:349][  0]LogTargetPlatformManager: Display: Loaded TargetPlatform 'Lumin'
[2022.12.31-18.57.07:349][  0]LogTargetPlatformManager: Display: Loaded TargetPlatform 'LuminClient'
[2022.12.31-18.57.07:385][  0]LogTargetPlatformManager: Display: Loaded TargetPlatform 'MacNoEditor'
[2022.12.31-18.57.07:406][  0]LogTargetPlatformManager: Display: Loaded TargetPlatform 'Mac'
[2022.12.31-18.57.07:432][  0]LogTargetPlatformManager: Display: Loaded TargetPlatform 'MacClient'
[2022.12.31-18.57.07:455][  0]LogTargetPlatformManager: Display: Loaded TargetPlatform 'MacServer'
[2022.12.31-18.57.07:480][  0]LogTargetPlatformManager: Display: Loaded TargetPlatform 'TVOSClient'
[2022.12.31-18.57.07:480][  0]LogTargetPlatformManager: Display: Loaded TargetPlatform 'TVOS'
[2022.12.31-18.57.07:511][  0]LogTargetPlatformManager: Display: Loaded TargetPlatform 'WindowsNoEditor'
[2022.12.31-18.57.07:536][  0]LogTargetPlatformManager: Display: Loaded TargetPlatform 'Windows'
[2022.12.31-18.57.07:560][  0]LogTargetPlatformManager: Display: Loaded TargetPlatform 'WindowsClient'
[2022.12.31-18.57.07:585][  0]LogTargetPlatformManager: Display: Loaded TargetPlatform 'WindowsServer'
[2022.12.31-18.57.07:585][  0]LogTargetPlatformManager: Display: Building Assets For Windows
[2022.12.31-18.57.07:638][  0]LogAudioDebug: Display: Lib vorbis DLL was dynamically loaded.
[2022.12.31-18.57.07:803][  0]LogTextureFormatOodle: Display: Oodle Texture 2.9.0 init RDO Off
[2022.12.31-18.57.07:996][  0]LogRendererCore: Ray tracing is disabled. Reason: r.RayTracing=0.
[2022.12.31-18.57.07:997][  0]LogShaderCompilers: Guid format shader working directory is -33 characters bigger than the processId version (../../../../_UnrealProjects/Unreal_EnhancedCityBuilderGame/EnhancedCityBuilder/Intermediate/Shaders/WorkingDirectory/11732/).
[2022.12.31-18.57.07:998][  0]LogShaderCompilers: Cleaned the shader compiler working directory 'C:/Users/noura/AppData/Local/Temp/UnrealShaderWorkingDir/8E5BA5F745AC69B8DEBE3B87AD672BE1/'.
[2022.12.31-18.57.07:998][  0]LogXGEController: Cannot use XGE Controller as Incredibuild is not installed on this machine.
[2022.12.31-18.57.07:999][  0]LogShaderCompilers: Cannot use XGE Shader Compiler as Incredibuild is not installed on this machine.
[2022.12.31-18.57.07:999][  0]LogShaderCompilers: Display: Using Local Shader Compiler.
[2022.12.31-18.57.10:908][  0]LogDerivedDataCache: Display: Max Cache Size: 512 MB
[2022.12.31-18.57.11:003][  0]LogDerivedDataCache: Loaded boot cache 0.09s 94MB C:/Users/noura/AppData/Local/UnrealEngine/4.27/DerivedDataCache/Boot.ddc.
[2022.12.31-18.57.11:003][  0]LogDerivedDataCache: Display: Loaded Boot cache: C:/Users/noura/AppData/Local/UnrealEngine/4.27/DerivedDataCache/Boot.ddc
[2022.12.31-18.57.11:004][  0]LogDerivedDataCache: FDerivedDataBackendGraph:  Pak pak cache file ../../../../_UnrealProjects/Unreal_EnhancedCityBuilderGame/EnhancedCityBuilder/DerivedDataCache/DDC.ddp not found, will not use a pak cache.
[2022.12.31-18.57.11:004][  0]LogDerivedDataCache: Unable to find inner node Pak for hierarchical cache Hierarchy.
[2022.12.31-18.57.11:005][  0]LogDerivedDataCache: FDerivedDataBackendGraph:  CompressedPak pak cache file ../../../../_UnrealProjects/Unreal_EnhancedCityBuilderGame/EnhancedCityBuilder/DerivedDataCache/Compressed.ddp not found, will not use a pak cache.
[2022.12.31-18.57.11:005][  0]LogDerivedDataCache: Unable to find inner node CompressedPak for hierarchical cache Hierarchy.
[2022.12.31-18.57.11:023][  0]LogDerivedDataCache: Display: Pak cache opened for reading ../../../Engine/DerivedDataCache/Compressed.ddp.
[2022.12.31-18.57.11:023][  0]LogDerivedDataCache: FDerivedDataBackendGraph:  EnterprisePak pak cache file ../../../Enterprise/DerivedDataCache/Compressed.ddp not found, will not use a pak cache.
[2022.12.31-18.57.11:023][  0]LogDerivedDataCache: Unable to find inner node EnterprisePak for hierarchical cache Hierarchy.
[2022.12.31-18.57.11:037][  0]LogDerivedDataCache: Speed tests for C:/Users/noura/AppData/Local/UnrealEngine/Common/DerivedDataCache took 0.01 seconds
[2022.12.31-18.57.11:038][  0]LogDerivedDataCache: Display: Performance to C:/Users/noura/AppData/Local/UnrealEngine/Common/DerivedDataCache: Latency=0.08ms. RandomReadSpeed=153.65MBs, RandomWriteSpeed=143.57MBs. Assigned SpeedClass 'Local'
[2022.12.31-18.57.11:040][  0]LogDerivedDataCache: Using Local data cache path C:/Users/noura/AppData/Local/UnrealEngine/Common/DerivedDataCache: Writable
[2022.12.31-18.57.11:040][  0]LogDerivedDataCache: Shared data cache path not found in *engine.ini, will not use an Shared cache.
[2022.12.31-18.57.11:040][  0]LogDerivedDataCache: Unable to find inner node Shared for hierarchical cache Hierarchy.
[2022.12.31-18.57.11:092][  0]LogSlate: Using FreeType 2.10.0
[2022.12.31-18.57.11:114][  0]LogSlate: SlateFontServices - WITH_FREETYPE: 1, WITH_HARFBUZZ: 1
[2022.12.31-18.57.11:308][  0]LogAssetRegistry: FAssetRegistry took 0.0049 seconds to start up
[2022.12.31-18.57.11:572][  0]LogInit: Selected Device Profile: [Windows]
[2022.12.31-18.57.11:572][  0]LogInit: Active device profile: [000001DEFCA83D00][000001DEF5248E40 49] Windows
[2022.12.31-18.57.11:573][  0]LogInit: Profiles: [000001DEFCA83D00][000001DEF5248E40 49] Windows, [000001DEFCA40400][000001DEF5250FC0 49] WindowsNoEditor, [000001DEFCA80400][000001DEF5255140 49] WindowsServer, [000001DEFCA43800][000001DEF52592C0 49] WindowsClient, [000001DEFCA83700][000001DEF525D440 49] IOS, [000001DEFCA40A00][000001DEF52615C0 49] iPadAir, [000001DEFCA80900][000001DEF15F1740 49] iPadAir2, [000001DEFC9F4900][000001DEF15F9A00 49] IPadPro, [000001DEFC9F4A00][000001DEF15F5A40 49] iPadAir3, [000001DEFCA83400][000001DEF15FDBC0 49] iPadAir4, [000001DEFC9F7F00][000001DEF16001C0 49] iPadMini2, [000001DEFCA80D00][000001DEF1604340 49] iPadMini3, [000001DEFC9F5700][000001DEF16084C0 49] iPadMini4, [000001DEFCA82C00][000001DEF160C640 49] iPadMini5, [000001DEFCA43000][000001DEF1614900 49] iPhone6, [000001DEFC9EFF00][000001DEF1610940 49] iPodTouch6, [000001DEFCA43500][000001DEF1618B80 49] iPhone7, [000001DEFCA43600][000001DEF524CBC0 49] iPodTouch7, [000001DEFC9EC900][000001DEF161CD00 49] iPhone5S, [000001DEFCA42C00][000001DEF1624E80 49] iPhone6Plus, [000001DEFC9EF300][000001DEF1629000 49] iPhone6S, [000001DEFCA40D00][000001DEF162D180 49] iPhone6SPlus, [000001DEFC9ED000][000001DEF1631300 49] iPhone7Plus, [000001DEFCA43F00][000001DEF1635480 49] iPhoneSE, [000001DEFC9EEC00][000001DEF1639600 49] iPhone8, [000001DEFCA41100][000001DEFC911780 49] iPhone8Plus, [000001DEFC9ED600][000001DEFC915900 49] iPhoneX, [000001DEFCA43B00][000001DEFC919A80 49] iPhoneXS, [000001DEFC9EE600][000001DEFC91DC00 49] iPhoneXSMax, [000001DEFCA41A00][000001DEFC920200 49] iPhoneXR, [000001DEFC9EC800][000001DEFC924380 49] iPhone11, [000001DEFCA42000][000001DEFC928500 49] iPhone11Pro, [000001DEFC9EF500][000001DEFC92C680 49] iPhone11ProMax, [000001DEFCA40500][000001DEFC930800 49] iPhoneSE2, [000001DEFC9EF000][000001DEFC934980 49] iPhone12Mini, [000001DEFCA41E00][000001DEFC938B00 49] iPhone12, [000001DEFC9EF100][000001DEF1620C40 49] iPhone12Pro, [000001DEFCA41C00][000001DEFC93CD80 49] iPhone12ProMax, [000001DEFC9EDB00][000001DEFC940EC0 49] iPadPro105, [000001DEFCA42600][000001DEFC949040 49] iPadPro129, [000001DEFC9EFB00][000001DEFC94D1C0 49] iPadPro97, [000001DEFCA40E00][000001DEFC951340 49] iPadPro2_129, [000001DEFC9ECF00][000001DEFC9554C0 49] iPad5, [000001DEFCA40300][000001DEFC959640 49] iPad6, [000001DEFC9ED500][000001DEFC95D7C0 49] iPad7, [000001DEFCA41400][000001DEFC961940 49] iPad8, [000001DEFC9EDC00][000001DEFC965AC0 49] iPadPro11, [000001DEFCA43400][000001DEFC9680C0 49] iPadPro2_11, [000001DEFC9ECD00][000001DEFC96C240 49] iPadPro3_129, [000001DEFCA42F00][000001DEFC9703C0 49] iPadPro4_129, [000001DEFC9EFE00][000001DEFC974540 49] AppleTV, [000001DEFCA43200][000001DEFC9786C0 49] AppleTV4K, [000001DEFC9ECA00][000001DEFC97C840 49] TVOS, [000001DEFCA42A00][000001DEFD9909C0 49] Mac, [000001DEFC9EF600][000001DEFD994B40 49] MacClient, [000001DEFCA43700][000001DEFD998CC0 49] MacNoEditor, [000001DEFC9EC200][000001DEFC944E00 49] MacServer, [000001DEFCA40900][000001DEFD99CF40 49] Linux, [000001DEFC9EE200][000001DEFD9A1080 49] LinuxAArch64, [000001DEFCA43300][000001DEFD9A51C0 49] LinuxNoEditor, [000001DEFC9EC400][000001DEFD9AD340 49] LinuxAArch64NoEditor, [000001DEFCA41500][000001DEFD9B14C0 49] LinuxClient, [000001DEFC9EDA00][000001DEFD9B5640 49] LinuxAArch64Client, [000001DEFCA41900][000001DEFD9B97C0 49] LinuxServer, [000001DEFC9ECE00][000001DEFD9BD940 49] LinuxAArch64Server, [000001DEFCA41200][000001DEFD9C1AC0 49] Android, [000001DEFC9EC500][000001DEFD9C40C0 49] Android_Low, [000001DEFCA42500][000001DEFD9C8240 49] Android_Mid, [000001DEFCAC1200][000001DEFD9CC3C0 49] Android_High, [000001DEFCA83500][000001DEFD9D0540 49] Android_Default, [000001DEFCAC2400][000001DEFD9D46C0 49] Android_Adreno4xx, [000001DEFCA81D00][000001DEFD9D8840 49] Android_Adreno5xx_Low, [000001DEFCAC0D00][000001DEFD9DC9C0 49] Android_Adreno5xx, [000001DEFCA81400][000001DEFD9E0B40 49] Android_Adreno6xx, [000001DEFCAC1000][000001DEFD9E4CC0 49] Android_Adreno6xx_Vulkan, [000001DEFCA82500][000001DEFD9E8E40 49] Android_Mali_T6xx, [000001DEFCAC0C00][000001DEFD9A8F80 49] Android_Mali_T7xx, [000001DEFCA82E00][000001DEFD9ED0C0 49] Android_Mali_T8xx, [000001DEFCAC2200][000001DEFD9F1200 49] Android_Mali_G71, [000001DEFCA81E00][000001DEFD9F5340 49] Android_Mali_G72, [000001DEFCAC1F00][000001DEFD9FD4C0 49] Android_Mali_G72_Vulkan, [000001DEFCA81F00][000001DEFDA01640 49] Android_Mali_G76, [000001DEFCAC0400][000001DEFDA057C0 49] Android_Mali_G76_Vulkan, [000001DEFCA82800][000001DEFDA09940 49] Android_Mali_G77, [000001DEFCA40700][000001DEFDA0DAC0 49] Android_Mali_G77_Vulkan, [000001DEFC9EF900][000001DEFDA100C0 49] Android_Mali_G78, [000001DEFCA41000][000001DEFDA18240 49] Android_Mali_G78_Vulkan, [000001DEFC9EDD00][000001DEFDA1C3C0 49] Android_Mali_G710, [000001DEFCA80800][000001DEFDA20540 49] Android_Mali_G710_Vulkan, [000001DEFCAC2800][000001DEFDA246C0 49] Android_Vulkan_SM5, [000001DEFCA81600][000001DEFDA28840 49] Android_PowerVR_G6xxx, [000001DEFCAC1E00][000001DEFDA2C9C0 49] Android_PowerVR_GT7xxx, [000001DEFCA81100][000001DEFDA30B40 49] Android_PowerVR_GE8xxx, [000001DEFCAC2C00][000001DEFDA34CC0 49] Android_PowerVR_GM9xxx, [000001DEFCA42100][000001DEFDA38E40 49] Android_PowerVR_GM9xxx_Vulkan, [000001DEFCAC0100][000001DEFDA3CFC0 49] Android_TegraK1, [000001DEFCA42E00][000001DEFDA41140 49] Android_Unknown_Vulkan, [000001DEFCAC1B00][000001DEFD9F9280 49] Lumin, [000001DEFCA42400][000001DEFDA453C0 49] Lumin_Desktop, [000001DEFCAC1100][000001DEFDA49500 49] HoloLens, 
[2022.12.31-18.57.11:927][  0]LogMeshReduction: Using QuadricMeshReduction for automatic static mesh reduction
[2022.12.31-18.57.11:927][  0]LogMeshReduction: Using SimplygonMeshReduction for automatic skeletal mesh reduction
[2022.12.31-18.57.11:928][  0]LogMeshReduction: Using ProxyLODMeshReduction for automatic mesh merging
[2022.12.31-18.57.11:928][  0]LogMeshReduction: No distributed automatic mesh merging module available
[2022.12.31-18.57.11:928][  0]LogMeshMerging: No distributed automatic mesh merging module available
[2022.12.31-18.57.11:965][  0]LogNetVersion: EnhancedCityBuilder 1.0.0, NetCL: 17155196, EngineNetVer: 17, GameNetVer: 0 (Checksum: 4004654538)
[2022.12.31-18.57.13:605][  0]LogTexture: Default maximum texture size for cubemaps generated from long-lat sources has been changed from 512 to unlimited. In order to preserve old behaiour for '/Engine/MapTemplates/Sky/DaylightAmbientCubemap.DaylightAmbientCubemap', its maximum texture size has been explicitly set to 512.
[2022.12.31-18.57.13:685][  0]LogHMD: PokeAHoleMaterial loaded successfully
[2022.12.31-18.57.13:691][  0]LogUObjectArray: 17178 objects as part of root set at end of initial load.
[2022.12.31-18.57.13:691][  0]LogUObjectAllocator: 4302048 out of 0 bytes used by permanent object pool.
[2022.12.31-18.57.13:691][  0]LogUObjectArray: CloseDisregardForGC: 0/0 objects in disregard for GC pool
[2022.12.31-18.57.15:210][  0]LogNiagaraDebuggerClient: Niagara Debugger Client Initialized | Session: 6CC633004384904A525E1790C6D68936 | Instance: 1055D1F04F0EA3F65B27F78FDABB1EFB (MSI-11732).
[2022.12.31-18.57.15:736][  0]LogUdpMessaging: Initializing bridge on interface 0.0.0.0:0 to multicast group 230.0.0.1:6666.
[2022.12.31-18.57.15:768][  0]LogTcpMessaging: Initializing TcpMessaging bridge
[2022.12.31-18.57.15:842][  0]LogPython: Using Python 3.7.7
[2022.12.31-18.57.17:210][  0]SourceControl: Source control is disabled
[2022.12.31-18.57.17:210][  0]SourceControl: Source control is disabled
[2022.12.31-18.57.17:246][  0]SourceControl: Source control is disabled
[2022.12.31-18.57.17:279][  0]SourceControl: Source control is disabled
[2022.12.31-18.57.17:292][  0]SourceControl: Source control is disabled
[2022.12.31-18.57.17:313][  0]LogUProjectInfo: Found projects:
[2022.12.31-18.57.17:926][  0]LogOpenImageDenoise: OIDN starting up
[2022.12.31-18.57.18:000][  0]LogAndroidPermission: UAndroidPermissionCallbackProxy::GetInstance
[2022.12.31-18.57.18:079][  0]LogAudioCaptureCore: Display: No Audio Capture implementations found. Audio input will be silent.
[2022.12.31-18.57.18:080][  0]LogAudioCaptureCore: Display: No Audio Capture implementations found. Audio input will be silent.
[2022.12.31-18.57.18:398][  0]LogCollectionManager: Loaded 0 collections in 0.000966 seconds
[2022.12.31-18.57.18:465][  0]LogFileCache: Scanning file cache for directory 'D:/_UnrealProjects/Unreal_EnhancedCityBuilderGame/EnhancedCityBuilder/Saved/Collections/' took 0.00s
[2022.12.31-18.57.18:466][  0]LogFileCache: Scanning file cache for directory 'D:/_UnrealProjects/Unreal_EnhancedCityBuilderGame/EnhancedCityBuilder/Content/Developers/noura/Collections/' took 0.00s
[2022.12.31-18.57.18:466][  0]LogFileCache: Scanning file cache for directory 'D:/_UnrealProjects/Unreal_EnhancedCityBuilderGame/EnhancedCityBuilder/Content/Collections/' took 0.00s
[2022.12.31-18.57.18:466][  0]LogOcInput: OculusInput pre-init called
[2022.12.31-18.57.19:076][  0]LogEngine: Initializing Engine...
[2022.12.31-18.57.19:082][  0]LogHMD: Failed to enumerate extensions. Please check that you have a valid OpenXR runtime installed.
[2022.12.31-18.57.19:082][  0]LogHMD: Failed to initialize OpenVR with code 110
[2022.12.31-18.57.19:082][  0]LogMagicLeap: Warning: VR disabled because ZI is not enabled.  To enable, in the editor, Edit -> Project Settings -> Plugins -> Magic Leap Plugin -> Enable Zero Iteration
[2022.12.31-18.57.19:084][  0]LogStats: UGameplayTagsManager::InitializeManager -  0.000 s
[2022.12.31-18.57.19:215][  0]LogInit: Initializing FReadOnlyCVARCache
[2022.12.31-18.57.19:236][  0]LogAIModule: Creating AISystem for world Untitled
[2022.12.31-18.57.19:252][  0]LogAudio: Display: Initializing Audio Device Manager...
[2022.12.31-18.57.19:271][  0]LogAudio: Display: Loading Default Audio Settings Objects...
[2022.12.31-18.57.19:272][  0]LogAudio: Display: No default SoundConcurrencyObject specified (or failed to load).
[2022.12.31-18.57.19:272][  0]LogAudio: Display: Audio Device Manager Initialized
[2022.12.31-18.57.19:273][  0]LogAudio: Display: Creating Audio Device:                 Id: 1, Scope: Shared, Realtime: True
[2022.12.31-18.57.19:273][  0]LogAudioMixer: Display: Audio Mixer Platform Settings:
[2022.12.31-18.57.19:273][  0]LogAudioMixer: Display: 	Sample Rate:						  48000
[2022.12.31-18.57.19:273][  0]LogAudioMixer: Display: 	Callback Buffer Frame Size Requested: 1024
[2022.12.31-18.57.19:274][  0]LogAudioMixer: Display: 	Callback Buffer Frame Size To Use:	  1024
[2022.12.31-18.57.19:274][  0]LogAudioMixer: Display: 	Number of buffers to queue:			  2
[2022.12.31-18.57.19:274][  0]LogAudioMixer: Display: 	Max Channels (voices):				  32
[2022.12.31-18.57.19:274][  0]LogAudioMixer: Display: 	Number of Async Source Workers:		  0
[2022.12.31-18.57.19:274][  0]LogAudio: Display: AudioDevice MaxSources: 32
[2022.12.31-18.57.19:275][  0]LogAudio: Display: Audio Spatialization Plugin: None (built-in).
[2022.12.31-18.57.19:275][  0]LogAudio: Display: Audio Reverb Plugin: None (built-in).
[2022.12.31-18.57.19:276][  0]LogAudio: Display: Audio Occlusion Plugin: None (built-in).
[2022.12.31-18.57.19:276][  0]LogAudioMixer: Display: Initializing audio mixer.
[2022.12.31-18.57.19:330][  0]LogAudioMixer: Display: 0: FrontLeft
[2022.12.31-18.57.19:330][  0]LogAudioMixer: Display: 1: FrontRight
[2022.12.31-18.57.19:415][  0]LogAudioMixer: Display: Using Audio Device Speakers (Realtek(R) Audio)
[2022.12.31-18.57.19:422][  0]LogAudioMixer: Display: Initializing Sound Submixes...
[2022.12.31-18.57.19:425][  0]LogAudioMixer: Display: Creating Master Submix 'MasterSubmixDefault'
[2022.12.31-18.57.19:426][  0]LogAudioMixer: Display: Creating Master Submix 'MasterReverbSubmixDefault'
[2022.12.31-18.57.19:427][  0]LogAudioMixer: Display: Creating Master Submix 'MasterEQSubmixDefault'
[2022.12.31-18.57.19:427][  0]LogAudioMixer: FMixerPlatformXAudio2::StartAudioStream() called
[2022.12.31-18.57.19:427][  0]LogAudioMixer: Display: Output buffers initialized: Frames=1024, Channels=2, Samples=2048
[2022.12.31-18.57.19:430][  0]LogAudioMixer: Display: Starting AudioMixerPlatformInterface::RunInternal()
[2022.12.31-18.57.19:430][  0]LogAudioMixer: Display: FMixerPlatformXAudio2::SubmitBuffer() called for the first time
[2022.12.31-18.57.19:431][  0]LogInit: FAudioDevice initialized.
[2022.12.31-18.57.19:431][  0]LogAudio: Display: Audio Device (ID: 1) registered with world 'Untitled'.
[2022.12.31-18.57.19:432][  0]LogNetVersion: Set ProjectVersion to 1.0.0.0. Version Checksum will be recalculated on next use.
[2022.12.31-18.57.19:479][  0]LogDerivedDataCache: Saved boot cache 0.05s 94MB C:/Users/noura/AppData/Local/UnrealEngine/4.27/DerivedDataCache/Boot.ddc.
[2022.12.31-18.57.19:480][  0]LogInit: Texture streaming: Enabled
[2022.12.31-18.57.19:523][  0]LogAnalytics: Display: [UEEditor.Rocket.Release] APIServer = https://datarouter.ol.epicgames.com/. AppVersion = 4.27.2-18319896+++UE4+Release-4.27
[2022.12.31-18.57.19:536][  0]LogEngineSessionManager: EngineSessionManager initialized
[2022.12.31-18.57.19:537][  0]LogEditorSessionSummary: Verbose: Initializing EditorSessionSummaryWriter for editor session tracking
[2022.12.31-18.57.19:543][  0]LogEditorSessionSummary: EditorSessionSummaryWriter initialized
[2022.12.31-18.57.19:594][  0]LogInit: Transaction tracking system initialized
[2022.12.31-18.57.19:688][  0]BlueprintLog: New page: Editor Load
[2022.12.31-18.57.19:948][  0]LocalizationService: Localization service is disabled
[2022.12.31-18.57.20:044][  0]TimingProfiler: Initialize
[2022.12.31-18.57.20:044][  0]TimingProfiler: OnSessionChanged
[2022.12.31-18.57.20:045][  0]LoadingProfiler: Initialize
[2022.12.31-18.57.20:045][  0]LoadingProfiler: OnSessionChanged
[2022.12.31-18.57.20:045][  0]NetworkingProfiler: Initialize
[2022.12.31-18.57.20:046][  0]NetworkingProfiler: OnSessionChanged
[2022.12.31-18.57.20:046][  0]MemoryProfiler: Initialize
[2022.12.31-18.57.20:047][  0]MemoryProfiler: OnSessionChanged
[2022.12.31-18.57.20:391][  0]LogCook: Display: CookSettings for Memory: MemoryMaxUsedVirtual 0MiB, MemoryMaxUsedPhysical 16384MiB, MemoryMinFreeVirtual 0MiB, MemoryMinFreePhysical 1024MiB
[2022.12.31-18.57.20:392][  0]LogFileCache: Scanning file cache for directory 'D:/_UnrealProjects/Unreal_EnhancedCityBuilderGame/EnhancedCityBuilder/Content/' took 0.00s
[2022.12.31-18.57.20:392][  0]LogCook: Display: Mobile HDR setting 1
[2022.12.31-18.57.21:970][  0]LogInit: Display: Engine is initialized. Leaving FEngineLoop::Init()
[2022.12.31-18.57.21:977][  0]SourceControl: Source control is disabled
[2022.12.31-18.57.21:978][  0]LogUnrealEdMisc: Loading editor; pre map load, took 22.155
[2022.12.31-18.57.21:978][  0]Cmd: MAP LOAD FILE="../../../Engine/Content/Maps/Templates/Template_Default.umap" TEMPLATE=1 SHOWPROGRESS=1 FEATURELEVEL=3
[2022.12.31-18.57.21:980][  0]LightingResults: New page: Lighting Build
[2022.12.31-18.57.21:984][  0]LogWorld: UWorld::CleanupWorld for Untitled, bSessionEnded=true, bCleanupResources=true
[2022.12.31-18.57.21:985][  0]LogSlate: InvalidateAllWidgets triggered.  All widgets were invalidated
[2022.12.31-18.57.21:985][  0]MapCheck: New page: Map Check
[2022.12.31-18.57.21:986][  0]LightingResults: New page: Lighting Build
[2022.12.31-18.57.21:998][  0]LogAudio: Display: Audio Device unregistered from world 'None'.
[2022.12.31-18.57.22:006][  0]LogUObjectHash: Compacting FUObjectHashTables data took   1.76ms
[2022.12.31-18.57.22:140][  0]LogAudio: Display: Audio Device (ID: 1) registered with world 'Untitled_1'.
[2022.12.31-18.57.22:141][  0]LogAIModule: Creating AISystem for world Untitled_1
[2022.12.31-18.57.22:152][  0]LogEditorServer: Finished looking for orphan Actors (0.000 secs)
[2022.12.31-18.57.22:171][  0]LogUObjectHash: Compacting FUObjectHashTables data took   1.16ms
[2022.12.31-18.57.22:172][  0]Cmd: MAP CHECKDEP NOCLEARLOG
[2022.12.31-18.57.22:172][  0]MapCheck: Map check complete: 0 Error(s), 0 Warning(s), took 0.23ms to complete.
[2022.12.31-18.57.22:173][  0]LogFileHelpers: Loading map 'Template_Default' took 0.194
[2022.12.31-18.57.22:176][  0]LogUnrealEdMisc: Total Editor Startup Time, took 22.353
[2022.12.31-18.57.22:368][  0]LogSlate: Updating window title bar state: overlay mode, drag disabled, window buttons hidden, title bar hidden
[2022.12.31-18.57.22:378][  0]LogSlate: Updating window title bar state: overlay mode, drag disabled, window buttons hidden, title bar hidden
[2022.12.31-18.57.22:387][  0]LogSlate: Updating window title bar state: overlay mode, drag disabled, window buttons hidden, title bar hidden
[2022.12.31-18.57.22:396][  0]LogSlate: Updating window title bar state: overlay mode, drag disabled, window buttons hidden, title bar hidden
[2022.12.31-18.57.22:412][  0]LogNativeClassHierarchy: Verbose: Native class hierarchy populated in 0.0105 seconds. Added 3829 classes and 930 folders.
[2022.12.31-18.57.22:416][  0]LogNativeClassHierarchy: Verbose: Native class hierarchy updated for 'WidgetCarousel' in 0.0003 seconds. Added 0 classes and 0 folders.
[2022.12.31-18.57.22:420][  0]LogPakFile: PakFile PrimaryIndexSize=187
[2022.12.31-18.57.22:420][  0]LogPakFile: PakFile PathHashIndexSize=101
[2022.12.31-18.57.22:421][  0]LogPakFile: PakFile FullDirectoryIndexSize=148
[2022.12.31-18.57.22:421][  0]LogShaderLibrary: Display: ShaderCodeLibraryPakFileMountedCallback: PakFile 'D:/UE_4.27/FeaturePacks/FP_FirstPerson.upack' (chunk index -1, root 'root:/') mounted
[2022.12.31-18.57.22:421][  0]LogShaderLibrary: Display: ShaderCodeLibraryPakFileMountedCallback: pending pak file info (ChunkID:-1 Root:root:/ File:D:/UE_4.27/FeaturePacks/FP_FirstPerson.upack)
[2022.12.31-18.57.22:421][  0]LogPakFile: OnPakFileMounted2Time == 0.000616
[2022.12.31-18.57.22:423][  0]LogPakFile: PakFile PrimaryIndexSize=189
[2022.12.31-18.57.22:423][  0]LogPakFile: PakFile PathHashIndexSize=101
[2022.12.31-18.57.22:424][  0]LogPakFile: PakFile FullDirectoryIndexSize=152
[2022.12.31-18.57.22:424][  0]LogShaderLibrary: Display: ShaderCodeLibraryPakFileMountedCallback: PakFile 'D:/UE_4.27/FeaturePacks/FP_FirstPersonBP.upack' (chunk index -1, root 'root:/') mounted
[2022.12.31-18.57.22:424][  0]LogShaderLibrary: Display: ShaderCodeLibraryPakFileMountedCallback: pending pak file info (ChunkID:-1 Root:root:/ File:D:/UE_4.27/FeaturePacks/FP_FirstPersonBP.upack)
[2022.12.31-18.57.22:425][  0]LogPakFile: OnPakFileMounted2Time == 0.000656
[2022.12.31-18.57.22:427][  0]LogPakFile: PakFile PrimaryIndexSize=191
[2022.12.31-18.57.22:428][  0]LogPakFile: PakFile PathHashIndexSize=101
[2022.12.31-18.57.22:428][  0]LogPakFile: PakFile FullDirectoryIndexSize=160
[2022.12.31-18.57.22:428][  0]LogShaderLibrary: Display: ShaderCodeLibraryPakFileMountedCallback: PakFile 'D:/UE_4.27/FeaturePacks/MobileStarterContent.upack' (chunk index -1, root 'root:/') mounted
[2022.12.31-18.57.22:428][  0]LogShaderLibrary: Display: ShaderCodeLibraryPakFileMountedCallback: pending pak file info (ChunkID:-1 Root:root:/ File:D:/UE_4.27/FeaturePacks/MobileStarterContent.upack)
[2022.12.31-18.57.22:429][  0]LogPakFile: OnPakFileMounted2Time == 0.000554
[2022.12.31-18.57.22:431][  0]LogPakFile: PakFile PrimaryIndexSize=185
[2022.12.31-18.57.22:431][  0]LogPakFile: PakFile PathHashIndexSize=101
[2022.12.31-18.57.22:431][  0]LogPakFile: PakFile FullDirectoryIndexSize=148
[2022.12.31-18.57.22:431][  0]LogShaderLibrary: Display: ShaderCodeLibraryPakFileMountedCallback: PakFile 'D:/UE_4.27/FeaturePacks/StarterContent.upack' (chunk index -1, root 'root:/') mounted
[2022.12.31-18.57.22:432][  0]LogShaderLibrary: Display: ShaderCodeLibraryPakFileMountedCallback: pending pak file info (ChunkID:-1 Root:root:/ File:D:/UE_4.27/FeaturePacks/StarterContent.upack)
[2022.12.31-18.57.22:432][  0]LogPakFile: OnPakFileMounted2Time == 0.000688
[2022.12.31-18.57.22:435][  0]LogPakFile: PakFile PrimaryIndexSize=190
[2022.12.31-18.57.22:435][  0]LogPakFile: PakFile PathHashIndexSize=101
[2022.12.31-18.57.22:435][  0]LogPakFile: PakFile FullDirectoryIndexSize=154
[2022.12.31-18.57.22:435][  0]LogShaderLibrary: Display: ShaderCodeLibraryPakFileMountedCallback: PakFile 'D:/UE_4.27/FeaturePacks/TP_2DSideScroller.upack' (chunk index -1, root 'root:/') mounted
[2022.12.31-18.57.22:435][  0]LogShaderLibrary: Display: ShaderCodeLibraryPakFileMountedCallback: pending pak file info (ChunkID:-1 Root:root:/ File:D:/UE_4.27/FeaturePacks/TP_2DSideScroller.upack)
[2022.12.31-18.57.22:436][  0]LogPakFile: OnPakFileMounted2Time == 0.000381
[2022.12.31-18.57.22:444][  0]LogPakFile: PakFile PrimaryIndexSize=192
[2022.12.31-18.57.22:444][  0]LogPakFile: PakFile PathHashIndexSize=101
[2022.12.31-18.57.22:444][  0]LogPakFile: PakFile FullDirectoryIndexSize=158
[2022.12.31-18.57.22:444][  0]LogShaderLibrary: Display: ShaderCodeLibraryPakFileMountedCallback: PakFile 'D:/UE_4.27/FeaturePacks/TP_2DSideScrollerBP.upack' (chunk index -1, root 'root:/') mounted
[2022.12.31-18.57.22:444][  0]LogShaderLibrary: Display: ShaderCodeLibraryPakFileMountedCallback: pending pak file info (ChunkID:-1 Root:root:/ File:D:/UE_4.27/FeaturePacks/TP_2DSideScrollerBP.upack)
[2022.12.31-18.57.22:445][  0]LogPakFile: OnPakFileMounted2Time == 0.000222
[2022.12.31-18.57.22:447][  0]LogPakFile: PakFile PrimaryIndexSize=182
[2022.12.31-18.57.22:447][  0]LogPakFile: PakFile PathHashIndexSize=101
[2022.12.31-18.57.22:447][  0]LogPakFile: PakFile FullDirectoryIndexSize=138
[2022.12.31-18.57.22:447][  0]LogShaderLibrary: Display: ShaderCodeLibraryPakFileMountedCallback: PakFile 'D:/UE_4.27/FeaturePacks/TP_Flying.upack' (chunk index -1, root 'root:/') mounted
[2022.12.31-18.57.22:447][  0]LogShaderLibrary: Display: ShaderCodeLibraryPakFileMountedCallback: pending pak file info (ChunkID:-1 Root:root:/ File:D:/UE_4.27/FeaturePacks/TP_Flying.upack)
[2022.12.31-18.57.22:447][  0]LogPakFile: OnPakFileMounted2Time == 0.000379
[2022.12.31-18.57.22:449][  0]LogPakFile: PakFile PrimaryIndexSize=184
[2022.12.31-18.57.22:449][  0]LogPakFile: PakFile PathHashIndexSize=101
[2022.12.31-18.57.22:449][  0]LogPakFile: PakFile FullDirectoryIndexSize=142
[2022.12.31-18.57.22:450][  0]LogShaderLibrary: Display: ShaderCodeLibraryPakFileMountedCallback: PakFile 'D:/UE_4.27/FeaturePacks/TP_FlyingBP.upack' (chunk index -1, root 'root:/') mounted
[2022.12.31-18.57.22:450][  0]LogShaderLibrary: Display: ShaderCodeLibraryPakFileMountedCallback: pending pak file info (ChunkID:-1 Root:root:/ File:D:/UE_4.27/FeaturePacks/TP_FlyingBP.upack)
[2022.12.31-18.57.22:450][  0]LogPakFile: OnPakFileMounted2Time == 0.000406
[2022.12.31-18.57.22:451][  0]LogPakFile: PakFile PrimaryIndexSize=188
[2022.12.31-18.57.22:452][  0]LogPakFile: PakFile PathHashIndexSize=101
[2022.12.31-18.57.22:452][  0]LogPakFile: PakFile FullDirectoryIndexSize=150
[2022.12.31-18.57.22:452][  0]LogShaderLibrary: Display: ShaderCodeLibraryPakFileMountedCallback: PakFile 'D:/UE_4.27/FeaturePacks/TP_HandheldARBP.upack' (chunk index -1, root 'root:/') mounted
[2022.12.31-18.57.22:452][  0]LogShaderLibrary: Display: ShaderCodeLibraryPakFileMountedCallback: pending pak file info (ChunkID:-1 Root:root:/ File:D:/UE_4.27/FeaturePacks/TP_HandheldARBP.upack)
[2022.12.31-18.57.22:453][  0]LogPakFile: OnPakFileMounted2Time == 0.000522
[2022.12.31-18.57.22:455][  0]LogPakFile: PakFile PrimaryIndexSize=182
[2022.12.31-18.57.22:455][  0]LogPakFile: PakFile PathHashIndexSize=101
[2022.12.31-18.57.22:456][  0]LogPakFile: PakFile FullDirectoryIndexSize=138
[2022.12.31-18.57.22:456][  0]LogShaderLibrary: Display: ShaderCodeLibraryPakFileMountedCallback: PakFile 'D:/UE_4.27/FeaturePacks/TP_Puzzle.upack' (chunk index -1, root 'root:/') mounted
[2022.12.31-18.57.22:456][  0]LogShaderLibrary: Display: ShaderCodeLibraryPakFileMountedCallback: pending pak file info (ChunkID:-1 Root:root:/ File:D:/UE_4.27/FeaturePacks/TP_Puzzle.upack)
[2022.12.31-18.57.22:456][  0]LogPakFile: OnPakFileMounted2Time == 0.000398
[2022.12.31-18.57.22:457][  0]LogPakFile: PakFile PrimaryIndexSize=184
[2022.12.31-18.57.22:458][  0]LogPakFile: PakFile PathHashIndexSize=101
[2022.12.31-18.57.22:458][  0]LogPakFile: PakFile FullDirectoryIndexSize=142
[2022.12.31-18.57.22:458][  0]LogShaderLibrary: Display: ShaderCodeLibraryPakFileMountedCallback: PakFile 'D:/UE_4.27/FeaturePacks/TP_PuzzleBP.upack' (chunk index -1, root 'root:/') mounted
[2022.12.31-18.57.22:458][  0]LogShaderLibrary: Display: ShaderCodeLibraryPakFileMountedCallback: pending pak file info (ChunkID:-1 Root:root:/ File:D:/UE_4.27/FeaturePacks/TP_PuzzleBP.upack)
[2022.12.31-18.57.22:458][  0]LogPakFile: OnPakFileMounted2Time == 0.000191
[2022.12.31-18.57.22:459][  0]LogPakFile: PakFile PrimaryIndexSize=183
[2022.12.31-18.57.22:459][  0]LogPakFile: PakFile PathHashIndexSize=101
[2022.12.31-18.57.22:460][  0]LogPakFile: PakFile FullDirectoryIndexSize=140
[2022.12.31-18.57.22:460][  0]LogShaderLibrary: Display: ShaderCodeLibraryPakFileMountedCallback: PakFile 'D:/UE_4.27/FeaturePacks/TP_Rolling.upack' (chunk index -1, root 'root:/') mounted
[2022.12.31-18.57.22:461][  0]LogShaderLibrary: Display: ShaderCodeLibraryPakFileMountedCallback: pending pak file info (ChunkID:-1 Root:root:/ File:D:/UE_4.27/FeaturePacks/TP_Rolling.upack)
[2022.12.31-18.57.22:461][  0]LogPakFile: OnPakFileMounted2Time == 0.000576
[2022.12.31-18.57.22:462][  0]LogPakFile: PakFile PrimaryIndexSize=185
[2022.12.31-18.57.22:462][  0]LogPakFile: PakFile PathHashIndexSize=101
[2022.12.31-18.57.22:462][  0]LogPakFile: PakFile FullDirectoryIndexSize=144
[2022.12.31-18.57.22:462][  0]LogShaderLibrary: Display: ShaderCodeLibraryPakFileMountedCallback: PakFile 'D:/UE_4.27/FeaturePacks/TP_RollingBP.upack' (chunk index -1, root 'root:/') mounted
[2022.12.31-18.57.22:462][  0]LogShaderLibrary: Display: ShaderCodeLibraryPakFileMountedCallback: pending pak file info (ChunkID:-1 Root:root:/ File:D:/UE_4.27/FeaturePacks/TP_RollingBP.upack)
[2022.12.31-18.57.22:462][  0]LogPakFile: OnPakFileMounted2Time == 0.000170
[2022.12.31-18.57.22:464][  0]LogPakFile: PakFile PrimaryIndexSize=188
[2022.12.31-18.57.22:464][  0]LogPakFile: PakFile PathHashIndexSize=101
[2022.12.31-18.57.22:464][  0]LogPakFile: PakFile FullDirectoryIndexSize=150
[2022.12.31-18.57.22:464][  0]LogShaderLibrary: Display: ShaderCodeLibraryPakFileMountedCallback: PakFile 'D:/UE_4.27/FeaturePacks/TP_SideScroller.upack' (chunk index -1, root 'root:/') mounted
[2022.12.31-18.57.22:464][  0]LogShaderLibrary: Display: ShaderCodeLibraryPakFileMountedCallback: pending pak file info (ChunkID:-1 Root:root:/ File:D:/UE_4.27/FeaturePacks/TP_SideScroller.upack)
[2022.12.31-18.57.22:464][  0]LogPakFile: OnPakFileMounted2Time == 0.000348
[2022.12.31-18.57.22:465][  0]LogPakFile: PakFile PrimaryIndexSize=190
[2022.12.31-18.57.22:465][  0]LogPakFile: PakFile PathHashIndexSize=101
[2022.12.31-18.57.22:465][  0]LogPakFile: PakFile FullDirectoryIndexSize=154
[2022.12.31-18.57.22:466][  0]LogShaderLibrary: Display: ShaderCodeLibraryPakFileMountedCallback: PakFile 'D:/UE_4.27/FeaturePacks/TP_SideScrollerBP.upack' (chunk index -1, root 'root:/') mounted
[2022.12.31-18.57.22:466][  0]LogShaderLibrary: Display: ShaderCodeLibraryPakFileMountedCallback: pending pak file info (ChunkID:-1 Root:root:/ File:D:/UE_4.27/FeaturePacks/TP_SideScrollerBP.upack)
[2022.12.31-18.57.22:466][  0]LogPakFile: OnPakFileMounted2Time == 0.000425
[2022.12.31-18.57.22:467][  0]LogPakFile: PakFile PrimaryIndexSize=187
[2022.12.31-18.57.22:467][  0]LogPakFile: PakFile PathHashIndexSize=101
[2022.12.31-18.57.22:468][  0]LogPakFile: PakFile FullDirectoryIndexSize=148
[2022.12.31-18.57.22:468][  0]LogShaderLibrary: Display: ShaderCodeLibraryPakFileMountedCallback: PakFile 'D:/UE_4.27/FeaturePacks/TP_ThirdPerson.upack' (chunk index -1, root 'root:/') mounted
[2022.12.31-18.57.22:468][  0]LogShaderLibrary: Display: ShaderCodeLibraryPakFileMountedCallback: pending pak file info (ChunkID:-1 Root:root:/ File:D:/UE_4.27/FeaturePacks/TP_ThirdPerson.upack)
[2022.12.31-18.57.22:468][  0]LogPakFile: OnPakFileMounted2Time == 0.000417
[2022.12.31-18.57.22:469][  0]LogPakFile: PakFile PrimaryIndexSize=189
[2022.12.31-18.57.22:469][  0]LogPakFile: PakFile PathHashIndexSize=101
[2022.12.31-18.57.22:469][  0]LogPakFile: PakFile FullDirectoryIndexSize=152
[2022.12.31-18.57.22:469][  0]LogShaderLibrary: Display: ShaderCodeLibraryPakFileMountedCallback: PakFile 'D:/UE_4.27/FeaturePacks/TP_ThirdPersonBP.upack' (chunk index -1, root 'root:/') mounted
[2022.12.31-18.57.22:469][  0]LogShaderLibrary: Display: ShaderCodeLibraryPakFileMountedCallback: pending pak file info (ChunkID:-1 Root:root:/ File:D:/UE_4.27/FeaturePacks/TP_ThirdPersonBP.upack)
[2022.12.31-18.57.22:470][  0]LogPakFile: OnPakFileMounted2Time == 0.000292
[2022.12.31-18.57.22:471][  0]LogPakFile: PakFile PrimaryIndexSize=183
[2022.12.31-18.57.22:471][  0]LogPakFile: PakFile PathHashIndexSize=101
[2022.12.31-18.57.22:471][  0]LogPakFile: PakFile FullDirectoryIndexSize=140
[2022.12.31-18.57.22:471][  0]LogShaderLibrary: Display: ShaderCodeLibraryPakFileMountedCallback: PakFile 'D:/UE_4.27/FeaturePacks/TP_TopDown.upack' (chunk index -1, root 'root:/') mounted
[2022.12.31-18.57.22:472][  0]LogShaderLibrary: Display: ShaderCodeLibraryPakFileMountedCallback: pending pak file info (ChunkID:-1 Root:root:/ File:D:/UE_4.27/FeaturePacks/TP_TopDown.upack)
[2022.12.31-18.57.22:472][  0]LogPakFile: OnPakFileMounted2Time == 0.000515
[2022.12.31-18.57.22:474][  0]LogPakFile: PakFile PrimaryIndexSize=185
[2022.12.31-18.57.22:474][  0]LogPakFile: PakFile PathHashIndexSize=101
[2022.12.31-18.57.22:474][  0]LogPakFile: PakFile FullDirectoryIndexSize=144
[2022.12.31-18.57.22:475][  0]LogShaderLibrary: Display: ShaderCodeLibraryPakFileMountedCallback: PakFile 'D:/UE_4.27/FeaturePacks/TP_TopDownBP.upack' (chunk index -1, root 'root:/') mounted
[2022.12.31-18.57.22:475][  0]LogShaderLibrary: Display: ShaderCodeLibraryPakFileMountedCallback: pending pak file info (ChunkID:-1 Root:root:/ File:D:/UE_4.27/FeaturePacks/TP_TopDownBP.upack)
[2022.12.31-18.57.22:475][  0]LogPakFile: OnPakFileMounted2Time == 0.000381
[2022.12.31-18.57.22:476][  0]LogPakFile: PakFile PrimaryIndexSize=185
[2022.12.31-18.57.22:476][  0]LogPakFile: PakFile PathHashIndexSize=101
[2022.12.31-18.57.22:476][  0]LogPakFile: PakFile FullDirectoryIndexSize=144
[2022.12.31-18.57.22:476][  0]LogShaderLibrary: Display: ShaderCodeLibraryPakFileMountedCallback: PakFile 'D:/UE_4.27/FeaturePacks/TP_TwinStick.upack' (chunk index -1, root 'root:/') mounted
[2022.12.31-18.57.22:477][  0]LogShaderLibrary: Display: ShaderCodeLibraryPakFileMountedCallback: pending pak file info (ChunkID:-1 Root:root:/ File:D:/UE_4.27/FeaturePacks/TP_TwinStick.upack)
[2022.12.31-18.57.22:477][  0]LogPakFile: OnPakFileMounted2Time == 0.000477
[2022.12.31-18.57.22:478][  0]LogPakFile: PakFile PrimaryIndexSize=187
[2022.12.31-18.57.22:478][  0]LogPakFile: PakFile PathHashIndexSize=101
[2022.12.31-18.57.22:478][  0]LogPakFile: PakFile FullDirectoryIndexSize=148
[2022.12.31-18.57.22:478][  0]LogShaderLibrary: Display: ShaderCodeLibraryPakFileMountedCallback: PakFile 'D:/UE_4.27/FeaturePacks/TP_TwinStickBP.upack' (chunk index -1, root 'root:/') mounted
[2022.12.31-18.57.22:478][  0]LogShaderLibrary: Display: ShaderCodeLibraryPakFileMountedCallback: pending pak file info (ChunkID:-1 Root:root:/ File:D:/UE_4.27/FeaturePacks/TP_TwinStickBP.upack)
[2022.12.31-18.57.22:479][  0]LogPakFile: OnPakFileMounted2Time == 0.000599
[2022.12.31-18.57.22:481][  0]LogPakFile: PakFile PrimaryIndexSize=183
[2022.12.31-18.57.22:481][  0]LogPakFile: PakFile PathHashIndexSize=101
[2022.12.31-18.57.22:481][  0]LogPakFile: PakFile FullDirectoryIndexSize=140
[2022.12.31-18.57.22:481][  0]LogShaderLibrary: Display: ShaderCodeLibraryPakFileMountedCallback: PakFile 'D:/UE_4.27/FeaturePacks/TP_Vehicle.upack' (chunk index -1, root 'root:/') mounted
[2022.12.31-18.57.22:482][  0]LogShaderLibrary: Display: ShaderCodeLibraryPakFileMountedCallback: pending pak file info (ChunkID:-1 Root:root:/ File:D:/UE_4.27/FeaturePacks/TP_Vehicle.upack)
[2022.12.31-18.57.22:482][  0]LogPakFile: OnPakFileMounted2Time == 0.000452
[2022.12.31-18.57.22:483][  0]LogPakFile: PakFile PrimaryIndexSize=186
[2022.12.31-18.57.22:483][  0]LogPakFile: PakFile PathHashIndexSize=101
[2022.12.31-18.57.22:483][  0]LogPakFile: PakFile FullDirectoryIndexSize=146
[2022.12.31-18.57.22:483][  0]LogShaderLibrary: Display: ShaderCodeLibraryPakFileMountedCallback: PakFile 'D:/UE_4.27/FeaturePacks/TP_VehicleAdv.upack' (chunk index -1, root 'root:/') mounted
[2022.12.31-18.57.22:483][  0]LogShaderLibrary: Display: ShaderCodeLibraryPakFileMountedCallback: pending pak file info (ChunkID:-1 Root:root:/ File:D:/UE_4.27/FeaturePacks/TP_VehicleAdv.upack)
[2022.12.31-18.57.22:483][  0]LogPakFile: OnPakFileMounted2Time == 0.000370
[2022.12.31-18.57.22:485][  0]LogPakFile: PakFile PrimaryIndexSize=188
[2022.12.31-18.57.22:485][  0]LogPakFile: PakFile PathHashIndexSize=101
[2022.12.31-18.57.22:485][  0]LogPakFile: PakFile FullDirectoryIndexSize=150
[2022.12.31-18.57.22:485][  0]LogShaderLibrary: Display: ShaderCodeLibraryPakFileMountedCallback: PakFile 'D:/UE_4.27/FeaturePacks/TP_VehicleAdvBP.upack' (chunk index -1, root 'root:/') mounted
[2022.12.31-18.57.22:485][  0]LogShaderLibrary: Display: ShaderCodeLibraryPakFileMountedCallback: pending pak file info (ChunkID:-1 Root:root:/ File:D:/UE_4.27/FeaturePacks/TP_VehicleAdvBP.upack)
[2022.12.31-18.57.22:485][  0]LogPakFile: OnPakFileMounted2Time == 0.000292
[2022.12.31-18.57.22:487][  0]LogPakFile: PakFile PrimaryIndexSize=185
[2022.12.31-18.57.22:487][  0]LogPakFile: PakFile PathHashIndexSize=101
[2022.12.31-18.57.22:487][  0]LogPakFile: PakFile FullDirectoryIndexSize=144
[2022.12.31-18.57.22:488][  0]LogShaderLibrary: Display: ShaderCodeLibraryPakFileMountedCallback: PakFile 'D:/UE_4.27/FeaturePacks/TP_VehicleBP.upack' (chunk index -1, root 'root:/') mounted
[2022.12.31-18.57.22:488][  0]LogShaderLibrary: Display: ShaderCodeLibraryPakFileMountedCallback: pending pak file info (ChunkID:-1 Root:root:/ File:D:/UE_4.27/FeaturePacks/TP_VehicleBP.upack)
[2022.12.31-18.57.22:488][  0]LogPakFile: OnPakFileMounted2Time == 0.000646
[2022.12.31-18.57.22:491][  0]LogPakFile: PakFile PrimaryIndexSize=192
[2022.12.31-18.57.22:491][  0]LogPakFile: PakFile PathHashIndexSize=101
[2022.12.31-18.57.22:491][  0]LogPakFile: PakFile FullDirectoryIndexSize=158
[2022.12.31-18.57.22:492][  0]LogShaderLibrary: Display: ShaderCodeLibraryPakFileMountedCallback: PakFile 'D:/UE_4.27/FeaturePacks/TP_VirtualRealityBP.upack' (chunk index -1, root 'root:/') mounted
[2022.12.31-18.57.22:492][  0]LogShaderLibrary: Display: ShaderCodeLibraryPakFileMountedCallback: pending pak file info (ChunkID:-1 Root:root:/ File:D:/UE_4.27/FeaturePacks/TP_VirtualRealityBP.upack)
[2022.12.31-18.57.22:492][  0]LogPakFile: OnPakFileMounted2Time == 0.000462
[2022.12.31-18.57.22:560][  0]LogNativeClassHierarchy: Verbose: Native class hierarchy updated for 'AddContentDialog' in 0.0003 seconds. Added 0 classes and 0 folders.
[2022.12.31-18.57.22:562][  0]LogNativeClassHierarchy: Verbose: Native class hierarchy updated for 'SceneOutliner' in 0.0003 seconds. Added 2 classes and 0 folders.
[2022.12.31-18.57.22:630][  0]LogSlate: Took 0.000727 seconds to synchronously load lazily loaded font '../../../Engine/Content/Slate/Fonts/Roboto-Regular.ttf' (155K)
[2022.12.31-18.57.22:632][  0]LogSlate: Took 0.000422 seconds to synchronously load lazily loaded font '../../../Engine/Content/Editor/Slate/Fonts/FontAwesome.ttf' (139K)
[2022.12.31-18.57.22:634][  0]LogSlate: Took 0.000506 seconds to synchronously load lazily loaded font '../../../Engine/Content/Slate/Fonts/Roboto-Bold.ttf' (160K)
[2022.12.31-18.57.22:723][  0]LogRenderer: Reallocating scene render targets to support 696x428 Format 10 NumSamples 1 (Frame:1).
[2022.12.31-18.57.22:784][  0]LogSlate: Took 0.000703 seconds to synchronously load lazily loaded font '../../../Engine/Content/Slate/Fonts/Roboto-Light.ttf' (167K)
[2022.12.31-18.57.22:894][  0]LogNativeClassHierarchy: Verbose: Native class hierarchy updated for 'HierarchicalLODOutliner' in 0.0004 seconds. Added 0 classes and 0 folders.
[2022.12.31-18.57.22:895][  0]LogLoad: (Engine Initialization) Total time: 23.07 seconds
[2022.12.31-18.57.22:895][  0]LogLoad: (Engine Initialization) Total Blueprint compile time: 0.00 seconds
[2022.12.31-18.57.22:945][  0]LogAssetRegistry: Asset discovery search completed in 11.6403 seconds
[2022.12.31-18.57.22:951][  0]LogCollectionManager: Fixed up redirectors for 0 collections in 0.000003 seconds (updated 0 objects)
[2022.12.31-18.57.22:953][  0]LogContentStreaming: Texture pool size now 1000 MB
[2022.12.31-18.57.30:290][828]LogUObjectHash: Compacting FUObjectHashTables data took   0.81ms
[2022.12.31-18.57.30:298][828]LogSlate: Took 0.000139 seconds to synchronously load lazily loaded font '../../../Engine/Content/Slate/Fonts/Roboto-Light.ttf' (167K)
[2022.12.31-18.57.30:361][828]LogAssetEditorSubsystem: Opening Asset editor for World /Game/Maps/MainMap.MainMap
[2022.12.31-18.57.30:361][828]Cmd: MAP LOAD FILE="../../../../_UnrealProjects/Unreal_EnhancedCityBuilderGame/EnhancedCityBuilder/Content/Maps/MainMap.umap" TEMPLATE=0 SHOWPROGRESS=1 FEATURELEVEL=3
[2022.12.31-18.57.30:362][828]LightingResults: New page: Lighting Build
[2022.12.31-18.57.30:362][828]LoadErrors: New page: Loading map: MainMap.umap
[2022.12.31-18.57.30:364][828]LogWorld: UWorld::CleanupWorld for Untitled_1, bSessionEnded=true, bCleanupResources=true
[2022.12.31-18.57.30:364][828]LogSlate: InvalidateAllWidgets triggered.  All widgets were invalidated
[2022.12.31-18.57.30:365][828]MapCheck: New page: Map Check
[2022.12.31-18.57.30:365][828]LightingResults: New page: Lighting Build
[2022.12.31-18.57.30:372][828]LogAudio: Display: Audio Device unregistered from world 'None'.
[2022.12.31-18.57.30:376][828]LogUObjectHash: Compacting FUObjectHashTables data took   1.56ms
[2022.12.31-18.57.30:378][828]LogAudio: Display: Audio Device (ID: 1) registered with world 'MainMap'.
[2022.12.31-18.57.30:381][828]LogEditorServer: Finished looking for orphan Actors (0.000 secs)
[2022.12.31-18.57.30:382][828]LogAIModule: Creating AISystem for world MainMap
[2022.12.31-18.57.30:392][828]LogUObjectHash: Compacting FUObjectHashTables data took   0.97ms
[2022.12.31-18.57.30:397][828]Cmd: MAP CHECKDEP NOCLEARLOG
[2022.12.31-18.57.30:398][828]MapCheck: Map check complete: 0 Error(s), 0 Warning(s), took 0.249ms to complete.
[2022.12.31-18.57.30:398][828]LogFileHelpers: Loading map 'MainMap' took 0.036
[2022.12.31-18.57.34:110][256]LogTemp: Repeating last play command: Selected Viewport
[2022.12.31-18.57.34:118][256]LogPlayLevel: PlayLevel: No blueprints needed recompiling
[2022.12.31-18.57.34:118][256]PIE: New page: PIE session: MainMap (Dec 31, 2022, 10:57:34 PM)
[2022.12.31-18.57.34:123][256]LogOnline: OSS: Creating online subsystem instance for: NULL
[2022.12.31-18.57.34:127][256]LogOnline: OSS: TryLoadSubsystemAndSetDefault: Loaded subsystem for module [NULL]
[2022.12.31-18.57.34:127][256]LogPlayLevel: Creating play world package: /Game/Maps/UEDPIE_0_MainMap
[2022.12.31-18.57.34:130][256]LogPlayLevel: PIE: StaticDuplicateObject took: (0.002231s)
[2022.12.31-18.57.34:131][256]LogAIModule: Creating AISystem for world MainMap
[2022.12.31-18.57.34:132][256]LogPlayLevel: PIE: World Init took: (0.001883s)
[2022.12.31-18.57.34:132][256]LogPlayLevel: PIE: Created PIE world by copying editor world from /Game/Maps/MainMap.MainMap to /Game/Maps/UEDPIE_0_MainMap.MainMap (0.004962s)
[2022.12.31-18.57.34:140][256]LogUObjectHash: Compacting FUObjectHashTables data took   0.54ms
[2022.12.31-18.57.34:141][256]LogAudio: Display: Creating Audio Device:                 Id: 2, Scope: Unique, Realtime: True
[2022.12.31-18.57.34:141][256]LogAudioMixer: Display: Audio Mixer Platform Settings:
[2022.12.31-18.57.34:141][256]LogAudioMixer: Display: 	Sample Rate:						  48000
[2022.12.31-18.57.34:142][256]LogAudioMixer: Display: 	Callback Buffer Frame Size Requested: 1024
[2022.12.31-18.57.34:142][256]LogAudioMixer: Display: 	Callback Buffer Frame Size To Use:	  1024
[2022.12.31-18.57.34:142][256]LogAudioMixer: Display: 	Number of buffers to queue:			  2
[2022.12.31-18.57.34:143][256]LogAudioMixer: Display: 	Max Channels (voices):				  32
[2022.12.31-18.57.34:143][256]LogAudioMixer: Display: 	Number of Async Source Workers:		  0
[2022.12.31-18.57.34:143][256]LogAudio: Display: AudioDevice MaxSources: 32
[2022.12.31-18.57.34:144][256]LogAudio: Display: Audio Spatialization Plugin: None (built-in).
[2022.12.31-18.57.34:144][256]LogAudio: Display: Audio Reverb Plugin: None (built-in).
[2022.12.31-18.57.34:144][256]LogAudio: Display: Audio Occlusion Plugin: None (built-in).
[2022.12.31-18.57.34:145][256]LogAudioMixer: Display: Initializing audio mixer.
[2022.12.31-18.57.34:148][256]LogAudioMixer: Display: 0: FrontLeft
[2022.12.31-18.57.34:148][256]LogAudioMixer: Display: 1: FrontRight
[2022.12.31-18.57.34:185][256]LogAudioMixer: Display: Using Audio Device Speakers (Realtek(R) Audio)
[2022.12.31-18.57.34:187][256]LogAudioMixer: Display: Initializing Sound Submixes...
[2022.12.31-18.57.34:187][256]LogAudioMixer: Display: Creating Master Submix 'MasterSubmixDefault'
[2022.12.31-18.57.34:187][256]LogAudioMixer: Display: Creating Master Submix 'MasterReverbSubmixDefault'
[2022.12.31-18.57.34:189][256]LogAudioMixer: Display: Creating Master Submix 'MasterEQSubmixDefault'
[2022.12.31-18.57.34:189][256]LogAudioMixer: FMixerPlatformXAudio2::StartAudioStream() called
[2022.12.31-18.57.34:189][256]LogAudioMixer: Display: Output buffers initialized: Frames=1024, Channels=2, Samples=2048
[2022.12.31-18.57.34:195][256]LogAudioMixer: Display: Starting AudioMixerPlatformInterface::RunInternal()
[2022.12.31-18.57.34:195][256]LogAudioMixer: Display: FMixerPlatformXAudio2::SubmitBuffer() called for the first time
[2022.12.31-18.57.34:195][256]LogInit: FAudioDevice initialized.
[2022.12.31-18.57.34:195][256]LogAudio: Display: Audio Device (ID: 2) registered with world 'MainMap'.
[2022.12.31-18.57.34:228][256]LogLoad: Game class is 'MainGameModeBP_C'
[2022.12.31-18.57.34:233][256]LogWorld: Bringing World /Game/Maps/UEDPIE_0_MainMap.MainMap up for play (max tick rate 0) at 2022.12.31-20.57.34
[2022.12.31-18.57.34:234][256]LogWorld: Bringing up level for play took: 0.001249
[2022.12.31-18.57.34:234][256]LogOnline: OSS: Creating online subsystem instance for: :Context_1
[2022.12.31-18.57.34:242][256]LogNativeClassHierarchy: Verbose: Native class hierarchy updated for 'MovieSceneCapture' in 0.0003 seconds. Added 20 classes and 0 folders.
[2022.12.31-18.57.34:245][256]PIE: Server logged in
[2022.12.31-18.57.34:247][256]PIE: Play in editor total start time 0.131 seconds.
