Log file open, 12/31/22 21:07:36
LogWindows: Failed to load 'aqProf.dll' (GetLastError=126)
LogWindows: File 'aqProf.dll' does not exist
LogWindows: Failed to load 'VtuneApi.dll' (GetLastError=126)
LogWindows: File 'VtuneApi.dll' does not exist
LogWindows: Failed to load 'VtuneApi32e.dll' (GetLastError=126)
LogWindows: File 'VtuneApi32e.dll' does not exist
LogConsoleResponse: Display: Failed to find resolution value strings in scalability ini. Falling back to default.
LogConsoleResponse: Display: Failed to find resolution value strings in scalability ini. Falling back to default.
LogInit: Display: Running engine for game: EnhancedCityBuilder
LogPlatformFile: Not using cached read wrapper
LogTaskGraph: Started task graph with 5 named threads and 47 total threads with 3 sets of task threads.
LogStats: Stats thread started at 0.318600
LogICUInternationalization: ICU TimeZone Detection - Raw Offset: +2:00, Platform Override: ''
LogInit: Display: Loading text-based GConfig....
LogPluginManager: Mounting plugin MeshPainting
LogPluginManager: Mounting plugin XGEController
LogPluginManager: Mounting plugin AISupport
LogPluginManager: Mounting plugin Paper2D
LogPluginManager: Mounting plugin EnvironmentQueryEditor
LogPluginManager: Mounting plugin LiveLink
LogPluginManager: Mounting plugin CameraShakePreviewer
LogPluginManager: Mounting plugin OodleNetwork
LogPluginManager: Mounting plugin AssetManagerEditor
LogPluginManager: Mounting plugin OodleData
LogPluginManager: Mounting plugin GameplayCameras
LogPluginManager: Mounting plugin LightPropagationVolume
LogPluginManager: Mounting plugin CurveEditorTools
LogPluginManager: Mounting plugin AnimationSharing
LogPluginManager: Mounting plugin DatasmithContent
LogPluginManager: Mounting plugin CryptoKeys
LogPluginManager: Mounting plugin DataValidation
LogPluginManager: Mounting plugin FacialAnimation
LogPluginManager: Mounting plugin GameplayTagsEditor
LogPluginManager: Mounting plugin GeometryMode
LogPluginManager: Mounting plugin MobileLauncherProfileWizard
LogPluginManager: Mounting plugin PluginBrowser
LogPluginManager: Mounting plugin CLionSourceCodeAccess
LogPluginManager: Mounting plugin MaterialAnalyzer
LogPluginManager: Mounting plugin CodeLiteSourceCodeAccess
LogPluginManager: Mounting plugin KDevelopSourceCodeAccess
LogPluginManager: Mounting plugin NullSourceCodeAccess
LogPluginManager: Mounting plugin PixWinPlugin
LogPluginManager: Mounting plugin SpeedTreeImporter
LogPluginManager: Mounting plugin PerforceSourceControl
LogPluginManager: Mounting plugin PlasticSourceControl
LogPluginManager: Mounting plugin MacGraphicsSwitching
LogPluginManager: Mounting plugin PropertyAccessNode
LogPluginManager: Mounting plugin RiderSourceCodeAccess
LogPluginManager: Mounting plugin GitSourceControl
LogPluginManager: Mounting plugin VariantManagerContent
LogPluginManager: Mounting plugin TextureFormatOodle
LogPluginManager: Mounting plugin SubversionSourceControl
LogPluginManager: Mounting plugin UObjectPlugin
LogPluginManager: Mounting plugin XCodeSourceCodeAccess
LogPluginManager: Mounting plugin VisualStudioSourceCodeAccess
LogPluginManager: Mounting plugin PluginUtils
LogPluginManager: Mounting plugin LuminPlatformFeatures
LogPluginManager: Mounting plugin VisualStudioCodeSourceCodeAccess
LogPluginManager: Mounting plugin Niagara
LogPluginManager: Mounting plugin MagicLeap
LogPluginManager: Mounting plugin MagicLeapLightEstimation
LogPluginManager: Mounting plugin MLSDK
LogPluginManager: Mounting plugin MagicLeapMedia
LogPluginManager: Mounting plugin MagicLeapPassableWorld
LogPluginManager: Mounting plugin AndroidMedia
LogPluginManager: Mounting plugin AvfMedia
LogPluginManager: Mounting plugin ImgMedia
LogPluginManager: Mounting plugin MediaCompositing
LogPluginManager: Mounting plugin MediaPlayerEditor
LogPluginManager: Mounting plugin WebMMedia
LogPluginManager: Mounting plugin WmfMedia
LogPluginManager: Mounting plugin AlembicImporter
LogPluginManager: Mounting plugin AutomationUtils
LogPluginManager: Mounting plugin BackChannel
LogPluginManager: Mounting plugin ChaosCloth
LogPluginManager: Mounting plugin CharacterAI
LogPluginManager: Mounting plugin ChaosNiagara
LogPluginManager: Mounting plugin ChaosSolverPlugin
LogPluginManager: Mounting plugin ChaosClothEditor
LogPluginManager: Mounting plugin ChaosEditor
LogPluginManager: Mounting plugin ActorSequence
LogPluginManager: Mounting plugin LevelSequenceEditor
LogPluginManager: Mounting plugin MatineeToLevelSequence
LogPluginManager: Mounting plugin TemplateSequence
LogPluginManager: Mounting plugin TcpMessaging
LogPluginManager: Mounting plugin UdpMessaging
LogPluginManager: Mounting plugin GeometryCollectionPlugin
LogPluginManager: Mounting plugin GeometryProcessing
LogPluginManager: Mounting plugin GeometryCache
LogPluginManager: Mounting plugin OnlineSubsystem
LogPluginManager: Mounting plugin OnlineSubsystemNull
LogPluginManager: Mounting plugin OnlineSubsystemUtils
LogPluginManager: Mounting plugin MotoSynth
LogPluginManager: Mounting plugin OpenImageDenoise
LogPluginManager: Mounting plugin PlanarCut
LogPluginManager: Mounting plugin PlatformCrypto
LogPluginManager: Mounting plugin ProxyLODPlugin
LogPluginManager: Mounting plugin PythonScriptPlugin
LogPluginManager: Mounting plugin LauncherChunkInstaller
LogPluginManager: Mounting plugin ActorLayerUtilities
LogPluginManager: Mounting plugin SkeletalReduction
LogPluginManager: Mounting plugin AndroidDeviceProfileSelector
LogPluginManager: Mounting plugin AndroidMoviePlayer
LogPluginManager: Mounting plugin AndroidPermission
LogPluginManager: Mounting plugin AppleImageUtils
LogPluginManager: Mounting plugin AppleMoviePlayer
LogPluginManager: Mounting plugin ArchVisCharacter
LogPluginManager: Mounting plugin AudioCapture
LogPluginManager: Mounting plugin AudioSynesthesia
LogPluginManager: Mounting plugin AssetTags
LogPluginManager: Mounting plugin CableComponent
LogPluginManager: Mounting plugin CustomMeshComponent
LogPluginManager: Mounting plugin ChunkDownloader
LogPluginManager: Mounting plugin EditableMesh
LogPluginManager: Mounting plugin ExampleDeviceProfileSelector
LogPluginManager: Mounting plugin GoogleCloudMessaging
LogPluginManager: Mounting plugin GooglePAD
LogPluginManager: Mounting plugin IOSDeviceProfileSelector
LogPluginManager: Mounting plugin LocationServicesBPLibrary
LogPluginManager: Mounting plugin LinuxDeviceProfileSelector
LogPluginManager: Mounting plugin MobilePatchingUtils
LogPluginManager: Mounting plugin OpenXR
LogPluginManager: Mounting plugin OpenXREyeTracker
LogPluginManager: Mounting plugin OpenXRHandTracking
LogPluginManager: Mounting plugin PostSplashScreen
LogPluginManager: Mounting plugin PhysXVehicles
LogPluginManager: Mounting plugin PropertyAccessEditor
LogPluginManager: Mounting plugin ProceduralMeshComponent
LogPluginManager: Mounting plugin RuntimePhysXCooking
LogPluginManager: Mounting plugin SignificanceManager
LogPluginManager: Mounting plugin SoundFields
LogPluginManager: Mounting plugin Synthesis
LogPluginManager: Mounting plugin WebMMoviePlayer
LogPluginManager: Mounting plugin WindowsMoviePlayer
LogPluginManager: Mounting plugin ScreenshotTools
LogPluginManager: Mounting plugin Takes
LogPluginManager: Mounting plugin ContentBrowserAssetDataSource
LogPluginManager: Mounting plugin ContentBrowserFileDataSource
LogPluginManager: Mounting plugin ContentBrowserClassDataSource
LogPluginManager: Mounting plugin OnlineSubsystemGooglePlay
LogPluginManager: Mounting plugin OnlineSubsystemIOS
LogPluginManager: Mounting plugin OculusVR
LogPluginManager: Mounting plugin SteamVR
PixWinPlugin: PIX capture plugin failed to initialize! Check that the process is launched from PIX.
LogInit: Using libcurl 7.55.1-DEV
LogInit:  - built for x86_64-pc-win32
LogInit:  - supports SSL with OpenSSL/1.1.1
LogInit:  - supports HTTP deflate (compression) using libz 1.2.8
LogInit:  - other features:
LogInit:      CURL_VERSION_SSL
LogInit:      CURL_VERSION_LIBZ
LogInit:      CURL_VERSION_IPV6
LogInit:      CURL_VERSION_ASYNCHDNS
LogInit:      CURL_VERSION_LARGEFILE
LogInit:      CURL_VERSION_IDN
LogInit:  CurlRequestOptions (configurable via config and command line):
LogInit:  - bVerifyPeer = true  - Libcurl will verify peer certificate
LogInit:  - bUseHttpProxy = false  - Libcurl will NOT use HTTP proxy
LogInit:  - bDontReuseConnections = false  - Libcurl will reuse connections
LogInit:  - MaxHostConnections = 16  - Libcurl will limit the number of connections to a host
LogInit:  - LocalHostAddr = Default
LogInit:  - BufferSize = 65536
LogOnline: OSS: Creating online subsystem instance for: NULL
LogInit: WinSock: version 1.1 (2.2), MaxSocks=32767, MaxUdp=65467
LogOnline: OSS: TryLoadSubsystemAndSetDefault: Loaded subsystem for module [NULL]
LogOculusPluginWrapper: OculusPlugin initialized successfully
LogHMD: Failed initializing OVRPlugin 1.59.0
LogInit: Build: ++UE4+Release-4.27-CL-18319896
LogInit: Engine Version: 4.27.2-18319896+++UE4+Release-4.27
LogInit: Compatible Engine Version: 4.27.0-17155196+++UE4+Release-4.27
LogInit: Net CL: 17155196
LogInit: OS: Windows 10 (Release 2009) (), CPU: 11th Gen Intel(R) Core(TM) i7-11800H @ 2.30GHz, GPU: Intel(R) UHD Graphics
LogInit: Compiled (64-bit): Nov 30 2021 07:12:08
LogInit: Compiled with Visual C++: 19.24.28315.00
LogInit: Build Configuration: Development
LogInit: Branch Name: ++UE4+Release-4.27
LogInit: Command Line:  -skipcompile
LogInit: Base Directory: D:/UE_4.27/Engine/Binaries/Win64/
LogInit: Allocator: TBB
LogInit: Installed Engine Build: 1
LogDevObjectVersion: Number of dev versions registered: 29
LogDevObjectVersion:   Dev-Blueprints (B0D832E4-1F89-4F0D-ACCF-7EB736FD4AA2): 10
LogDevObjectVersion:   Dev-Build (E1C64328-A22C-4D53-A36C-8E866417BD8C): 0
LogDevObjectVersion:   Dev-Core (375EC13C-06E4-48FB-B500-84F0262A717E): 4
LogDevObjectVersion:   Dev-Editor (E4B068ED-F494-42E9-A231-DA0B2E46BB41): 40
LogDevObjectVersion:   Dev-Framework (CFFC743F-43B0-4480-9391-14DF171D2073): 37
LogDevObjectVersion:   Dev-Mobile (B02B49B5-BB20-44E9-A304-32B752E40360): 3
LogDevObjectVersion:   Dev-Networking (A4E4105C-59A1-49B5-A7C5-40C4547EDFEE): 0
LogDevObjectVersion:   Dev-Online (39C831C9-5AE6-47DC-9A44-9C173E1C8E7C): 0
LogDevObjectVersion:   Dev-Physics (78F01B33-EBEA-4F98-B9B4-84EACCB95AA2): 14
LogDevObjectVersion:   Dev-Platform (6631380F-2D4D-43E0-8009-CF276956A95A): 0
LogDevObjectVersion:   Dev-Rendering (12F88B9F-8875-4AFC-A67C-D90C383ABD29): 45
LogDevObjectVersion:   Dev-Sequencer (7B5AE74C-D270-4C10-A958-57980B212A5A): 13
LogDevObjectVersion:   Dev-VR (D7296918-1DD6-4BDD-9DE2-64A83CC13884): 3
LogDevObjectVersion:   Dev-LoadTimes (C2A15278-BFE7-4AFE-6C17-90FF531DF755): 1
LogDevObjectVersion:   Private-Geometry (6EACA3D4-40EC-4CC1-B786-8BED09428FC5): 3
LogDevObjectVersion:   Dev-AnimPhys (29E575DD-E0A3-4627-9D10-D276232CDCEA): 17
LogDevObjectVersion:   Dev-Anim (AF43A65D-7FD3-4947-9873-3E8ED9C1BB05): 15
LogDevObjectVersion:   Dev-ReflectionCapture (6B266CEC-1EC7-4B8F-A30B-E4D90942FC07): 1
LogDevObjectVersion:   Dev-Automation (0DF73D61-A23F-47EA-B727-89E90C41499A): 1
LogDevObjectVersion:   FortniteMain (601D1886-AC64-4F84-AA16-D3DE0DEAC7D6): 47
LogDevObjectVersion:   FortniteRelease (E7086368-6B23-4C58-8439-1B7016265E91): 1
LogDevObjectVersion:   Dev-Enterprise (9DFFBCD6-494F-0158-E221-12823C92A888): 10
LogDevObjectVersion:   Dev-Niagara (F2AED0AC-9AFE-416F-8664-AA7FFA26D6FC): 1
LogDevObjectVersion:   Dev-Destruction (174F1F0B-B4C6-45A5-B13F-2EE8D0FB917D): 10
LogDevObjectVersion:   Dev-Physics-Ext (35F94A83-E258-406C-A318-09F59610247C): 41
LogDevObjectVersion:   Dev-PhysicsMaterial-Chaos (B68FC16E-8B1B-42E2-B453-215C058844FE): 1
LogDevObjectVersion:   Dev-CineCamera (B2E18506-4273-CFC2-A54E-F4BB758BBA07): 1
LogDevObjectVersion:   Dev-VirtualProduction (64F58936-FD1B-42BA-BA96-7289D5D0FA4E): 1
LogDevObjectVersion:   Dev-MediaFramework (6F0ED827-A609-4895-9C91-998D90180EA4): 2
LogInit: Presizing for max 25165824 objects, including 0 objects not considered by GC, pre-allocating 0 bytes for permanent pool.
LogConfig: Applying CVar settings from Section [/Script/Engine.StreamingSettings] File [D:/_UnrealProjects/Unreal_EnhancedCityBuilderGame/EnhancedCityBuilder/Saved/Config/Windows/Engine.ini]
LogConfig: Setting CVar [[s.MinBulkDataSizeForAsyncLoading:131072]]
LogConfig: Setting CVar [[s.AsyncLoadingThreadEnabled:0]]
LogConfig: Setting CVar [[s.EventDrivenLoaderEnabled:1]]
LogConfig: Setting CVar [[s.WarnIfTimeLimitExceeded:0]]
LogConfig: Setting CVar [[s.TimeLimitExceededMultiplier:1.5]]
LogConfig: Setting CVar [[s.TimeLimitExceededMinTime:0.005]]
LogConfig: Setting CVar [[s.UseBackgroundLevelStreaming:1]]
LogConfig: Setting CVar [[s.PriorityAsyncLoadingExtraTime:15.0]]
LogConfig: Setting CVar [[s.LevelStreamingActorsUpdateTimeLimit:5.0]]
LogConfig: Setting CVar [[s.PriorityLevelStreamingActorsUpdateExtraTime:5.0]]
LogConfig: Setting CVar [[s.LevelStreamingComponentsRegistrationGranularity:10]]
LogConfig: Setting CVar [[s.UnregisterComponentsTimeLimit:1.0]]
LogConfig: Setting CVar [[s.LevelStreamingComponentsUnregistrationGranularity:5]]
LogConfig: Setting CVar [[s.FlushStreamingOnExit:1]]
LogInit: Object subsystem initialized
LogConfig: Setting CVar [[con.DebugEarlyDefault:1]]
LogConfig: Setting CVar [[r.setres:1280x720]]
[2022.12.31-19.07.37:381][  0]LogConfig: Setting CVar [[r.VSync:0]]
[2022.12.31-19.07.37:381][  0]LogConfig: Setting CVar [[r.RHICmdBypass:0]]
[2022.12.31-19.07.37:381][  0]LogConfig: Applying CVar settings from Section [/Script/Engine.RendererSettings] File [D:/_UnrealProjects/Unreal_EnhancedCityBuilderGame/EnhancedCityBuilder/Saved/Config/Windows/Engine.ini]
[2022.12.31-19.07.37:381][  0]LogConfig: Setting CVar [[r.GPUCrashDebugging:0]]
[2022.12.31-19.07.37:381][  0]LogConfig: Applying CVar settings from Section [/Script/Engine.RendererOverrideSettings] File [D:/_UnrealProjects/Unreal_EnhancedCityBuilderGame/EnhancedCityBuilder/Saved/Config/Windows/Engine.ini]
[2022.12.31-19.07.37:381][  0]LogConfig: Applying CVar settings from Section [/Script/Engine.StreamingSettings] File [D:/_UnrealProjects/Unreal_EnhancedCityBuilderGame/EnhancedCityBuilder/Saved/Config/Windows/Engine.ini]
[2022.12.31-19.07.37:381][  0]LogConfig: Setting CVar [[s.MinBulkDataSizeForAsyncLoading:131072]]
[2022.12.31-19.07.37:381][  0]LogConfig: Setting CVar [[s.AsyncLoadingThreadEnabled:0]]
[2022.12.31-19.07.37:381][  0]LogConfig: Setting CVar [[s.EventDrivenLoaderEnabled:1]]
[2022.12.31-19.07.37:381][  0]LogConfig: Setting CVar [[s.WarnIfTimeLimitExceeded:0]]
[2022.12.31-19.07.37:381][  0]LogConfig: Setting CVar [[s.TimeLimitExceededMultiplier:1.5]]
[2022.12.31-19.07.37:381][  0]LogConfig: Setting CVar [[s.TimeLimitExceededMinTime:0.005]]
[2022.12.31-19.07.37:381][  0]LogConfig: Setting CVar [[s.UseBackgroundLevelStreaming:1]]
[2022.12.31-19.07.37:381][  0]LogConfig: Setting CVar [[s.PriorityAsyncLoadingExtraTime:15.0]]
[2022.12.31-19.07.37:381][  0]LogConfig: Setting CVar [[s.LevelStreamingActorsUpdateTimeLimit:5.0]]
[2022.12.31-19.07.37:381][  0]LogConfig: Setting CVar [[s.PriorityLevelStreamingActorsUpdateExtraTime:5.0]]
[2022.12.31-19.07.37:381][  0]LogConfig: Setting CVar [[s.LevelStreamingComponentsRegistrationGranularity:10]]
[2022.12.31-19.07.37:381][  0]LogConfig: Setting CVar [[s.UnregisterComponentsTimeLimit:1.0]]
[2022.12.31-19.07.37:382][  0]LogConfig: Setting CVar [[s.LevelStreamingComponentsUnregistrationGranularity:5]]
[2022.12.31-19.07.37:382][  0]LogConfig: Setting CVar [[s.FlushStreamingOnExit:1]]
[2022.12.31-19.07.37:382][  0]LogConfig: Applying CVar settings from Section [/Script/Engine.GarbageCollectionSettings] File [D:/_UnrealProjects/Unreal_EnhancedCityBuilderGame/EnhancedCityBuilder/Saved/Config/Windows/Engine.ini]
[2022.12.31-19.07.37:382][  0]LogConfig: Setting CVar [[gc.MaxObjectsNotConsideredByGC:1]]
[2022.12.31-19.07.37:382][  0]LogConfig: Setting CVar [[gc.SizeOfPermanentObjectPool:0]]
[2022.12.31-19.07.37:382][  0]LogConfig: Setting CVar [[gc.FlushStreamingOnGC:0]]
[2022.12.31-19.07.37:382][  0]LogConfig: Setting CVar [[gc.NumRetriesBeforeForcingGC:10]]
[2022.12.31-19.07.37:382][  0]LogConfig: Setting CVar [[gc.AllowParallelGC:1]]
[2022.12.31-19.07.37:382][  0]LogConfig: Setting CVar [[gc.TimeBetweenPurgingPendingKillObjects:61.1]]
[2022.12.31-19.07.37:382][  0]LogConfig: Setting CVar [[gc.MaxObjectsInEditor:25165824]]
[2022.12.31-19.07.37:382][  0]LogConfig: Setting CVar [[gc.IncrementalBeginDestroyEnabled:1]]
[2022.12.31-19.07.37:382][  0]LogConfig: Setting CVar [[gc.CreateGCClusters:1]]
[2022.12.31-19.07.37:382][  0]LogConfig: Setting CVar [[gc.MinGCClusterSize:5]]
[2022.12.31-19.07.37:382][  0]LogConfig: Setting CVar [[gc.ActorClusteringEnabled:0]]
[2022.12.31-19.07.37:382][  0]LogConfig: Setting CVar [[gc.BlueprintClusteringEnabled:0]]
[2022.12.31-19.07.37:382][  0]LogConfig: Setting CVar [[gc.UseDisregardForGCOnDedicatedServers:0]]
[2022.12.31-19.07.37:382][  0]LogConfig: Setting CVar [[gc.MultithreadedDestructionEnabled:1]]
[2022.12.31-19.07.37:382][  0]LogConfig: Applying CVar settings from Section [/Script/Engine.NetworkSettings] File [D:/_UnrealProjects/Unreal_EnhancedCityBuilderGame/EnhancedCityBuilder/Saved/Config/Windows/Engine.ini]
[2022.12.31-19.07.37:382][  0]LogConfig: Applying CVar settings from Section [/Script/UnrealEd.CookerSettings] File [D:/_UnrealProjects/Unreal_EnhancedCityBuilderGame/EnhancedCityBuilder/Saved/Config/Windows/Engine.ini]
[2022.12.31-19.07.37:390][  0]LogConfig: Applying CVar settings from Section [ViewDistanceQuality@3] File [D:/_UnrealProjects/Unreal_EnhancedCityBuilderGame/EnhancedCityBuilder/Saved/Config/Windows/Scalability.ini]
[2022.12.31-19.07.37:390][  0]LogConfig: Setting CVar [[r.SkeletalMeshLODBias:0]]
[2022.12.31-19.07.37:390][  0]LogConfig: Setting CVar [[r.ViewDistanceScale:1.0]]
[2022.12.31-19.07.37:390][  0]LogConfig: Applying CVar settings from Section [AntiAliasingQuality@3] File [D:/_UnrealProjects/Unreal_EnhancedCityBuilderGame/EnhancedCityBuilder/Saved/Config/Windows/Scalability.ini]
[2022.12.31-19.07.37:390][  0]LogConfig: Setting CVar [[r.PostProcessAAQuality:4]]
[2022.12.31-19.07.37:390][  0]LogConfig: Applying CVar settings from Section [ShadowQuality@3] File [D:/_UnrealProjects/Unreal_EnhancedCityBuilderGame/EnhancedCityBuilder/Saved/Config/Windows/Scalability.ini]
[2022.12.31-19.07.37:390][  0]LogConfig: Setting CVar [[r.LightFunctionQuality:1]]
[2022.12.31-19.07.37:390][  0]LogConfig: Setting CVar [[r.ShadowQuality:5]]
[2022.12.31-19.07.37:390][  0]LogConfig: Setting CVar [[r.Shadow.CSM.MaxCascades:10]]
[2022.12.31-19.07.37:390][  0]LogConfig: Setting CVar [[r.Shadow.MaxResolution:2048]]
[2022.12.31-19.07.37:390][  0]LogConfig: Setting CVar [[r.Shadow.MaxCSMResolution:2048]]
[2022.12.31-19.07.37:390][  0]LogConfig: Setting CVar [[r.Shadow.RadiusThreshold:0.01]]
[2022.12.31-19.07.37:390][  0]LogConfig: Setting CVar [[r.Shadow.DistanceScale:1.0]]
[2022.12.31-19.07.37:390][  0]LogConfig: Setting CVar [[r.Shadow.CSM.TransitionScale:1.0]]
[2022.12.31-19.07.37:390][  0]LogConfig: Setting CVar [[r.Shadow.PreShadowResolutionFactor:1.0]]
[2022.12.31-19.07.37:390][  0]LogConfig: Setting CVar [[r.DistanceFieldShadowing:1]]
[2022.12.31-19.07.37:390][  0]LogConfig: Setting CVar [[r.DistanceFieldAO:1]]
[2022.12.31-19.07.37:391][  0]LogConfig: Setting CVar [[r.AOQuality:2]]
[2022.12.31-19.07.37:391][  0]LogConfig: Setting CVar [[r.VolumetricFog:1]]
[2022.12.31-19.07.37:391][  0]LogConfig: Setting CVar [[r.VolumetricFog.GridPixelSize:8]]
[2022.12.31-19.07.37:391][  0]LogConfig: Setting CVar [[r.VolumetricFog.GridSizeZ:128]]
[2022.12.31-19.07.37:391][  0]LogConfig: Setting CVar [[r.VolumetricFog.HistoryMissSupersampleCount:4]]
[2022.12.31-19.07.37:391][  0]LogConfig: Setting CVar [[r.LightMaxDrawDistanceScale:1]]
[2022.12.31-19.07.37:391][  0]LogConfig: Setting CVar [[r.CapsuleShadows:1]]
[2022.12.31-19.07.37:391][  0]LogConfig: Applying CVar settings from Section [PostProcessQuality@3] File [D:/_UnrealProjects/Unreal_EnhancedCityBuilderGame/EnhancedCityBuilder/Saved/Config/Windows/Scalability.ini]
[2022.12.31-19.07.37:391][  0]LogConfig: Setting CVar [[r.MotionBlurQuality:4]]
[2022.12.31-19.07.37:391][  0]LogConfig: Setting CVar [[r.AmbientOcclusionMipLevelFactor:0.4]]
[2022.12.31-19.07.37:391][  0]LogConfig: Setting CVar [[r.AmbientOcclusionMaxQuality:100]]
[2022.12.31-19.07.37:391][  0]LogConfig: Setting CVar [[r.AmbientOcclusionLevels:-1]]
[2022.12.31-19.07.37:391][  0]LogConfig: Setting CVar [[r.AmbientOcclusionRadiusScale:1.0]]
[2022.12.31-19.07.37:391][  0]LogConfig: Setting CVar [[r.DepthOfFieldQuality:2]]
[2022.12.31-19.07.37:391][  0]LogConfig: Setting CVar [[r.RenderTargetPoolMin:400]]
[2022.12.31-19.07.37:391][  0]LogConfig: Setting CVar [[r.LensFlareQuality:2]]
[2022.12.31-19.07.37:391][  0]LogConfig: Setting CVar [[r.SceneColorFringeQuality:1]]
[2022.12.31-19.07.37:391][  0]LogConfig: Setting CVar [[r.EyeAdaptationQuality:2]]
[2022.12.31-19.07.37:391][  0]LogConfig: Setting CVar [[r.BloomQuality:5]]
[2022.12.31-19.07.37:391][  0]LogConfig: Setting CVar [[r.FastBlurThreshold:100]]
[2022.12.31-19.07.37:391][  0]LogConfig: Setting CVar [[r.Upscale.Quality:3]]
[2022.12.31-19.07.37:392][  0]LogConfig: Setting CVar [[r.Tonemapper.GrainQuantization:1]]
[2022.12.31-19.07.37:392][  0]LogConfig: Setting CVar [[r.LightShaftQuality:1]]
[2022.12.31-19.07.37:392][  0]LogConfig: Setting CVar [[r.Filter.SizeScale:1]]
[2022.12.31-19.07.37:392][  0]LogConfig: Setting CVar [[r.Tonemapper.Quality:5]]
[2022.12.31-19.07.37:392][  0]LogConfig: Setting CVar [[r.DOF.Gather.AccumulatorQuality:1        ; higher gathering accumulator quality]]
[2022.12.31-19.07.37:392][  0]LogConfig: Setting CVar [[r.DOF.Gather.PostfilterMethod:1          ; Median3x3 postfilering method]]
[2022.12.31-19.07.37:392][  0]LogConfig: Setting CVar [[r.DOF.Gather.EnableBokehSettings:0       ; no bokeh simulation when gathering]]
[2022.12.31-19.07.37:392][  0]LogConfig: Setting CVar [[r.DOF.Gather.RingCount:4                 ; medium number of samples when gathering]]
[2022.12.31-19.07.37:392][  0]LogConfig: Setting CVar [[r.DOF.Scatter.ForegroundCompositing:1    ; additive foreground scattering]]
[2022.12.31-19.07.37:392][  0]LogConfig: Setting CVar [[r.DOF.Scatter.BackgroundCompositing:2    ; additive background scattering]]
[2022.12.31-19.07.37:392][  0]LogConfig: Setting CVar [[r.DOF.Scatter.EnableBokehSettings:1      ; bokeh simulation when scattering]]
[2022.12.31-19.07.37:392][  0]LogConfig: Setting CVar [[r.DOF.Scatter.MaxSpriteRatio:0.1         ; only a maximum of 10% of scattered bokeh]]
[2022.12.31-19.07.37:392][  0]LogConfig: Setting CVar [[r.DOF.Recombine.Quality:1                ; cheap slight out of focus]]
[2022.12.31-19.07.37:392][  0]LogConfig: Setting CVar [[r.DOF.Recombine.EnableBokehSettings:0    ; no bokeh simulation on slight out of focus]]
[2022.12.31-19.07.37:392][  0]LogConfig: Setting CVar [[r.DOF.TemporalAAQuality:1                ; more stable temporal accumulation]]
[2022.12.31-19.07.37:392][  0]LogConfig: Setting CVar [[r.DOF.Kernel.MaxForegroundRadius:0.025]]
[2022.12.31-19.07.37:392][  0]LogConfig: Setting CVar [[r.DOF.Kernel.MaxBackgroundRadius:0.025]]
[2022.12.31-19.07.37:392][  0]LogConfig: Applying CVar settings from Section [TextureQuality@3] File [D:/_UnrealProjects/Unreal_EnhancedCityBuilderGame/EnhancedCityBuilder/Saved/Config/Windows/Scalability.ini]
[2022.12.31-19.07.37:392][  0]LogConfig: Setting CVar [[r.Streaming.MipBias:0]]
[2022.12.31-19.07.37:392][  0]LogConfig: Setting CVar [[r.Streaming.AmortizeCPUToGPUCopy:0]]
[2022.12.31-19.07.37:392][  0]LogConfig: Setting CVar [[r.Streaming.MaxNumTexturesToStreamPerFrame:0]]
[2022.12.31-19.07.37:392][  0]LogConfig: Setting CVar [[r.Streaming.Boost:1]]
[2022.12.31-19.07.37:392][  0]LogConfig: Setting CVar [[r.MaxAnisotropy:8]]
[2022.12.31-19.07.37:392][  0]LogConfig: Setting CVar [[r.VT.MaxAnisotropy:8]]
[2022.12.31-19.07.37:392][  0]LogConfig: Setting CVar [[r.Streaming.LimitPoolSizeToVRAM:0]]
[2022.12.31-19.07.37:393][  0]LogConfig: Setting CVar [[r.Streaming.PoolSize:1000]]
[2022.12.31-19.07.37:393][  0]LogConfig: Setting CVar [[r.Streaming.MaxEffectiveScreenSize:0]]
[2022.12.31-19.07.37:393][  0]LogConfig: Applying CVar settings from Section [EffectsQuality@3] File [D:/_UnrealProjects/Unreal_EnhancedCityBuilderGame/EnhancedCityBuilder/Saved/Config/Windows/Scalability.ini]
[2022.12.31-19.07.37:393][  0]LogConfig: Setting CVar [[r.TranslucencyLightingVolumeDim:64]]
[2022.12.31-19.07.37:393][  0]LogConfig: Setting CVar [[r.RefractionQuality:2]]
[2022.12.31-19.07.37:393][  0]LogConfig: Setting CVar [[r.SSR.Quality:3]]
[2022.12.31-19.07.37:393][  0]LogConfig: Setting CVar [[r.SSR.HalfResSceneColor:0]]
[2022.12.31-19.07.37:393][  0]LogConfig: Setting CVar [[r.SceneColorFormat:4]]
[2022.12.31-19.07.37:393][  0]LogConfig: Setting CVar [[r.DetailMode:2]]
[2022.12.31-19.07.37:393][  0]LogConfig: Setting CVar [[r.TranslucencyVolumeBlur:1]]
[2022.12.31-19.07.37:393][  0]LogConfig: Setting CVar [[r.MaterialQualityLevel:1 ; High quality]]
[2022.12.31-19.07.37:393][  0]LogConfig: Setting CVar [[r.AnisotropicMaterials:1]]
[2022.12.31-19.07.37:393][  0]LogConfig: Setting CVar [[r.SSS.Scale:1]]
[2022.12.31-19.07.37:393][  0]LogConfig: Setting CVar [[r.SSS.SampleSet:2]]
[2022.12.31-19.07.37:393][  0]LogConfig: Setting CVar [[r.SSS.Quality:1]]
[2022.12.31-19.07.37:393][  0]LogConfig: Setting CVar [[r.SSS.HalfRes:0]]
[2022.12.31-19.07.37:393][  0]LogConfig: Setting CVar [[r.SSGI.Quality:3]]
[2022.12.31-19.07.37:393][  0]LogConfig: Setting CVar [[r.EmitterSpawnRateScale:1.0]]
[2022.12.31-19.07.37:393][  0]LogConfig: Setting CVar [[r.ParticleLightQuality:2]]
[2022.12.31-19.07.37:393][  0]LogConfig: Setting CVar [[r.SkyAtmosphere.AerialPerspectiveLUT.FastApplyOnOpaque:1 ; Always have FastSkyLUT 1 in this case to avoid wrong sky]]
[2022.12.31-19.07.37:393][  0]LogConfig: Setting CVar [[r.SkyAtmosphere.AerialPerspectiveLUT.SampleCountMaxPerSlice:4]]
[2022.12.31-19.07.37:393][  0]LogConfig: Setting CVar [[r.SkyAtmosphere.AerialPerspectiveLUT.DepthResolution:16.0]]
[2022.12.31-19.07.37:393][  0]LogConfig: Setting CVar [[r.SkyAtmosphere.FastSkyLUT:1]]
[2022.12.31-19.07.37:393][  0]LogConfig: Setting CVar [[r.SkyAtmosphere.FastSkyLUT.SampleCountMin:4.0]]
[2022.12.31-19.07.37:393][  0]LogConfig: Setting CVar [[r.SkyAtmosphere.FastSkyLUT.SampleCountMax:128.0]]
[2022.12.31-19.07.37:393][  0]LogConfig: Setting CVar [[r.SkyAtmosphere.SampleCountMin:4.0]]
[2022.12.31-19.07.37:393][  0]LogConfig: Setting CVar [[r.SkyAtmosphere.SampleCountMax:128.0]]
[2022.12.31-19.07.37:394][  0]LogConfig: Setting CVar [[r.SkyAtmosphere.TransmittanceLUT.UseSmallFormat:0]]
[2022.12.31-19.07.37:394][  0]LogConfig: Setting CVar [[r.SkyAtmosphere.TransmittanceLUT.SampleCount:10.0]]
[2022.12.31-19.07.37:394][  0]LogConfig: Setting CVar [[r.SkyAtmosphere.MultiScatteringLUT.SampleCount:15.0]]
[2022.12.31-19.07.37:394][  0]LogConfig: Setting CVar [[r.SkyLight.RealTimeReflectionCapture:1]]
[2022.12.31-19.07.37:394][  0]LogConfig: Applying CVar settings from Section [FoliageQuality@3] File [D:/_UnrealProjects/Unreal_EnhancedCityBuilderGame/EnhancedCityBuilder/Saved/Config/Windows/Scalability.ini]
[2022.12.31-19.07.37:394][  0]LogConfig: Setting CVar [[foliage.DensityScale:1.0]]
[2022.12.31-19.07.37:394][  0]LogConfig: Setting CVar [[grass.DensityScale:1.0]]
[2022.12.31-19.07.37:394][  0]LogConfig: Applying CVar settings from Section [ShadingQuality@3] File [D:/_UnrealProjects/Unreal_EnhancedCityBuilderGame/EnhancedCityBuilder/Saved/Config/Windows/Scalability.ini]
[2022.12.31-19.07.37:394][  0]LogConfig: Setting CVar [[r.HairStrands.SkyLighting.IntegrationType:2]]
[2022.12.31-19.07.37:394][  0]LogConfig: Setting CVar [[r.HairStrands.SkyAO.SampleCount:4]]
[2022.12.31-19.07.37:394][  0]LogConfig: Setting CVar [[r.HairStrands.Visibility.MSAA.SamplePerPixel:4]]
[2022.12.31-19.07.37:394][  0]LogInit: Selected Device Profile: [Windows]
[2022.12.31-19.07.37:394][  0]LogInit: Applying CVar settings loaded from the selected device profile: [Windows]
[2022.12.31-19.07.37:394][  0]LogHAL: Display: Platform has ~ 16 GB [16866852864 / 17179869184 / 16], which maps to Larger [LargestMinGB=32, LargerMinGB=12, DefaultMinGB=8, SmallerMinGB=6, SmallestMinGB=0)
[2022.12.31-19.07.37:394][  0]LogInit: Going up to parent DeviceProfile []
[2022.12.31-19.07.37:394][  0]LogConfig: Applying CVar settings from Section [ViewDistanceQuality@3] File [D:/_UnrealProjects/Unreal_EnhancedCityBuilderGame/EnhancedCityBuilder/Saved/Config/Windows/Scalability.ini]
[2022.12.31-19.07.37:394][  0]LogConfig: Setting CVar [[r.SkeletalMeshLODBias:0]]
[2022.12.31-19.07.37:394][  0]LogConfig: Setting CVar [[r.ViewDistanceScale:1.0]]
[2022.12.31-19.07.37:394][  0]LogConfig: Applying CVar settings from Section [AntiAliasingQuality@3] File [D:/_UnrealProjects/Unreal_EnhancedCityBuilderGame/EnhancedCityBuilder/Saved/Config/Windows/Scalability.ini]
[2022.12.31-19.07.37:394][  0]LogConfig: Setting CVar [[r.PostProcessAAQuality:4]]
[2022.12.31-19.07.37:394][  0]LogConfig: Applying CVar settings from Section [ShadowQuality@3] File [D:/_UnrealProjects/Unreal_EnhancedCityBuilderGame/EnhancedCityBuilder/Saved/Config/Windows/Scalability.ini]
[2022.12.31-19.07.37:394][  0]LogConfig: Setting CVar [[r.LightFunctionQuality:1]]
[2022.12.31-19.07.37:394][  0]LogConfig: Setting CVar [[r.ShadowQuality:5]]
[2022.12.31-19.07.37:394][  0]LogConfig: Setting CVar [[r.Shadow.CSM.MaxCascades:10]]
[2022.12.31-19.07.37:395][  0]LogConfig: Setting CVar [[r.Shadow.MaxResolution:2048]]
[2022.12.31-19.07.37:395][  0]LogConfig: Setting CVar [[r.Shadow.MaxCSMResolution:2048]]
[2022.12.31-19.07.37:395][  0]LogConfig: Setting CVar [[r.Shadow.RadiusThreshold:0.01]]
[2022.12.31-19.07.37:395][  0]LogConfig: Setting CVar [[r.Shadow.DistanceScale:1.0]]
[2022.12.31-19.07.37:395][  0]LogConfig: Setting CVar [[r.Shadow.CSM.TransitionScale:1.0]]
[2022.12.31-19.07.37:395][  0]LogConfig: Setting CVar [[r.Shadow.PreShadowResolutionFactor:1.0]]
[2022.12.31-19.07.37:395][  0]LogConfig: Setting CVar [[r.DistanceFieldShadowing:1]]
[2022.12.31-19.07.37:395][  0]LogConfig: Setting CVar [[r.DistanceFieldAO:1]]
[2022.12.31-19.07.37:395][  0]LogConfig: Setting CVar [[r.AOQuality:2]]
[2022.12.31-19.07.37:395][  0]LogConfig: Setting CVar [[r.VolumetricFog:1]]
[2022.12.31-19.07.37:395][  0]LogConfig: Setting CVar [[r.VolumetricFog.GridPixelSize:8]]
[2022.12.31-19.07.37:395][  0]LogConfig: Setting CVar [[r.VolumetricFog.GridSizeZ:128]]
[2022.12.31-19.07.37:395][  0]LogConfig: Setting CVar [[r.VolumetricFog.HistoryMissSupersampleCount:4]]
[2022.12.31-19.07.37:395][  0]LogConfig: Setting CVar [[r.LightMaxDrawDistanceScale:1]]
[2022.12.31-19.07.37:395][  0]LogConfig: Setting CVar [[r.CapsuleShadows:1]]
[2022.12.31-19.07.37:395][  0]LogConfig: Applying CVar settings from Section [PostProcessQuality@3] File [D:/_UnrealProjects/Unreal_EnhancedCityBuilderGame/EnhancedCityBuilder/Saved/Config/Windows/Scalability.ini]
[2022.12.31-19.07.37:395][  0]LogConfig: Setting CVar [[r.MotionBlurQuality:4]]
[2022.12.31-19.07.37:395][  0]LogConfig: Setting CVar [[r.AmbientOcclusionMipLevelFactor:0.4]]
[2022.12.31-19.07.37:395][  0]LogConfig: Setting CVar [[r.AmbientOcclusionMaxQuality:100]]
[2022.12.31-19.07.37:395][  0]LogConfig: Setting CVar [[r.AmbientOcclusionLevels:-1]]
[2022.12.31-19.07.37:395][  0]LogConfig: Setting CVar [[r.AmbientOcclusionRadiusScale:1.0]]
[2022.12.31-19.07.37:395][  0]LogConfig: Setting CVar [[r.DepthOfFieldQuality:2]]
[2022.12.31-19.07.37:395][  0]LogConfig: Setting CVar [[r.RenderTargetPoolMin:400]]
[2022.12.31-19.07.37:395][  0]LogConfig: Setting CVar [[r.LensFlareQuality:2]]
[2022.12.31-19.07.37:395][  0]LogConfig: Setting CVar [[r.SceneColorFringeQuality:1]]
[2022.12.31-19.07.37:396][  0]LogConfig: Setting CVar [[r.EyeAdaptationQuality:2]]
[2022.12.31-19.07.37:396][  0]LogConfig: Setting CVar [[r.BloomQuality:5]]
[2022.12.31-19.07.37:396][  0]LogConfig: Setting CVar [[r.FastBlurThreshold:100]]
[2022.12.31-19.07.37:396][  0]LogConfig: Setting CVar [[r.Upscale.Quality:3]]
[2022.12.31-19.07.37:396][  0]LogConfig: Setting CVar [[r.Tonemapper.GrainQuantization:1]]
[2022.12.31-19.07.37:396][  0]LogConfig: Setting CVar [[r.LightShaftQuality:1]]
[2022.12.31-19.07.37:396][  0]LogConfig: Setting CVar [[r.Filter.SizeScale:1]]
[2022.12.31-19.07.37:396][  0]LogConfig: Setting CVar [[r.Tonemapper.Quality:5]]
[2022.12.31-19.07.37:396][  0]LogConfig: Setting CVar [[r.DOF.Gather.AccumulatorQuality:1        ; higher gathering accumulator quality]]
[2022.12.31-19.07.37:396][  0]LogConfig: Setting CVar [[r.DOF.Gather.PostfilterMethod:1          ; Median3x3 postfilering method]]
[2022.12.31-19.07.37:396][  0]LogConfig: Setting CVar [[r.DOF.Gather.EnableBokehSettings:0       ; no bokeh simulation when gathering]]
[2022.12.31-19.07.37:396][  0]LogConfig: Setting CVar [[r.DOF.Gather.RingCount:4                 ; medium number of samples when gathering]]
[2022.12.31-19.07.37:396][  0]LogConfig: Setting CVar [[r.DOF.Scatter.ForegroundCompositing:1    ; additive foreground scattering]]
[2022.12.31-19.07.37:396][  0]LogConfig: Setting CVar [[r.DOF.Scatter.BackgroundCompositing:2    ; additive background scattering]]
[2022.12.31-19.07.37:396][  0]LogConfig: Setting CVar [[r.DOF.Scatter.EnableBokehSettings:1      ; bokeh simulation when scattering]]
[2022.12.31-19.07.37:396][  0]LogConfig: Setting CVar [[r.DOF.Scatter.MaxSpriteRatio:0.1         ; only a maximum of 10% of scattered bokeh]]
[2022.12.31-19.07.37:396][  0]LogConfig: Setting CVar [[r.DOF.Recombine.Quality:1                ; cheap slight out of focus]]
[2022.12.31-19.07.37:396][  0]LogConfig: Setting CVar [[r.DOF.Recombine.EnableBokehSettings:0    ; no bokeh simulation on slight out of focus]]
[2022.12.31-19.07.37:396][  0]LogConfig: Setting CVar [[r.DOF.TemporalAAQuality:1                ; more stable temporal accumulation]]
[2022.12.31-19.07.37:396][  0]LogConfig: Setting CVar [[r.DOF.Kernel.MaxForegroundRadius:0.025]]
[2022.12.31-19.07.37:396][  0]LogConfig: Setting CVar [[r.DOF.Kernel.MaxBackgroundRadius:0.025]]
[2022.12.31-19.07.37:396][  0]LogConfig: Applying CVar settings from Section [TextureQuality@3] File [D:/_UnrealProjects/Unreal_EnhancedCityBuilderGame/EnhancedCityBuilder/Saved/Config/Windows/Scalability.ini]
[2022.12.31-19.07.37:397][  0]LogConfig: Setting CVar [[r.Streaming.MipBias:0]]
[2022.12.31-19.07.37:397][  0]LogConfig: Setting CVar [[r.Streaming.AmortizeCPUToGPUCopy:0]]
[2022.12.31-19.07.37:397][  0]LogConfig: Setting CVar [[r.Streaming.MaxNumTexturesToStreamPerFrame:0]]
[2022.12.31-19.07.37:397][  0]LogConfig: Setting CVar [[r.Streaming.Boost:1]]
[2022.12.31-19.07.37:397][  0]LogConfig: Setting CVar [[r.MaxAnisotropy:8]]
[2022.12.31-19.07.37:397][  0]LogConfig: Setting CVar [[r.VT.MaxAnisotropy:8]]
[2022.12.31-19.07.37:397][  0]LogConfig: Setting CVar [[r.Streaming.LimitPoolSizeToVRAM:0]]
[2022.12.31-19.07.37:397][  0]LogConfig: Setting CVar [[r.Streaming.PoolSize:1000]]
[2022.12.31-19.07.37:397][  0]LogConfig: Setting CVar [[r.Streaming.MaxEffectiveScreenSize:0]]
[2022.12.31-19.07.37:397][  0]LogConfig: Applying CVar settings from Section [EffectsQuality@3] File [D:/_UnrealProjects/Unreal_EnhancedCityBuilderGame/EnhancedCityBuilder/Saved/Config/Windows/Scalability.ini]
[2022.12.31-19.07.37:397][  0]LogConfig: Setting CVar [[r.TranslucencyLightingVolumeDim:64]]
[2022.12.31-19.07.37:397][  0]LogConfig: Setting CVar [[r.RefractionQuality:2]]
[2022.12.31-19.07.37:397][  0]LogConfig: Setting CVar [[r.SSR.Quality:3]]
[2022.12.31-19.07.37:397][  0]LogConfig: Setting CVar [[r.SSR.HalfResSceneColor:0]]
[2022.12.31-19.07.37:397][  0]LogConfig: Setting CVar [[r.SceneColorFormat:4]]
[2022.12.31-19.07.37:397][  0]LogConfig: Setting CVar [[r.DetailMode:2]]
[2022.12.31-19.07.37:397][  0]LogConfig: Setting CVar [[r.TranslucencyVolumeBlur:1]]
[2022.12.31-19.07.37:397][  0]LogConfig: Setting CVar [[r.MaterialQualityLevel:1 ; High quality]]
[2022.12.31-19.07.37:397][  0]LogConfig: Setting CVar [[r.AnisotropicMaterials:1]]
[2022.12.31-19.07.37:397][  0]LogConfig: Setting CVar [[r.SSS.Scale:1]]
[2022.12.31-19.07.37:397][  0]LogConfig: Setting CVar [[r.SSS.SampleSet:2]]
[2022.12.31-19.07.37:397][  0]LogConfig: Setting CVar [[r.SSS.Quality:1]]
[2022.12.31-19.07.37:397][  0]LogConfig: Setting CVar [[r.SSS.HalfRes:0]]
[2022.12.31-19.07.37:397][  0]LogConfig: Setting CVar [[r.SSGI.Quality:3]]
[2022.12.31-19.07.37:398][  0]LogConfig: Setting CVar [[r.EmitterSpawnRateScale:1.0]]
[2022.12.31-19.07.37:398][  0]LogConfig: Setting CVar [[r.ParticleLightQuality:2]]
[2022.12.31-19.07.37:398][  0]LogConfig: Setting CVar [[r.SkyAtmosphere.AerialPerspectiveLUT.FastApplyOnOpaque:1 ; Always have FastSkyLUT 1 in this case to avoid wrong sky]]
[2022.12.31-19.07.37:398][  0]LogConfig: Setting CVar [[r.SkyAtmosphere.AerialPerspectiveLUT.SampleCountMaxPerSlice:4]]
[2022.12.31-19.07.37:398][  0]LogConfig: Setting CVar [[r.SkyAtmosphere.AerialPerspectiveLUT.DepthResolution:16.0]]
[2022.12.31-19.07.37:398][  0]LogConfig: Setting CVar [[r.SkyAtmosphere.FastSkyLUT:1]]
[2022.12.31-19.07.37:398][  0]LogConfig: Setting CVar [[r.SkyAtmosphere.FastSkyLUT.SampleCountMin:4.0]]
[2022.12.31-19.07.37:398][  0]LogConfig: Setting CVar [[r.SkyAtmosphere.FastSkyLUT.SampleCountMax:128.0]]
[2022.12.31-19.07.37:398][  0]LogConfig: Setting CVar [[r.SkyAtmosphere.SampleCountMin:4.0]]
[2022.12.31-19.07.37:398][  0]LogConfig: Setting CVar [[r.SkyAtmosphere.SampleCountMax:128.0]]
[2022.12.31-19.07.37:398][  0]LogConfig: Setting CVar [[r.SkyAtmosphere.TransmittanceLUT.UseSmallFormat:0]]
[2022.12.31-19.07.37:398][  0]LogConfig: Setting CVar [[r.SkyAtmosphere.TransmittanceLUT.SampleCount:10.0]]
[2022.12.31-19.07.37:398][  0]LogConfig: Setting CVar [[r.SkyAtmosphere.MultiScatteringLUT.SampleCount:15.0]]
[2022.12.31-19.07.37:398][  0]LogConfig: Setting CVar [[r.SkyLight.RealTimeReflectionCapture:1]]
[2022.12.31-19.07.37:398][  0]LogConfig: Applying CVar settings from Section [FoliageQuality@3] File [D:/_UnrealProjects/Unreal_EnhancedCityBuilderGame/EnhancedCityBuilder/Saved/Config/Windows/Scalability.ini]
[2022.12.31-19.07.37:398][  0]LogConfig: Setting CVar [[foliage.DensityScale:1.0]]
[2022.12.31-19.07.37:398][  0]LogConfig: Setting CVar [[grass.DensityScale:1.0]]
[2022.12.31-19.07.37:398][  0]LogConfig: Applying CVar settings from Section [ShadingQuality@3] File [D:/_UnrealProjects/Unreal_EnhancedCityBuilderGame/EnhancedCityBuilder/Saved/Config/Windows/Scalability.ini]
[2022.12.31-19.07.37:398][  0]LogConfig: Setting CVar [[r.HairStrands.SkyLighting.IntegrationType:2]]
[2022.12.31-19.07.37:398][  0]LogConfig: Setting CVar [[r.HairStrands.SkyAO.SampleCount:4]]
[2022.12.31-19.07.37:398][  0]LogConfig: Setting CVar [[r.HairStrands.Visibility.MSAA.SamplePerPixel:4]]
[2022.12.31-19.07.37:398][  0]LogConfig: Applying CVar settings from Section [Startup] File [../../../Engine/Config/ConsoleVariables.ini]
[2022.12.31-19.07.37:399][  0]LogConfig: Setting CVar [[net.UseAdaptiveNetUpdateFrequency:0]]
[2022.12.31-19.07.37:399][  0]LogConfig: Setting CVar [[p.chaos.AllowCreatePhysxBodies:1]]
[2022.12.31-19.07.37:399][  0]LogConfig: Setting CVar [[fx.SkipVectorVMBackendOptimizations:1]]
[2022.12.31-19.07.37:399][  0]LogConfig: Applying CVar settings from Section [ConsoleVariables] File [D:/_UnrealProjects/Unreal_EnhancedCityBuilderGame/EnhancedCityBuilder/Saved/Config/Windows/Engine.ini]
[2022.12.31-19.07.37:399][  0]LogConfig: Applying CVar settings from Section [ConsoleVariables] File [D:/_UnrealProjects/Unreal_EnhancedCityBuilderGame/EnhancedCityBuilder/Saved/Config/Windows/Editor.ini]
[2022.12.31-19.07.37:399][  0]LogInit: Computer: MSI
[2022.12.31-19.07.37:399][  0]LogInit: User: noura
[2022.12.31-19.07.37:399][  0]LogInit: CPU Page size=4096, Cores=8
[2022.12.31-19.07.37:399][  0]LogInit: High frequency timer resolution =10.000000 MHz
[2022.12.31-19.07.37:399][  0]LogMemory: Memory total: Physical=15.7GB (16GB approx)
[2022.12.31-19.07.37:399][  0]LogMemory: Platform Memory Stats for Windows
[2022.12.31-19.07.37:399][  0]LogMemory: Process Physical Memory: 149.52 MB used, 149.52 MB peak
[2022.12.31-19.07.37:399][  0]LogMemory: Process Virtual Memory: 130.31 MB used, 130.31 MB peak
[2022.12.31-19.07.37:399][  0]LogMemory: Physical Memory: 12381.43 MB used,  3704.05 MB free, 16085.48 MB total
[2022.12.31-19.07.37:399][  0]LogMemory: Virtual Memory: 134211600.00 MB used,  6129.65 MB free, 134217728.00 MB total
[2022.12.31-19.07.37:430][  0]LogWindows: WindowsPlatformFeatures enabled
[2022.12.31-19.07.37:613][  0]LogInit: Physics initialised using underlying interface: PhysX
[2022.12.31-19.07.37:614][  0]LogInit: Using OS detected language (en-US).
[2022.12.31-19.07.37:614][  0]LogInit: Using OS detected locale (en-US).
[2022.12.31-19.07.37:616][  0]LogTextLocalizationManager: No specific localization for 'en-US' exists, so the 'en' localization will be used.
[2022.12.31-19.07.37:753][  0]LogInit: Setting process to per monitor DPI aware
[2022.12.31-19.07.37:776][  0]LogWindowsTextInputMethodSystem: Display: IME system deactivated.
[2022.12.31-19.07.37:794][  0]LogSlate: New Slate User Created.  User Index 0, Is Virtual User: 0
[2022.12.31-19.07.37:794][  0]LogSlate: Slate User Registered.  User Index 0, Is Virtual User: 0
[2022.12.31-19.07.37:870][  0]LogD3D11RHI: Loaded GFSDK_Aftermath_Lib.x64.dll
[2022.12.31-19.07.37:917][  0]LogHMD: Failed to initialize OpenVR with code 110
[2022.12.31-19.07.37:917][  0]LogD3D11RHI: D3D11 min allowed feature level: 11_0
[2022.12.31-19.07.37:917][  0]LogD3D11RHI: D3D11 max allowed feature level: 11_0
[2022.12.31-19.07.37:918][  0]LogD3D11RHI: D3D11 adapters:
[2022.12.31-19.07.38:081][  0]LogD3D11RHI:    0. 'NVIDIA GeForce RTX 3060 Laptop GPU' (Feature Level 11_0)
[2022.12.31-19.07.38:081][  0]LogD3D11RHI:       6023/0/8042 MB DedicatedVideo/DedicatedSystem/SharedSystem, Outputs:1, VendorId:0x10de
[2022.12.31-19.07.38:139][  0]LogD3D11RHI:    1. 'Intel(R) UHD Graphics' (Feature Level 11_0)
[2022.12.31-19.07.38:139][  0]LogD3D11RHI:       128/0/8042 MB DedicatedVideo/DedicatedSystem/SharedSystem, Outputs:0, VendorId:0x8086
[2022.12.31-19.07.38:143][  0]LogD3D11RHI:    2. 'Microsoft Basic Render Driver' (Feature Level 11_0)
[2022.12.31-19.07.38:143][  0]LogD3D11RHI:       0/0/8042 MB DedicatedVideo/DedicatedSystem/SharedSystem, Outputs:0, VendorId:0x1414
[2022.12.31-19.07.38:143][  0]LogD3D11RHI: Chosen D3D11 Adapter:
[2022.12.31-19.07.38:143][  0]LogD3D11RHI:     Description : NVIDIA GeForce RTX 3060 Laptop GPU
[2022.12.31-19.07.38:143][  0]LogD3D11RHI:     VendorId    : 10de
[2022.12.31-19.07.38:143][  0]LogD3D11RHI:     DeviceId    : 2520
[2022.12.31-19.07.38:143][  0]LogD3D11RHI:     SubSysId    : 12ea1462
[2022.12.31-19.07.38:144][  0]LogD3D11RHI:     Revision    : 00a1
[2022.12.31-19.07.38:144][  0]LogD3D11RHI:     DedicatedVideoMemory : 6315573248 bytes
[2022.12.31-19.07.38:144][  0]LogD3D11RHI:     DedicatedSystemMemory : 0 bytes
[2022.12.31-19.07.38:144][  0]LogD3D11RHI:     SharedSystemMemory : 8433426432 bytes
[2022.12.31-19.07.38:144][  0]LogD3D11RHI:     AdapterLuid : 0 55771
[2022.12.31-19.07.38:151][  0]LogD3D11RHI: Creating new Direct3DDevice
[2022.12.31-19.07.38:151][  0]LogD3D11RHI:     GPU DeviceId: 0x2520 (for the marketing name, search the web for "GPU Device Id")
[2022.12.31-19.07.38:152][  0]LogWindows: EnumDisplayDevices:
[2022.12.31-19.07.38:152][  0]LogWindows:    0. 'Intel(R) UHD Graphics' (P:1 D:1)
[2022.12.31-19.07.38:152][  0]LogWindows:    1. 'Intel(R) UHD Graphics' (P:0 D:0)
[2022.12.31-19.07.38:153][  0]LogWindows:    2. 'Intel(R) UHD Graphics' (P:0 D:0)
[2022.12.31-19.07.38:153][  0]LogWindows:    3. 'Intel(R) UHD Graphics' (P:0 D:0)
[2022.12.31-19.07.38:154][  0]LogWindows:    4. 'NVIDIA GeForce RTX 3060 Laptop GPU' (P:0 D:0)
[2022.12.31-19.07.38:154][  0]LogWindows: DebugString: PrimaryIsNotTheChoosenAdapter PrimaryIsNotTheChoosenAdapter PrimaryIsNotTheChoosenAdapter PrimaryIsNotTheChoosenAdapter 
[2022.12.31-19.07.38:154][  0]LogD3D11RHI:     Adapter Name: NVIDIA GeForce RTX 3060 Laptop GPU
[2022.12.31-19.07.38:154][  0]LogD3D11RHI:   Driver Version: 462.21 (internal:27.21.14.6221, unified:462.21)
[2022.12.31-19.07.38:154][  0]LogD3D11RHI:      Driver Date: 3-28-2021
[2022.12.31-19.07.38:155][  0]LogRHI: Texture pool is 4216 MB (70% of 6023 MB)
[2022.12.31-19.07.38:155][  0]LogD3D11RHI: Creating D3DDevice using adapter:
[2022.12.31-19.07.38:155][  0]LogD3D11RHI:     Description : NVIDIA GeForce RTX 3060 Laptop GPU
[2022.12.31-19.07.38:155][  0]LogD3D11RHI:     VendorId    : 10de
[2022.12.31-19.07.38:155][  0]LogD3D11RHI:     DeviceId    : 2520
[2022.12.31-19.07.38:156][  0]LogD3D11RHI:     SubSysId    : 12ea1462
[2022.12.31-19.07.38:156][  0]LogD3D11RHI:     Revision    : 00a1
[2022.12.31-19.07.38:156][  0]LogD3D11RHI:     DedicatedVideoMemory : 6315573248 bytes
[2022.12.31-19.07.38:156][  0]LogD3D11RHI:     DedicatedSystemMemory : 0 bytes
[2022.12.31-19.07.38:156][  0]LogD3D11RHI:     SharedSystemMemory : 8433426432 bytes
[2022.12.31-19.07.38:156][  0]LogD3D11RHI:     AdapterLuid : 0 55771
[2022.12.31-19.07.38:237][  0]LogD3D11RHI: RHI has support for 64 bit atomics
[2022.12.31-19.07.38:237][  0]LogD3D11RHI: Async texture creation enabled
[2022.12.31-19.07.38:237][  0]LogD3D11RHI: Array index from any shader is supported
[2022.12.31-19.07.38:252][  0]LogD3D11RHI: GPU Timing Frequency: 1000.000000 (Debug: 2 1)
[2022.12.31-19.07.38:275][  0]LogRHI: GeForceNow SDK initialized: 1
[2022.12.31-19.07.38:538][  0]LogTargetPlatformManager: Display: Loaded TargetPlatform 'AllDesktop'
[2022.12.31-19.07.38:556][  0]LogTargetPlatformManager: Display: Loaded TargetPlatform 'Android'
[2022.12.31-19.07.38:556][  0]LogTargetPlatformManager: Display: Loaded TargetPlatform 'Android_ASTC'
[2022.12.31-19.07.38:556][  0]LogTargetPlatformManager: Display: Loaded TargetPlatform 'Android_DXT'
[2022.12.31-19.07.38:556][  0]LogTargetPlatformManager: Display: Loaded TargetPlatform 'Android_ETC2'
[2022.12.31-19.07.38:556][  0]LogTargetPlatformManager: Display: Loaded TargetPlatform 'AndroidClient'
[2022.12.31-19.07.38:556][  0]LogTargetPlatformManager: Display: Loaded TargetPlatform 'Android_ASTCClient'
[2022.12.31-19.07.38:557][  0]LogTargetPlatformManager: Display: Loaded TargetPlatform 'Android_DXTClient'
[2022.12.31-19.07.38:557][  0]LogTargetPlatformManager: Display: Loaded TargetPlatform 'Android_ETC2Client'
[2022.12.31-19.07.38:557][  0]LogTargetPlatformManager: Display: Loaded TargetPlatform 'Android_Multi'
[2022.12.31-19.07.38:557][  0]LogTargetPlatformManager: Display: Loaded TargetPlatform 'Android_MultiClient'
[2022.12.31-19.07.38:586][  0]LogTargetPlatformManager: Display: Loaded TargetPlatform 'IOSClient'
[2022.12.31-19.07.38:587][  0]LogTargetPlatformManager: Display: Loaded TargetPlatform 'IOS'
[2022.12.31-19.07.38:597][  0]LogTargetPlatformManager: Display: Loaded TargetPlatform 'Linux'
[2022.12.31-19.07.38:606][  0]LogTargetPlatformManager: Display: Loaded TargetPlatform 'LinuxNoEditor'
[2022.12.31-19.07.38:613][  0]LogTargetPlatformManager: Display: Loaded TargetPlatform 'LinuxClient'
[2022.12.31-19.07.38:622][  0]LogTargetPlatformManager: Display: Loaded TargetPlatform 'LinuxServer'
[2022.12.31-19.07.38:634][  0]LogTargetPlatformManager: Display: Loaded TargetPlatform 'LinuxAArch64NoEditor'
[2022.12.31-19.07.38:641][  0]LogTargetPlatformManager: Display: Loaded TargetPlatform 'LinuxAArch64Client'
[2022.12.31-19.07.38:648][  0]LogTargetPlatformManager: Display: Loaded TargetPlatform 'LinuxAArch64Server'
[2022.12.31-19.07.38:667][  0]LogTargetPlatformManager: Display: Loaded TargetPlatform 'Lumin'
[2022.12.31-19.07.38:667][  0]LogTargetPlatformManager: Display: Loaded TargetPlatform 'LuminClient'
[2022.12.31-19.07.38:682][  0]LogTargetPlatformManager: Display: Loaded TargetPlatform 'MacNoEditor'
[2022.12.31-19.07.38:692][  0]LogTargetPlatformManager: Display: Loaded TargetPlatform 'Mac'
[2022.12.31-19.07.38:703][  0]LogTargetPlatformManager: Display: Loaded TargetPlatform 'MacClient'
[2022.12.31-19.07.38:714][  0]LogTargetPlatformManager: Display: Loaded TargetPlatform 'MacServer'
[2022.12.31-19.07.38:724][  0]LogTargetPlatformManager: Display: Loaded TargetPlatform 'TVOSClient'
[2022.12.31-19.07.38:724][  0]LogTargetPlatformManager: Display: Loaded TargetPlatform 'TVOS'
[2022.12.31-19.07.38:738][  0]LogTargetPlatformManager: Display: Loaded TargetPlatform 'WindowsNoEditor'
[2022.12.31-19.07.38:747][  0]LogTargetPlatformManager: Display: Loaded TargetPlatform 'Windows'
[2022.12.31-19.07.38:756][  0]LogTargetPlatformManager: Display: Loaded TargetPlatform 'WindowsClient'
[2022.12.31-19.07.38:767][  0]LogTargetPlatformManager: Display: Loaded TargetPlatform 'WindowsServer'
[2022.12.31-19.07.38:767][  0]LogTargetPlatformManager: Display: Building Assets For Windows
[2022.12.31-19.07.38:787][  0]LogAudioDebug: Display: Lib vorbis DLL was dynamically loaded.
[2022.12.31-19.07.38:856][  0]LogTextureFormatOodle: Display: Oodle Texture 2.9.0 init RDO Off
[2022.12.31-19.07.38:936][  0]LogRendererCore: Ray tracing is disabled. Reason: r.RayTracing=0.
[2022.12.31-19.07.38:936][  0]LogShaderCompilers: Guid format shader working directory is -33 characters bigger than the processId version (../../../../_UnrealProjects/Unreal_EnhancedCityBuilderGame/EnhancedCityBuilder/Intermediate/Shaders/WorkingDirectory/19108/).
[2022.12.31-19.07.38:937][  0]LogShaderCompilers: Cleaned the shader compiler working directory 'C:/Users/noura/AppData/Local/Temp/UnrealShaderWorkingDir/94282AA547E41B4E1D37CDB8935FB472/'.
[2022.12.31-19.07.38:937][  0]LogXGEController: Cannot use XGE Controller as Incredibuild is not installed on this machine.
[2022.12.31-19.07.38:937][  0]LogShaderCompilers: Cannot use XGE Shader Compiler as Incredibuild is not installed on this machine.
[2022.12.31-19.07.38:937][  0]LogShaderCompilers: Display: Using Local Shader Compiler.
[2022.12.31-19.07.39:510][  0]LogDerivedDataCache: Display: Max Cache Size: 512 MB
[2022.12.31-19.07.39:563][  0]LogDerivedDataCache: Loaded boot cache 0.05s 94MB C:/Users/noura/AppData/Local/UnrealEngine/4.27/DerivedDataCache/Boot.ddc.
[2022.12.31-19.07.39:563][  0]LogDerivedDataCache: Display: Loaded Boot cache: C:/Users/noura/AppData/Local/UnrealEngine/4.27/DerivedDataCache/Boot.ddc
[2022.12.31-19.07.39:563][  0]LogDerivedDataCache: FDerivedDataBackendGraph:  Pak pak cache file ../../../../_UnrealProjects/Unreal_EnhancedCityBuilderGame/EnhancedCityBuilder/DerivedDataCache/DDC.ddp not found, will not use a pak cache.
[2022.12.31-19.07.39:563][  0]LogDerivedDataCache: Unable to find inner node Pak for hierarchical cache Hierarchy.
[2022.12.31-19.07.39:564][  0]LogDerivedDataCache: FDerivedDataBackendGraph:  CompressedPak pak cache file ../../../../_UnrealProjects/Unreal_EnhancedCityBuilderGame/EnhancedCityBuilder/DerivedDataCache/Compressed.ddp not found, will not use a pak cache.
[2022.12.31-19.07.39:564][  0]LogDerivedDataCache: Unable to find inner node CompressedPak for hierarchical cache Hierarchy.
[2022.12.31-19.07.39:577][  0]LogDerivedDataCache: Display: Pak cache opened for reading ../../../Engine/DerivedDataCache/Compressed.ddp.
[2022.12.31-19.07.39:578][  0]LogDerivedDataCache: FDerivedDataBackendGraph:  EnterprisePak pak cache file ../../../Enterprise/DerivedDataCache/Compressed.ddp not found, will not use a pak cache.
[2022.12.31-19.07.39:578][  0]LogDerivedDataCache: Unable to find inner node EnterprisePak for hierarchical cache Hierarchy.
[2022.12.31-19.07.39:584][  0]LogDerivedDataCache: Speed tests for C:/Users/noura/AppData/Local/UnrealEngine/Common/DerivedDataCache took 0.01 seconds
[2022.12.31-19.07.39:584][  0]LogDerivedDataCache: Display: Performance to C:/Users/noura/AppData/Local/UnrealEngine/Common/DerivedDataCache: Latency=0.03ms. RandomReadSpeed=1487.02MBs, RandomWriteSpeed=194.46MBs. Assigned SpeedClass 'Local'
[2022.12.31-19.07.39:587][  0]LogDerivedDataCache: Using Local data cache path C:/Users/noura/AppData/Local/UnrealEngine/Common/DerivedDataCache: Writable
[2022.12.31-19.07.39:587][  0]LogDerivedDataCache: Shared data cache path not found in *engine.ini, will not use an Shared cache.
[2022.12.31-19.07.39:587][  0]LogDerivedDataCache: Unable to find inner node Shared for hierarchical cache Hierarchy.
[2022.12.31-19.07.39:624][  0]LogSlate: Using FreeType 2.10.0
[2022.12.31-19.07.39:624][  0]LogSlate: SlateFontServices - WITH_FREETYPE: 1, WITH_HARFBUZZ: 1
[2022.12.31-19.07.39:656][  0]LogAssetRegistry: FAssetRegistry took 0.0043 seconds to start up
[2022.12.31-19.07.39:831][  0]LogInit: Selected Device Profile: [Windows]
[2022.12.31-19.07.39:831][  0]LogInit: Active device profile: [000002A8AA8E7D00][000002A8A939AF00 49] Windows
[2022.12.31-19.07.39:831][  0]LogInit: Profiles: [000002A8AA8E7D00][000002A8A939AF00 49] Windows, [000002A8AA8A8400][000002A8AA62B080 49] WindowsNoEditor, [000002A8AA8E4400][000002A8AA69F200 49] WindowsServer, [000002A8AA8AB800][000002A8AA6A7380 49] WindowsClient, [000002A8AA8E7700][000002A8AA729500 49] IOS, [000002A8AA8A8A00][000002A8AA765680 49] iPadAir, [000002A8AA8E4900][000002A8AA789800 49] iPadAir2, [000002A8AB6E0900][000002A8AA7A9AC0 49] IPadPro, [000002A8AB6E0A00][000002A8AA78DB00 49] iPadAir3, [000002A8AA8E7400][000002A8AA7AC100 49] iPadAir4, [000002A8AB6E3F00][000002A8A34C8280 49] iPadMini2, [000002A8AA8E4D00][000002A8A34CC400 49] iPadMini3, [000002A8AB6E1700][000002A8A34D0580 49] iPadMini4, [000002A8AA8E6C00][000002A8A34D4700 49] iPadMini5, [000002A8AA8AB000][000002A8AA622980 49] iPhone6, [000002A8AB6CBF00][000002A8A34DC9C0 49] iPodTouch6, [000002A8AA8AB500][000002A8A34E8C00 49] iPhone7, [000002A8AA8AB600][000002A8A34E4C40 49] iPodTouch7, [000002A8AB6C8900][000002A8A34ECD80 49] iPhone5S, [000002A8AA8AAC00][000002A8A351AF00 49] iPhone6Plus, [000002A8AB6CB300][000002A8A351F080 49] iPhone6S, [000002A8AA8A8D00][000002A8A3527200 49] iPhone6SPlus, [000002A8AB6C9000][000002A8A352F380 49] iPhone7Plus, [000002A8AA8ABF00][000002A8A3533500 49] iPhoneSE, [000002A8AB6CAC00][000002A8A34AD680 49] iPhone8, [000002A8AA8A9100][000002A8A4CE1800 49] iPhone8Plus, [000002A8AB6C9600][000002A8A4CE5980 49] iPhoneX, [000002A8AA8ABB00][000002A8A4D23B00 49] iPhoneXS, [000002A8AB6CA600][000002A8A4D26100 49] iPhoneXSMax, [000002A8AA8A9A00][000002A8A4D2A280 49] iPhoneXR, [000002A8AB6C8800][000002A8AA682400 49] iPhone11, [000002A8AA8AA000][000002A8AA686580 49] iPhone11Pro, [000002A8AB6CB500][000002A8AA68A700 49] iPhone11ProMax, [000002A8AA8A8500][000002A8AA718880 49] iPhoneSE2, [000002A8AB6CB000][000002A8AA71CA00 49] iPhone12Mini, [000002A8AA8A9E00][000002A8A3516B40 49] iPhone12, [000002A8AB6CB100][000002A8AA720C80 49] iPhone12Pro, [000002A8AA8A9C00][000002A8AA724DC0 49] iPhone12ProMax, [000002A8AB6C9B00][000002A8AA68EF00 49] iPadPro105, [000002A8AA8AA600][000002A8AA697080 49] iPadPro129, [000002A8AB6CBB00][000002A8AA69B200 49] iPadPro97, [000002A8AA8A8E00][000002A8A2D27380 49] iPadPro2_129, [000002A8AB6C8F00][000002A8A2D2B500 49] iPad5, [000002A8AA8A8300][000002A8ABBBB680 49] iPad6, [000002A8AB6C9500][000002A8A2D33800 49] iPad7, [000002A8AA8A9400][000002A8A4D67980 49] iPad8, [000002A8AB6C9C00][000002A8AB8B3B00 49] iPadPro11, [000002A8AA8AB400][000002A8AB8B6100 49] iPadPro2_11, [000002A8AB6C8D00][000002A8AB8BA280 49] iPadPro3_129, [000002A8AA8AAF00][000002A8AB8BE400 49] iPadPro4_129, [000002A8AB6CBE00][000002A8AB9E0580 49] AppleTV, [000002A8AA8AB200][000002A8AB9E4700 49] AppleTV4K, [000002A8AB6C8A00][000002A8AB9F2880 49] TVOS, [000002A8AA8AAA00][000002A8AB9F6A00 49] Mac, [000002A8AB6CB600][000002A8AB9FAB80 49] MacClient, [000002A8AA8AB700][000002A8AB9FED00 49] MacNoEditor, [000002A8AB6C8200][000002A8AA692E40 49] MacServer, [000002A8AA8A8900][000002A8ABA02F80 49] Linux, [000002A8AB6CA200][000002A8A4CE90C0 49] LinuxAArch64, [000002A8AA8AB300][000002A8A4D05240 49] LinuxNoEditor, [000002A8AB6C8400][000002A8A4D113C0 49] LinuxAArch64NoEditor, [000002A8AA8A9500][000002A8A4D19540 49] LinuxClient, [000002A8AB6C9A00][000002A8A4D1D6C0 49] LinuxAArch64Client, [000002A8AA8A9900][000002A8AA667840 49] LinuxServer, [000002A8AB6C8E00][000002A8AA66B9C0 49] LinuxAArch64Server, [000002A8AA8A9200][000002A8AA673B40 49] Android, [000002A8AB6C8500][000002A8AA676140 49] Android_Low, [000002A8AA8AA500][000002A8ABA562C0 49] Android_Mid, [000002A8AA925200][000002A8AA67E440 49] Android_High, [000002A8AA8E7500][000002A8AA6E45C0 49] Android_Default, [000002A8AA926400][000002A8A4D2E740 49] Android_Adreno4xx, [000002A8AA8E5D00][000002A8A4D328C0 49] Android_Adreno5xx_Low, [000002A8AA924D00][000002A8A4D36A40 49] Android_Adreno5xx, [000002A8AA8E5400][000002A8A4D3ABC0 49] Android_Adreno6xx, [000002A8AA925000][000002A8A4D48D40 49] Android_Adreno6xx_Vulkan, [000002A8AA8E6500][000002A8AA6FCEC0 49] Android_Mali_T6xx, [000002A8AA924C00][000002A8A4D01000 49] Android_Mali_T7xx, [000002A8AA8E6E00][000002A8AA67B140 49] Android_Mali_T8xx, [000002A8AA926200][000002A8AA66F280 49] Android_Mali_G71, [000002A8AA8E5E00][000002A8AA7013C0 49] Android_Mali_G72, [000002A8AA925F00][000002A8AA709540 49] Android_Mali_G72_Vulkan, [000002A8AA8E5F00][000002A8A4D156C0 49] Android_Mali_G76, [000002A8AA924400][000002A8AA70D840 49] Android_Mali_G76_Vulkan, [000002A8AA8E6800][000002A8AA7119C0 49] Android_Mali_G77, [000002A8AA8A8700][000002A8AA715B40 49] Android_Mali_G77_Vulkan, [000002A8AB6CB900][000002A8ABA2E140 49] Android_Mali_G78, [000002A8AA8A9000][000002A8ABA322C0 49] Android_Mali_G78_Vulkan, [000002A8AB6C9D00][000002A8ABA36440 49] Android_Mali_G710, [000002A8AA8E4800][000002A8ABA3A5C0 49] Android_Mali_G710_Vulkan, [000002A8AA926800][000002A8ABA3E740 49] Android_Vulkan_SM5, [000002A8AA8E5600][000002A8ABA428C0 49] Android_PowerVR_G6xxx, [000002A8AA925E00][000002A8ABA46A40 49] Android_PowerVR_GT7xxx, [000002A8AA8E5100][000002A8ABA4ABC0 49] Android_PowerVR_GE8xxx, [000002A8AA926C00][000002A8ABA4ED40 49] Android_PowerVR_GM9xxx, [000002A8AA8AA100][000002A8ABA52EC0 49] Android_PowerVR_GM9xxx_Vulkan, [000002A8AA924100][000002A8A2CF5040 49] Android_TegraK1, [000002A8AA8AAE00][000002A8AA705180 49] Android_Unknown_Vulkan, [000002A8AA925B00][000002A8A2CF92C0 49] Lumin, [000002A8AA8AA400][000002A8A2CFD400 49] Lumin_Desktop, [000002A8AA925100][000002A8A2D01540 49] HoloLens, 
[2022.12.31-19.07.39:990][  0]LogMeshReduction: Using QuadricMeshReduction for automatic static mesh reduction
[2022.12.31-19.07.39:990][  0]LogMeshReduction: Using SimplygonMeshReduction for automatic skeletal mesh reduction
[2022.12.31-19.07.39:990][  0]LogMeshReduction: Using ProxyLODMeshReduction for automatic mesh merging
[2022.12.31-19.07.39:990][  0]LogMeshReduction: No distributed automatic mesh merging module available
[2022.12.31-19.07.39:990][  0]LogMeshMerging: No distributed automatic mesh merging module available
[2022.12.31-19.07.40:008][  0]LogNetVersion: EnhancedCityBuilder 1.0.0, NetCL: 17155196, EngineNetVer: 17, GameNetVer: 0 (Checksum: 4004654538)
[2022.12.31-19.07.40:297][  0]LogTexture: Default maximum texture size for cubemaps generated from long-lat sources has been changed from 512 to unlimited. In order to preserve old behaiour for '/Engine/MapTemplates/Sky/DaylightAmbientCubemap.DaylightAmbientCubemap', its maximum texture size has been explicitly set to 512.
[2022.12.31-19.07.40:342][  0]LogHMD: PokeAHoleMaterial loaded successfully
[2022.12.31-19.07.40:347][  0]LogUObjectArray: 17178 objects as part of root set at end of initial load.
[2022.12.31-19.07.40:347][  0]LogUObjectAllocator: 4302048 out of 0 bytes used by permanent object pool.
[2022.12.31-19.07.40:347][  0]LogUObjectArray: CloseDisregardForGC: 0/0 objects in disregard for GC pool
[2022.12.31-19.07.41:053][  0]LogNiagaraDebuggerClient: Niagara Debugger Client Initialized | Session: 53BD1B0F498FA120A88E5CB8A0DEA179 | Instance: 544BCE8A4027F1908EFCDE989EA34B08 (MSI-19108).
[2022.12.31-19.07.41:365][  0]LogTcpMessaging: Initializing TcpMessaging bridge
[2022.12.31-19.07.41:381][  0]LogUdpMessaging: Initializing bridge on interface 0.0.0.0:0 to multicast group 230.0.0.1:6666.
[2022.12.31-19.07.41:425][  0]LogPython: Using Python 3.7.7
[2022.12.31-19.07.42:367][  0]SourceControl: Source control is disabled
[2022.12.31-19.07.42:368][  0]SourceControl: Source control is disabled
[2022.12.31-19.07.42:380][  0]SourceControl: Source control is disabled
[2022.12.31-19.07.42:402][  0]SourceControl: Source control is disabled
[2022.12.31-19.07.42:425][  0]SourceControl: Source control is disabled
[2022.12.31-19.07.42:445][  0]LogUProjectInfo: Found projects:
[2022.12.31-19.07.42:884][  0]LogOpenImageDenoise: OIDN starting up
[2022.12.31-19.07.42:922][  0]LogAndroidPermission: UAndroidPermissionCallbackProxy::GetInstance
[2022.12.31-19.07.42:973][  0]LogAudioCaptureCore: Display: No Audio Capture implementations found. Audio input will be silent.
[2022.12.31-19.07.42:973][  0]LogAudioCaptureCore: Display: No Audio Capture implementations found. Audio input will be silent.
[2022.12.31-19.07.43:183][  0]LogCollectionManager: Loaded 0 collections in 0.000580 seconds
[2022.12.31-19.07.43:224][  0]LogFileCache: Scanning file cache for directory 'D:/_UnrealProjects/Unreal_EnhancedCityBuilderGame/EnhancedCityBuilder/Saved/Collections/' took 0.00s
[2022.12.31-19.07.43:225][  0]LogFileCache: Scanning file cache for directory 'D:/_UnrealProjects/Unreal_EnhancedCityBuilderGame/EnhancedCityBuilder/Content/Developers/noura/Collections/' took 0.00s
[2022.12.31-19.07.43:225][  0]LogFileCache: Scanning file cache for directory 'D:/_UnrealProjects/Unreal_EnhancedCityBuilderGame/EnhancedCityBuilder/Content/Collections/' took 0.00s
[2022.12.31-19.07.43:225][  0]LogOcInput: OculusInput pre-init called
[2022.12.31-19.07.43:474][  0]LogEngine: Initializing Engine...
[2022.12.31-19.07.43:478][  0]LogHMD: Failed to enumerate extensions. Please check that you have a valid OpenXR runtime installed.
[2022.12.31-19.07.43:478][  0]LogHMD: Failed to initialize OpenVR with code 110
[2022.12.31-19.07.43:478][  0]LogMagicLeap: Warning: VR disabled because ZI is not enabled.  To enable, in the editor, Edit -> Project Settings -> Plugins -> Magic Leap Plugin -> Enable Zero Iteration
[2022.12.31-19.07.43:479][  0]LogStats: UGameplayTagsManager::InitializeManager -  0.000 s
[2022.12.31-19.07.43:568][  0]LogInit: Initializing FReadOnlyCVARCache
[2022.12.31-19.07.43:581][  0]LogAIModule: Creating AISystem for world Untitled
[2022.12.31-19.07.43:595][  0]LogAudio: Display: Initializing Audio Device Manager...
[2022.12.31-19.07.43:606][  0]LogAudio: Display: Loading Default Audio Settings Objects...
[2022.12.31-19.07.43:607][  0]LogAudio: Display: No default SoundConcurrencyObject specified (or failed to load).
[2022.12.31-19.07.43:608][  0]LogAudio: Display: Audio Device Manager Initialized
[2022.12.31-19.07.43:608][  0]LogAudio: Display: Creating Audio Device:                 Id: 1, Scope: Shared, Realtime: True
[2022.12.31-19.07.43:609][  0]LogAudioMixer: Display: Audio Mixer Platform Settings:
[2022.12.31-19.07.43:609][  0]LogAudioMixer: Display: 	Sample Rate:						  48000
[2022.12.31-19.07.43:609][  0]LogAudioMixer: Display: 	Callback Buffer Frame Size Requested: 1024
[2022.12.31-19.07.43:609][  0]LogAudioMixer: Display: 	Callback Buffer Frame Size To Use:	  1024
[2022.12.31-19.07.43:609][  0]LogAudioMixer: Display: 	Number of buffers to queue:			  2
[2022.12.31-19.07.43:609][  0]LogAudioMixer: Display: 	Max Channels (voices):				  32
[2022.12.31-19.07.43:609][  0]LogAudioMixer: Display: 	Number of Async Source Workers:		  0
[2022.12.31-19.07.43:610][  0]LogAudio: Display: AudioDevice MaxSources: 32
[2022.12.31-19.07.43:610][  0]LogAudio: Display: Audio Spatialization Plugin: None (built-in).
[2022.12.31-19.07.43:611][  0]LogAudio: Display: Audio Reverb Plugin: None (built-in).
[2022.12.31-19.07.43:611][  0]LogAudio: Display: Audio Occlusion Plugin: None (built-in).
[2022.12.31-19.07.43:611][  0]LogAudioMixer: Display: Initializing audio mixer.
[2022.12.31-19.07.43:658][  0]LogAudioMixer: Display: 0: FrontLeft
[2022.12.31-19.07.43:659][  0]LogAudioMixer: Display: 1: FrontRight
[2022.12.31-19.07.43:732][  0]LogAudioMixer: Display: Using Audio Device Speakers (Realtek(R) Audio)
[2022.12.31-19.07.43:736][  0]LogAudioMixer: Display: Initializing Sound Submixes...
[2022.12.31-19.07.43:738][  0]LogAudioMixer: Display: Creating Master Submix 'MasterSubmixDefault'
[2022.12.31-19.07.43:738][  0]LogAudioMixer: Display: Creating Master Submix 'MasterReverbSubmixDefault'
[2022.12.31-19.07.43:739][  0]LogAudioMixer: Display: Creating Master Submix 'MasterEQSubmixDefault'
[2022.12.31-19.07.43:739][  0]LogAudioMixer: FMixerPlatformXAudio2::StartAudioStream() called
[2022.12.31-19.07.43:739][  0]LogAudioMixer: Display: Output buffers initialized: Frames=1024, Channels=2, Samples=2048
[2022.12.31-19.07.43:741][  0]LogAudioMixer: Display: Starting AudioMixerPlatformInterface::RunInternal()
[2022.12.31-19.07.43:742][  0]LogAudioMixer: Display: FMixerPlatformXAudio2::SubmitBuffer() called for the first time
[2022.12.31-19.07.43:742][  0]LogInit: FAudioDevice initialized.
[2022.12.31-19.07.43:743][  0]LogAudio: Display: Audio Device (ID: 1) registered with world 'Untitled'.
[2022.12.31-19.07.43:743][  0]LogNetVersion: Set ProjectVersion to 1.0.0.0. Version Checksum will be recalculated on next use.
[2022.12.31-19.07.43:787][  0]LogDerivedDataCache: Saved boot cache 0.04s 94MB C:/Users/noura/AppData/Local/UnrealEngine/4.27/DerivedDataCache/Boot.ddc.
[2022.12.31-19.07.43:788][  0]LogInit: Texture streaming: Enabled
[2022.12.31-19.07.43:812][  0]LogAnalytics: Display: [UEEditor.Rocket.Release] APIServer = https://datarouter.ol.epicgames.com/. AppVersion = 4.27.2-18319896+++UE4+Release-4.27
[2022.12.31-19.07.43:820][  0]LogEngineSessionManager: EngineSessionManager initialized
[2022.12.31-19.07.43:820][  0]LogEngineSessionManager: EngineSessionManager sent abnormal shutdown report. Type=Debugger, SessionId={66069D26-43D7-3A5B-E921-068903E2E371}
[2022.12.31-19.07.43:821][  0]LogEditorSessionSummary: Verbose: Initializing EditorSessionSummaryWriter for editor session tracking
[2022.12.31-19.07.43:822][  0]LogEditorSessionSummary: EditorSessionSummaryWriter initialized
[2022.12.31-19.07.43:854][  0]LogInit: Transaction tracking system initialized
[2022.12.31-19.07.43:906][  0]BlueprintLog: New page: Editor Load
[2022.12.31-19.07.44:059][  0]LocalizationService: Localization service is disabled
[2022.12.31-19.07.44:126][  0]TimingProfiler: Initialize
[2022.12.31-19.07.44:126][  0]TimingProfiler: OnSessionChanged
[2022.12.31-19.07.44:126][  0]LoadingProfiler: Initialize
[2022.12.31-19.07.44:127][  0]LoadingProfiler: OnSessionChanged
[2022.12.31-19.07.44:127][  0]NetworkingProfiler: Initialize
[2022.12.31-19.07.44:127][  0]NetworkingProfiler: OnSessionChanged
[2022.12.31-19.07.44:127][  0]MemoryProfiler: Initialize
[2022.12.31-19.07.44:128][  0]MemoryProfiler: OnSessionChanged
[2022.12.31-19.07.44:307][  0]LogCook: Display: CookSettings for Memory: MemoryMaxUsedVirtual 0MiB, MemoryMaxUsedPhysical 16384MiB, MemoryMinFreeVirtual 0MiB, MemoryMinFreePhysical 1024MiB
[2022.12.31-19.07.44:307][  0]LogCook: Display: Mobile HDR setting 1
[2022.12.31-19.07.44:718][  0]LogFileCache: Scanning file cache for directory 'D:/_UnrealProjects/Unreal_EnhancedCityBuilderGame/EnhancedCityBuilder/Content/' took 0.00s
[2022.12.31-19.07.44:892][  0]LogInit: Display: Engine is initialized. Leaving FEngineLoop::Init()
[2022.12.31-19.07.44:894][  0]SourceControl: Source control is disabled
[2022.12.31-19.07.44:894][  0]LogUnrealEdMisc: Loading editor; pre map load, took 8.979
[2022.12.31-19.07.44:894][  0]Cmd: MAP LOAD FILE="../../../Engine/Content/Maps/Templates/Template_Default.umap" TEMPLATE=1 SHOWPROGRESS=1 FEATURELEVEL=3
[2022.12.31-19.07.44:895][  0]LightingResults: New page: Lighting Build
[2022.12.31-19.07.44:896][  0]LogWorld: UWorld::CleanupWorld for Untitled, bSessionEnded=true, bCleanupResources=true
[2022.12.31-19.07.44:896][  0]LogSlate: InvalidateAllWidgets triggered.  All widgets were invalidated
[2022.12.31-19.07.44:897][  0]MapCheck: New page: Map Check
[2022.12.31-19.07.44:897][  0]LightingResults: New page: Lighting Build
[2022.12.31-19.07.44:907][  0]LogAudio: Display: Audio Device unregistered from world 'None'.
[2022.12.31-19.07.44:910][  0]LogUObjectHash: Compacting FUObjectHashTables data took   0.63ms
[2022.12.31-19.07.44:949][  0]LogAudio: Display: Audio Device (ID: 1) registered with world 'Untitled_1'.
[2022.12.31-19.07.44:950][  0]LogAIModule: Creating AISystem for world Untitled_1
[2022.12.31-19.07.44:955][  0]LogEditorServer: Finished looking for orphan Actors (0.000 secs)
[2022.12.31-19.07.44:975][  0]LogUObjectHash: Compacting FUObjectHashTables data took   1.05ms
[2022.12.31-19.07.44:975][  0]Cmd: MAP CHECKDEP NOCLEARLOG
[2022.12.31-19.07.44:976][  0]MapCheck: Map check complete: 0 Error(s), 0 Warning(s), took 0.144ms to complete.
[2022.12.31-19.07.44:976][  0]LogFileHelpers: Loading map 'Template_Default' took 0.081
[2022.12.31-19.07.44:978][  0]LogUnrealEdMisc: Total Editor Startup Time, took 9.063
[2022.12.31-19.07.45:083][  0]LogSlate: Updating window title bar state: overlay mode, drag disabled, window buttons hidden, title bar hidden
[2022.12.31-19.07.45:089][  0]LogSlate: Updating window title bar state: overlay mode, drag disabled, window buttons hidden, title bar hidden
[2022.12.31-19.07.45:094][  0]LogSlate: Updating window title bar state: overlay mode, drag disabled, window buttons hidden, title bar hidden
[2022.12.31-19.07.45:101][  0]LogSlate: Updating window title bar state: overlay mode, drag disabled, window buttons hidden, title bar hidden
[2022.12.31-19.07.45:112][  0]LogNativeClassHierarchy: Verbose: Native class hierarchy populated in 0.0078 seconds. Added 3829 classes and 930 folders.
[2022.12.31-19.07.45:114][  0]LogNativeClassHierarchy: Verbose: Native class hierarchy updated for 'WidgetCarousel' in 0.0002 seconds. Added 0 classes and 0 folders.
[2022.12.31-19.07.45:116][  0]LogPakFile: PakFile PrimaryIndexSize=187
[2022.12.31-19.07.45:116][  0]LogPakFile: PakFile PathHashIndexSize=101
[2022.12.31-19.07.45:116][  0]LogPakFile: PakFile FullDirectoryIndexSize=148
[2022.12.31-19.07.45:116][  0]LogShaderLibrary: Display: ShaderCodeLibraryPakFileMountedCallback: PakFile 'D:/UE_4.27/FeaturePacks/FP_FirstPerson.upack' (chunk index -1, root 'root:/') mounted
[2022.12.31-19.07.45:117][  0]LogShaderLibrary: Display: ShaderCodeLibraryPakFileMountedCallback: pending pak file info (ChunkID:-1 Root:root:/ File:D:/UE_4.27/FeaturePacks/FP_FirstPerson.upack)
[2022.12.31-19.07.45:117][  0]LogPakFile: OnPakFileMounted2Time == 0.000863
[2022.12.31-19.07.45:118][  0]LogPakFile: PakFile PrimaryIndexSize=189
[2022.12.31-19.07.45:118][  0]LogPakFile: PakFile PathHashIndexSize=101
[2022.12.31-19.07.45:119][  0]LogPakFile: PakFile FullDirectoryIndexSize=152
[2022.12.31-19.07.45:119][  0]LogShaderLibrary: Display: ShaderCodeLibraryPakFileMountedCallback: PakFile 'D:/UE_4.27/FeaturePacks/FP_FirstPersonBP.upack' (chunk index -1, root 'root:/') mounted
[2022.12.31-19.07.45:119][  0]LogShaderLibrary: Display: ShaderCodeLibraryPakFileMountedCallback: pending pak file info (ChunkID:-1 Root:root:/ File:D:/UE_4.27/FeaturePacks/FP_FirstPersonBP.upack)
[2022.12.31-19.07.45:119][  0]LogPakFile: OnPakFileMounted2Time == 0.000334
[2022.12.31-19.07.45:120][  0]LogPakFile: PakFile PrimaryIndexSize=191
[2022.12.31-19.07.45:120][  0]LogPakFile: PakFile PathHashIndexSize=101
[2022.12.31-19.07.45:120][  0]LogPakFile: PakFile FullDirectoryIndexSize=160
[2022.12.31-19.07.45:120][  0]LogShaderLibrary: Display: ShaderCodeLibraryPakFileMountedCallback: PakFile 'D:/UE_4.27/FeaturePacks/MobileStarterContent.upack' (chunk index -1, root 'root:/') mounted
[2022.12.31-19.07.45:121][  0]LogShaderLibrary: Display: ShaderCodeLibraryPakFileMountedCallback: pending pak file info (ChunkID:-1 Root:root:/ File:D:/UE_4.27/FeaturePacks/MobileStarterContent.upack)
[2022.12.31-19.07.45:121][  0]LogPakFile: OnPakFileMounted2Time == 0.000425
[2022.12.31-19.07.45:121][  0]LogPakFile: PakFile PrimaryIndexSize=185
[2022.12.31-19.07.45:122][  0]LogPakFile: PakFile PathHashIndexSize=101
[2022.12.31-19.07.45:122][  0]LogPakFile: PakFile FullDirectoryIndexSize=148
[2022.12.31-19.07.45:122][  0]LogShaderLibrary: Display: ShaderCodeLibraryPakFileMountedCallback: PakFile 'D:/UE_4.27/FeaturePacks/StarterContent.upack' (chunk index -1, root 'root:/') mounted
[2022.12.31-19.07.45:122][  0]LogShaderLibrary: Display: ShaderCodeLibraryPakFileMountedCallback: pending pak file info (ChunkID:-1 Root:root:/ File:D:/UE_4.27/FeaturePacks/StarterContent.upack)
[2022.12.31-19.07.45:122][  0]LogPakFile: OnPakFileMounted2Time == 0.000418
[2022.12.31-19.07.45:123][  0]LogPakFile: PakFile PrimaryIndexSize=190
[2022.12.31-19.07.45:123][  0]LogPakFile: PakFile PathHashIndexSize=101
[2022.12.31-19.07.45:123][  0]LogPakFile: PakFile FullDirectoryIndexSize=154
[2022.12.31-19.07.45:124][  0]LogShaderLibrary: Display: ShaderCodeLibraryPakFileMountedCallback: PakFile 'D:/UE_4.27/FeaturePacks/TP_2DSideScroller.upack' (chunk index -1, root 'root:/') mounted
[2022.12.31-19.07.45:124][  0]LogShaderLibrary: Display: ShaderCodeLibraryPakFileMountedCallback: pending pak file info (ChunkID:-1 Root:root:/ File:D:/UE_4.27/FeaturePacks/TP_2DSideScroller.upack)
[2022.12.31-19.07.45:124][  0]LogPakFile: OnPakFileMounted2Time == 0.000480
[2022.12.31-19.07.45:125][  0]LogPakFile: PakFile PrimaryIndexSize=192
[2022.12.31-19.07.45:125][  0]LogPakFile: PakFile PathHashIndexSize=101
[2022.12.31-19.07.45:126][  0]LogPakFile: PakFile FullDirectoryIndexSize=158
[2022.12.31-19.07.45:126][  0]LogShaderLibrary: Display: ShaderCodeLibraryPakFileMountedCallback: PakFile 'D:/UE_4.27/FeaturePacks/TP_2DSideScrollerBP.upack' (chunk index -1, root 'root:/') mounted
[2022.12.31-19.07.45:126][  0]LogShaderLibrary: Display: ShaderCodeLibraryPakFileMountedCallback: pending pak file info (ChunkID:-1 Root:root:/ File:D:/UE_4.27/FeaturePacks/TP_2DSideScrollerBP.upack)
[2022.12.31-19.07.45:126][  0]LogPakFile: OnPakFileMounted2Time == 0.000175
[2022.12.31-19.07.45:127][  0]LogPakFile: PakFile PrimaryIndexSize=182
[2022.12.31-19.07.45:127][  0]LogPakFile: PakFile PathHashIndexSize=101
[2022.12.31-19.07.45:127][  0]LogPakFile: PakFile FullDirectoryIndexSize=138
[2022.12.31-19.07.45:127][  0]LogShaderLibrary: Display: ShaderCodeLibraryPakFileMountedCallback: PakFile 'D:/UE_4.27/FeaturePacks/TP_Flying.upack' (chunk index -1, root 'root:/') mounted
[2022.12.31-19.07.45:127][  0]LogShaderLibrary: Display: ShaderCodeLibraryPakFileMountedCallback: pending pak file info (ChunkID:-1 Root:root:/ File:D:/UE_4.27/FeaturePacks/TP_Flying.upack)
[2022.12.31-19.07.45:127][  0]LogPakFile: OnPakFileMounted2Time == 0.000290
[2022.12.31-19.07.45:128][  0]LogPakFile: PakFile PrimaryIndexSize=184
[2022.12.31-19.07.45:128][  0]LogPakFile: PakFile PathHashIndexSize=101
[2022.12.31-19.07.45:128][  0]LogPakFile: PakFile FullDirectoryIndexSize=142
[2022.12.31-19.07.45:129][  0]LogShaderLibrary: Display: ShaderCodeLibraryPakFileMountedCallback: PakFile 'D:/UE_4.27/FeaturePacks/TP_FlyingBP.upack' (chunk index -1, root 'root:/') mounted
[2022.12.31-19.07.45:129][  0]LogShaderLibrary: Display: ShaderCodeLibraryPakFileMountedCallback: pending pak file info (ChunkID:-1 Root:root:/ File:D:/UE_4.27/FeaturePacks/TP_FlyingBP.upack)
[2022.12.31-19.07.45:129][  0]LogPakFile: OnPakFileMounted2Time == 0.000385
[2022.12.31-19.07.45:130][  0]LogPakFile: PakFile PrimaryIndexSize=188
[2022.12.31-19.07.45:130][  0]LogPakFile: PakFile PathHashIndexSize=101
[2022.12.31-19.07.45:130][  0]LogPakFile: PakFile FullDirectoryIndexSize=150
[2022.12.31-19.07.45:131][  0]LogShaderLibrary: Display: ShaderCodeLibraryPakFileMountedCallback: PakFile 'D:/UE_4.27/FeaturePacks/TP_HandheldARBP.upack' (chunk index -1, root 'root:/') mounted
[2022.12.31-19.07.45:131][  0]LogShaderLibrary: Display: ShaderCodeLibraryPakFileMountedCallback: pending pak file info (ChunkID:-1 Root:root:/ File:D:/UE_4.27/FeaturePacks/TP_HandheldARBP.upack)
[2022.12.31-19.07.45:131][  0]LogPakFile: OnPakFileMounted2Time == 0.000371
[2022.12.31-19.07.45:132][  0]LogPakFile: PakFile PrimaryIndexSize=182
[2022.12.31-19.07.45:132][  0]LogPakFile: PakFile PathHashIndexSize=101
[2022.12.31-19.07.45:132][  0]LogPakFile: PakFile FullDirectoryIndexSize=138
[2022.12.31-19.07.45:133][  0]LogShaderLibrary: Display: ShaderCodeLibraryPakFileMountedCallback: PakFile 'D:/UE_4.27/FeaturePacks/TP_Puzzle.upack' (chunk index -1, root 'root:/') mounted
[2022.12.31-19.07.45:133][  0]LogShaderLibrary: Display: ShaderCodeLibraryPakFileMountedCallback: pending pak file info (ChunkID:-1 Root:root:/ File:D:/UE_4.27/FeaturePacks/TP_Puzzle.upack)
[2022.12.31-19.07.45:133][  0]LogPakFile: OnPakFileMounted2Time == 0.000315
[2022.12.31-19.07.45:134][  0]LogPakFile: PakFile PrimaryIndexSize=184
[2022.12.31-19.07.45:134][  0]LogPakFile: PakFile PathHashIndexSize=101
[2022.12.31-19.07.45:134][  0]LogPakFile: PakFile FullDirectoryIndexSize=142
[2022.12.31-19.07.45:134][  0]LogShaderLibrary: Display: ShaderCodeLibraryPakFileMountedCallback: PakFile 'D:/UE_4.27/FeaturePacks/TP_PuzzleBP.upack' (chunk index -1, root 'root:/') mounted
[2022.12.31-19.07.45:134][  0]LogShaderLibrary: Display: ShaderCodeLibraryPakFileMountedCallback: pending pak file info (ChunkID:-1 Root:root:/ File:D:/UE_4.27/FeaturePacks/TP_PuzzleBP.upack)
[2022.12.31-19.07.45:135][  0]LogPakFile: OnPakFileMounted2Time == 0.000272
[2022.12.31-19.07.45:135][  0]LogPakFile: PakFile PrimaryIndexSize=183
[2022.12.31-19.07.45:135][  0]LogPakFile: PakFile PathHashIndexSize=101
[2022.12.31-19.07.45:135][  0]LogPakFile: PakFile FullDirectoryIndexSize=140
[2022.12.31-19.07.45:135][  0]LogShaderLibrary: Display: ShaderCodeLibraryPakFileMountedCallback: PakFile 'D:/UE_4.27/FeaturePacks/TP_Rolling.upack' (chunk index -1, root 'root:/') mounted
[2022.12.31-19.07.45:135][  0]LogShaderLibrary: Display: ShaderCodeLibraryPakFileMountedCallback: pending pak file info (ChunkID:-1 Root:root:/ File:D:/UE_4.27/FeaturePacks/TP_Rolling.upack)
[2022.12.31-19.07.45:136][  0]LogPakFile: OnPakFileMounted2Time == 0.000303
[2022.12.31-19.07.45:136][  0]LogPakFile: PakFile PrimaryIndexSize=185
[2022.12.31-19.07.45:136][  0]LogPakFile: PakFile PathHashIndexSize=101
[2022.12.31-19.07.45:136][  0]LogPakFile: PakFile FullDirectoryIndexSize=144
[2022.12.31-19.07.45:136][  0]LogShaderLibrary: Display: ShaderCodeLibraryPakFileMountedCallback: PakFile 'D:/UE_4.27/FeaturePacks/TP_RollingBP.upack' (chunk index -1, root 'root:/') mounted
[2022.12.31-19.07.45:137][  0]LogShaderLibrary: Display: ShaderCodeLibraryPakFileMountedCallback: pending pak file info (ChunkID:-1 Root:root:/ File:D:/UE_4.27/FeaturePacks/TP_RollingBP.upack)
[2022.12.31-19.07.45:137][  0]LogPakFile: OnPakFileMounted2Time == 0.000344
[2022.12.31-19.07.45:137][  0]LogPakFile: PakFile PrimaryIndexSize=188
[2022.12.31-19.07.45:137][  0]LogPakFile: PakFile PathHashIndexSize=101
[2022.12.31-19.07.45:138][  0]LogPakFile: PakFile FullDirectoryIndexSize=150
[2022.12.31-19.07.45:138][  0]LogShaderLibrary: Display: ShaderCodeLibraryPakFileMountedCallback: PakFile 'D:/UE_4.27/FeaturePacks/TP_SideScroller.upack' (chunk index -1, root 'root:/') mounted
[2022.12.31-19.07.45:138][  0]LogShaderLibrary: Display: ShaderCodeLibraryPakFileMountedCallback: pending pak file info (ChunkID:-1 Root:root:/ File:D:/UE_4.27/FeaturePacks/TP_SideScroller.upack)
[2022.12.31-19.07.45:138][  0]LogPakFile: OnPakFileMounted2Time == 0.000402
[2022.12.31-19.07.45:139][  0]LogPakFile: PakFile PrimaryIndexSize=190
[2022.12.31-19.07.45:139][  0]LogPakFile: PakFile PathHashIndexSize=101
[2022.12.31-19.07.45:139][  0]LogPakFile: PakFile FullDirectoryIndexSize=154
[2022.12.31-19.07.45:139][  0]LogShaderLibrary: Display: ShaderCodeLibraryPakFileMountedCallback: PakFile 'D:/UE_4.27/FeaturePacks/TP_SideScrollerBP.upack' (chunk index -1, root 'root:/') mounted
[2022.12.31-19.07.45:139][  0]LogShaderLibrary: Display: ShaderCodeLibraryPakFileMountedCallback: pending pak file info (ChunkID:-1 Root:root:/ File:D:/UE_4.27/FeaturePacks/TP_SideScrollerBP.upack)
[2022.12.31-19.07.45:139][  0]LogPakFile: OnPakFileMounted2Time == 0.000273
[2022.12.31-19.07.45:140][  0]LogPakFile: PakFile PrimaryIndexSize=187
[2022.12.31-19.07.45:140][  0]LogPakFile: PakFile PathHashIndexSize=101
[2022.12.31-19.07.45:140][  0]LogPakFile: PakFile FullDirectoryIndexSize=148
[2022.12.31-19.07.45:140][  0]LogShaderLibrary: Display: ShaderCodeLibraryPakFileMountedCallback: PakFile 'D:/UE_4.27/FeaturePacks/TP_ThirdPerson.upack' (chunk index -1, root 'root:/') mounted
[2022.12.31-19.07.45:140][  0]LogShaderLibrary: Display: ShaderCodeLibraryPakFileMountedCallback: pending pak file info (ChunkID:-1 Root:root:/ File:D:/UE_4.27/FeaturePacks/TP_ThirdPerson.upack)
[2022.12.31-19.07.45:141][  0]LogPakFile: OnPakFileMounted2Time == 0.000234
[2022.12.31-19.07.45:141][  0]LogPakFile: PakFile PrimaryIndexSize=189
[2022.12.31-19.07.45:141][  0]LogPakFile: PakFile PathHashIndexSize=101
[2022.12.31-19.07.45:141][  0]LogPakFile: PakFile FullDirectoryIndexSize=152
[2022.12.31-19.07.45:141][  0]LogShaderLibrary: Display: ShaderCodeLibraryPakFileMountedCallback: PakFile 'D:/UE_4.27/FeaturePacks/TP_ThirdPersonBP.upack' (chunk index -1, root 'root:/') mounted
[2022.12.31-19.07.45:141][  0]LogShaderLibrary: Display: ShaderCodeLibraryPakFileMountedCallback: pending pak file info (ChunkID:-1 Root:root:/ File:D:/UE_4.27/FeaturePacks/TP_ThirdPersonBP.upack)
[2022.12.31-19.07.45:141][  0]LogPakFile: OnPakFileMounted2Time == 0.000157
[2022.12.31-19.07.45:142][  0]LogPakFile: PakFile PrimaryIndexSize=183
[2022.12.31-19.07.45:142][  0]LogPakFile: PakFile PathHashIndexSize=101
[2022.12.31-19.07.45:142][  0]LogPakFile: PakFile FullDirectoryIndexSize=140
[2022.12.31-19.07.45:142][  0]LogShaderLibrary: Display: ShaderCodeLibraryPakFileMountedCallback: PakFile 'D:/UE_4.27/FeaturePacks/TP_TopDown.upack' (chunk index -1, root 'root:/') mounted
[2022.12.31-19.07.45:142][  0]LogShaderLibrary: Display: ShaderCodeLibraryPakFileMountedCallback: pending pak file info (ChunkID:-1 Root:root:/ File:D:/UE_4.27/FeaturePacks/TP_TopDown.upack)
[2022.12.31-19.07.45:142][  0]LogPakFile: OnPakFileMounted2Time == 0.000135
[2022.12.31-19.07.45:143][  0]LogPakFile: PakFile PrimaryIndexSize=185
[2022.12.31-19.07.45:143][  0]LogPakFile: PakFile PathHashIndexSize=101
[2022.12.31-19.07.45:143][  0]LogPakFile: PakFile FullDirectoryIndexSize=144
[2022.12.31-19.07.45:143][  0]LogShaderLibrary: Display: ShaderCodeLibraryPakFileMountedCallback: PakFile 'D:/UE_4.27/FeaturePacks/TP_TopDownBP.upack' (chunk index -1, root 'root:/') mounted
[2022.12.31-19.07.45:143][  0]LogShaderLibrary: Display: ShaderCodeLibraryPakFileMountedCallback: pending pak file info (ChunkID:-1 Root:root:/ File:D:/UE_4.27/FeaturePacks/TP_TopDownBP.upack)
[2022.12.31-19.07.45:143][  0]LogPakFile: OnPakFileMounted2Time == 0.000219
[2022.12.31-19.07.45:143][  0]LogPakFile: PakFile PrimaryIndexSize=185
[2022.12.31-19.07.45:144][  0]LogPakFile: PakFile PathHashIndexSize=101
[2022.12.31-19.07.45:144][  0]LogPakFile: PakFile FullDirectoryIndexSize=144
[2022.12.31-19.07.45:144][  0]LogShaderLibrary: Display: ShaderCodeLibraryPakFileMountedCallback: PakFile 'D:/UE_4.27/FeaturePacks/TP_TwinStick.upack' (chunk index -1, root 'root:/') mounted
[2022.12.31-19.07.45:144][  0]LogShaderLibrary: Display: ShaderCodeLibraryPakFileMountedCallback: pending pak file info (ChunkID:-1 Root:root:/ File:D:/UE_4.27/FeaturePacks/TP_TwinStick.upack)
[2022.12.31-19.07.45:144][  0]LogPakFile: OnPakFileMounted2Time == 0.000167
[2022.12.31-19.07.45:144][  0]LogPakFile: PakFile PrimaryIndexSize=187
[2022.12.31-19.07.45:145][  0]LogPakFile: PakFile PathHashIndexSize=101
[2022.12.31-19.07.45:145][  0]LogPakFile: PakFile FullDirectoryIndexSize=148
[2022.12.31-19.07.45:145][  0]LogShaderLibrary: Display: ShaderCodeLibraryPakFileMountedCallback: PakFile 'D:/UE_4.27/FeaturePacks/TP_TwinStickBP.upack' (chunk index -1, root 'root:/') mounted
[2022.12.31-19.07.45:145][  0]LogShaderLibrary: Display: ShaderCodeLibraryPakFileMountedCallback: pending pak file info (ChunkID:-1 Root:root:/ File:D:/UE_4.27/FeaturePacks/TP_TwinStickBP.upack)
[2022.12.31-19.07.45:145][  0]LogPakFile: OnPakFileMounted2Time == 0.000167
[2022.12.31-19.07.45:145][  0]LogPakFile: PakFile PrimaryIndexSize=183
[2022.12.31-19.07.45:146][  0]LogPakFile: PakFile PathHashIndexSize=101
[2022.12.31-19.07.45:146][  0]LogPakFile: PakFile FullDirectoryIndexSize=140
[2022.12.31-19.07.45:146][  0]LogShaderLibrary: Display: ShaderCodeLibraryPakFileMountedCallback: PakFile 'D:/UE_4.27/FeaturePacks/TP_Vehicle.upack' (chunk index -1, root 'root:/') mounted
[2022.12.31-19.07.45:146][  0]LogShaderLibrary: Display: ShaderCodeLibraryPakFileMountedCallback: pending pak file info (ChunkID:-1 Root:root:/ File:D:/UE_4.27/FeaturePacks/TP_Vehicle.upack)
[2022.12.31-19.07.45:146][  0]LogPakFile: OnPakFileMounted2Time == 0.000105
[2022.12.31-19.07.45:146][  0]LogPakFile: PakFile PrimaryIndexSize=186
[2022.12.31-19.07.45:146][  0]LogPakFile: PakFile PathHashIndexSize=101
[2022.12.31-19.07.45:147][  0]LogPakFile: PakFile FullDirectoryIndexSize=146
[2022.12.31-19.07.45:147][  0]LogShaderLibrary: Display: ShaderCodeLibraryPakFileMountedCallback: PakFile 'D:/UE_4.27/FeaturePacks/TP_VehicleAdv.upack' (chunk index -1, root 'root:/') mounted
[2022.12.31-19.07.45:147][  0]LogShaderLibrary: Display: ShaderCodeLibraryPakFileMountedCallback: pending pak file info (ChunkID:-1 Root:root:/ File:D:/UE_4.27/FeaturePacks/TP_VehicleAdv.upack)
[2022.12.31-19.07.45:147][  0]LogPakFile: OnPakFileMounted2Time == 0.000108
[2022.12.31-19.07.45:147][  0]LogPakFile: PakFile PrimaryIndexSize=188
[2022.12.31-19.07.45:147][  0]LogPakFile: PakFile PathHashIndexSize=101
[2022.12.31-19.07.45:147][  0]LogPakFile: PakFile FullDirectoryIndexSize=150
[2022.12.31-19.07.45:148][  0]LogShaderLibrary: Display: ShaderCodeLibraryPakFileMountedCallback: PakFile 'D:/UE_4.27/FeaturePacks/TP_VehicleAdvBP.upack' (chunk index -1, root 'root:/') mounted
[2022.12.31-19.07.45:148][  0]LogShaderLibrary: Display: ShaderCodeLibraryPakFileMountedCallback: pending pak file info (ChunkID:-1 Root:root:/ File:D:/UE_4.27/FeaturePacks/TP_VehicleAdvBP.upack)
[2022.12.31-19.07.45:148][  0]LogPakFile: OnPakFileMounted2Time == 0.000180
[2022.12.31-19.07.45:148][  0]LogPakFile: PakFile PrimaryIndexSize=185
[2022.12.31-19.07.45:148][  0]LogPakFile: PakFile PathHashIndexSize=101
[2022.12.31-19.07.45:148][  0]LogPakFile: PakFile FullDirectoryIndexSize=144
[2022.12.31-19.07.45:148][  0]LogShaderLibrary: Display: ShaderCodeLibraryPakFileMountedCallback: PakFile 'D:/UE_4.27/FeaturePacks/TP_VehicleBP.upack' (chunk index -1, root 'root:/') mounted
[2022.12.31-19.07.45:148][  0]LogShaderLibrary: Display: ShaderCodeLibraryPakFileMountedCallback: pending pak file info (ChunkID:-1 Root:root:/ File:D:/UE_4.27/FeaturePacks/TP_VehicleBP.upack)
[2022.12.31-19.07.45:149][  0]LogPakFile: OnPakFileMounted2Time == 0.000134
[2022.12.31-19.07.45:149][  0]LogPakFile: PakFile PrimaryIndexSize=192
[2022.12.31-19.07.45:149][  0]LogPakFile: PakFile PathHashIndexSize=101
[2022.12.31-19.07.45:149][  0]LogPakFile: PakFile FullDirectoryIndexSize=158
[2022.12.31-19.07.45:149][  0]LogShaderLibrary: Display: ShaderCodeLibraryPakFileMountedCallback: PakFile 'D:/UE_4.27/FeaturePacks/TP_VirtualRealityBP.upack' (chunk index -1, root 'root:/') mounted
[2022.12.31-19.07.45:149][  0]LogShaderLibrary: Display: ShaderCodeLibraryPakFileMountedCallback: pending pak file info (ChunkID:-1 Root:root:/ File:D:/UE_4.27/FeaturePacks/TP_VirtualRealityBP.upack)
[2022.12.31-19.07.45:149][  0]LogPakFile: OnPakFileMounted2Time == 0.000127
[2022.12.31-19.07.45:169][  0]LogNativeClassHierarchy: Verbose: Native class hierarchy updated for 'AddContentDialog' in 0.0003 seconds. Added 0 classes and 0 folders.
[2022.12.31-19.07.45:170][  0]LogNativeClassHierarchy: Verbose: Native class hierarchy updated for 'SceneOutliner' in 0.0002 seconds. Added 2 classes and 0 folders.
[2022.12.31-19.07.45:235][  0]LogSlate: Took 0.000103 seconds to synchronously load lazily loaded font '../../../Engine/Content/Slate/Fonts/Roboto-Regular.ttf' (155K)
[2022.12.31-19.07.45:236][  0]LogSlate: Took 0.000103 seconds to synchronously load lazily loaded font '../../../Engine/Content/Editor/Slate/Fonts/FontAwesome.ttf' (139K)
[2022.12.31-19.07.45:237][  0]LogSlate: Took 0.000077 seconds to synchronously load lazily loaded font '../../../Engine/Content/Slate/Fonts/Roboto-Bold.ttf' (160K)
[2022.12.31-19.07.45:314][  0]LogRenderer: Reallocating scene render targets to support 696x428 Format 10 NumSamples 1 (Frame:1).
[2022.12.31-19.07.45:372][  0]LogSlate: Took 0.000139 seconds to synchronously load lazily loaded font '../../../Engine/Content/Slate/Fonts/Roboto-Light.ttf' (167K)
[2022.12.31-19.07.45:455][  0]LogNativeClassHierarchy: Verbose: Native class hierarchy updated for 'HierarchicalLODOutliner' in 0.0003 seconds. Added 0 classes and 0 folders.
[2022.12.31-19.07.45:455][  0]LogLoad: (Engine Initialization) Total time: 9.54 seconds
[2022.12.31-19.07.45:455][  0]LogLoad: (Engine Initialization) Total Blueprint compile time: 0.00 seconds
[2022.12.31-19.07.45:502][  0]LogAssetRegistry: Asset discovery search completed in 5.8489 seconds
[2022.12.31-19.07.45:507][  0]LogCollectionManager: Fixed up redirectors for 0 collections in 0.000017 seconds (updated 0 objects)
[2022.12.31-19.07.45:509][  0]LogContentStreaming: Texture pool size now 1000 MB
[2022.12.31-19.07.50:607][302]LogUObjectHash: Compacting FUObjectHashTables data took   0.73ms
[2022.12.31-19.07.50:618][302]LogSlate: Took 0.000212 seconds to synchronously load lazily loaded font '../../../Engine/Content/Slate/Fonts/Roboto-Light.ttf' (167K)
[2022.12.31-19.07.50:665][302]LogAssetEditorSubsystem: Opening Asset editor for World /Game/Maps/MainMap.MainMap
[2022.12.31-19.07.50:666][302]Cmd: MAP LOAD FILE="../../../../_UnrealProjects/Unreal_EnhancedCityBuilderGame/EnhancedCityBuilder/Content/Maps/MainMap.umap" TEMPLATE=0 SHOWPROGRESS=1 FEATURELEVEL=3
[2022.12.31-19.07.50:666][302]LightingResults: New page: Lighting Build
[2022.12.31-19.07.50:667][302]LoadErrors: New page: Loading map: MainMap.umap
[2022.12.31-19.07.50:669][302]LogWorld: UWorld::CleanupWorld for Untitled_1, bSessionEnded=true, bCleanupResources=true
[2022.12.31-19.07.50:670][302]LogSlate: InvalidateAllWidgets triggered.  All widgets were invalidated
[2022.12.31-19.07.50:670][302]MapCheck: New page: Map Check
[2022.12.31-19.07.50:671][302]LightingResults: New page: Lighting Build
[2022.12.31-19.07.50:676][302]LogAudio: Display: Audio Device unregistered from world 'None'.
[2022.12.31-19.07.50:682][302]LogUObjectHash: Compacting FUObjectHashTables data took   0.91ms
[2022.12.31-19.07.50:683][302]LogAudio: Display: Audio Device (ID: 1) registered with world 'MainMap'.
[2022.12.31-19.07.50:687][302]LogEditorServer: Finished looking for orphan Actors (0.000 secs)
[2022.12.31-19.07.50:687][302]LogAIModule: Creating AISystem for world MainMap
[2022.12.31-19.07.50:695][302]LogUObjectHash: Compacting FUObjectHashTables data took   0.51ms
[2022.12.31-19.07.50:704][302]Cmd: MAP CHECKDEP NOCLEARLOG
[2022.12.31-19.07.50:704][302]MapCheck: Map check complete: 0 Error(s), 0 Warning(s), took 0.108ms to complete.
[2022.12.31-19.07.50:705][302]LogFileHelpers: Loading map 'MainMap' took 0.038
[2022.12.31-19.07.53:567][470]LogTemp: Repeating last play command: Selected Viewport
[2022.12.31-19.07.53:575][470]LogPlayLevel: PlayLevel: No blueprints needed recompiling
[2022.12.31-19.07.53:576][470]PIE: New page: PIE session: MainMap (Dec 31, 2022, 11:07:53 PM)
[2022.12.31-19.07.53:580][470]LogOnline: OSS: Creating online subsystem instance for: NULL
[2022.12.31-19.07.53:583][470]LogOnline: OSS: TryLoadSubsystemAndSetDefault: Loaded subsystem for module [NULL]
[2022.12.31-19.07.53:584][470]LogPlayLevel: Creating play world package: /Game/Maps/UEDPIE_0_MainMap
[2022.12.31-19.07.53:586][470]LogPlayLevel: PIE: StaticDuplicateObject took: (0.002314s)
[2022.12.31-19.07.53:588][470]LogAIModule: Creating AISystem for world MainMap
[2022.12.31-19.07.53:589][470]LogPlayLevel: PIE: World Init took: (0.002005s)
[2022.12.31-19.07.53:589][470]LogPlayLevel: PIE: Created PIE world by copying editor world from /Game/Maps/MainMap.MainMap to /Game/Maps/UEDPIE_0_MainMap.MainMap (0.005260s)
[2022.12.31-19.07.53:596][470]LogUObjectHash: Compacting FUObjectHashTables data took   0.41ms
[2022.12.31-19.07.53:597][470]LogAudio: Display: Creating Audio Device:                 Id: 2, Scope: Unique, Realtime: True
[2022.12.31-19.07.53:598][470]LogAudioMixer: Display: Audio Mixer Platform Settings:
[2022.12.31-19.07.53:598][470]LogAudioMixer: Display: 	Sample Rate:						  48000
[2022.12.31-19.07.53:598][470]LogAudioMixer: Display: 	Callback Buffer Frame Size Requested: 1024
[2022.12.31-19.07.53:599][470]LogAudioMixer: Display: 	Callback Buffer Frame Size To Use:	  1024
[2022.12.31-19.07.53:599][470]LogAudioMixer: Display: 	Number of buffers to queue:			  2
[2022.12.31-19.07.53:599][470]LogAudioMixer: Display: 	Max Channels (voices):				  32
[2022.12.31-19.07.53:600][470]LogAudioMixer: Display: 	Number of Async Source Workers:		  0
[2022.12.31-19.07.53:600][470]LogAudio: Display: AudioDevice MaxSources: 32
[2022.12.31-19.07.53:601][470]LogAudio: Display: Audio Spatialization Plugin: None (built-in).
[2022.12.31-19.07.53:601][470]LogAudio: Display: Audio Reverb Plugin: None (built-in).
[2022.12.31-19.07.53:602][470]LogAudio: Display: Audio Occlusion Plugin: None (built-in).
[2022.12.31-19.07.53:602][470]LogAudioMixer: Display: Initializing audio mixer.
[2022.12.31-19.07.53:604][470]LogAudioMixer: Display: 0: FrontLeft
[2022.12.31-19.07.53:605][470]LogAudioMixer: Display: 1: FrontRight
[2022.12.31-19.07.53:635][470]LogAudioMixer: Display: Using Audio Device Speakers (Realtek(R) Audio)
[2022.12.31-19.07.53:636][470]LogAudioMixer: Display: Initializing Sound Submixes...
[2022.12.31-19.07.53:636][470]LogAudioMixer: Display: Creating Master Submix 'MasterSubmixDefault'
[2022.12.31-19.07.53:637][470]LogAudioMixer: Display: Creating Master Submix 'MasterReverbSubmixDefault'
[2022.12.31-19.07.53:638][470]LogAudioMixer: Display: Creating Master Submix 'MasterEQSubmixDefault'
[2022.12.31-19.07.53:638][470]LogAudioMixer: FMixerPlatformXAudio2::StartAudioStream() called
[2022.12.31-19.07.53:638][470]LogAudioMixer: Display: Output buffers initialized: Frames=1024, Channels=2, Samples=2048
[2022.12.31-19.07.53:642][470]LogAudioMixer: Display: Starting AudioMixerPlatformInterface::RunInternal()
[2022.12.31-19.07.53:642][470]LogAudioMixer: Display: FMixerPlatformXAudio2::SubmitBuffer() called for the first time
[2022.12.31-19.07.53:642][470]LogInit: FAudioDevice initialized.
[2022.12.31-19.07.53:643][470]LogAudio: Display: Audio Device (ID: 2) registered with world 'MainMap'.
[2022.12.31-19.07.53:667][470]LogLoad: Game class is 'MainGameModeBP_C'
[2022.12.31-19.07.53:669][470]LogWorld: Bringing World /Game/Maps/UEDPIE_0_MainMap.MainMap up for play (max tick rate 60) at 2022.12.31-21.07.53
[2022.12.31-19.07.53:670][470]LogWorld: Bringing up level for play took: 0.000841
[2022.12.31-19.07.53:671][470]LogOnline: OSS: Creating online subsystem instance for: :Context_1
[2022.12.31-19.07.53:675][470]LogNativeClassHierarchy: Verbose: Native class hierarchy updated for 'MovieSceneCapture' in 0.0003 seconds. Added 20 classes and 0 folders.
[2022.12.31-19.07.53:677][470]PIE: Server logged in
[2022.12.31-19.07.53:677][470]PIE: Play in editor total start time 0.103 seconds.
